
            /|      /|                        \   
           / |     / | ________________________\  
          /  |    /  |  _   _             _   _   
         /   |   /   | / \ / \ |\     /| / \ / \  
        /    |  /    | \_/ \_  | \   / | \_/ |_/  
       /     | /     | /     \ |  \ /  | /   | \  
    \_/      |/      | \_/ \_/ |   V   | \_/ |  \ 

     Mesmer: Master Equation Solver for Multi-Energy well Reactions
     Mesmer v7.0 compiled: -- Mar 12 2023 -- 16:52:21

     Copyright (C) 2009-2022 by
     Struan H. Robertson, Chris Morley, Chi-Hsiu Liang,
     David R. Glowacki, Michael J. Pilling and contributors

     Mesmer is free software: you can redistribute it and/or modify
     it under the terms of the GNU Public License as published by
     the Free Software Foundation, either version 2 of the License,
     or (at your option) any later version.

     But WITHOUT ANY WARRANTY; without even the implied warranty of
     MERCHANTABILITY or FITNESS FOR A PARTICULAR PURPOSE.  See the
     GNU Public License for more details.

    You should have received a copy of the GNU Public License
    along with Mesmer.  If not, see <http://www.gnu.org/licenses/>.

                     Platform:        Linux
                     Execution Date:  Sun Mar 12 17:10:30 2023
                     Number of ranks: 12

defaults.xml, librarymols.xml are in ../..

Parsing input xml file...
Chebyshev.xml

--Parse data for analyticalRepresentation
Energy convention "" written to <moleculeList>
In R1: Parsing reaction...Association reaction
In CH3OCH2: WARNING: When calculating frequencies from a Hessian it is critical
     that the Hessian and species coordinates are expressed relative to
     the same Cartesian coordinate system.
In CH3OCH2: Vibrational frequencies (cm-1) were calculated from Hessian:
  169.672 287.888 439.421 568.322 1021.55 1155.2 1192.08 1282.47 1343.7 1471.44 
  1500.2 1508.72 1523.12 3088.04 3165.17 3197.22 3233.15 3356.85 
In CH3OCH2: The default value of me:DOSCMethod was used.
In CH3OCH2: Hindered rotor b5
In CH3OCH2: Hindered rotor b4
In CH3OCH2: WARNING: The Fourier expansion for the internal rotor potential for bond b4 of 
In CH3OCH2: species CH3OCH2, differs at the minimum from the value entered by more than 20 cm-1.
In CH3OCH2: More terms in the Fourier expansion may be needed.
In IM1: WARNING: When calculating frequencies from a Hessian it is critical
     that the Hessian and species coordinates are expressed relative to
     the same Cartesian coordinate system.
In IM1: Vibrational frequencies (cm-1) were calculated from Hessian:
  91.8598 128.883 187.165 391.187 483.297 594.928 938.428 1012.93 1151.6 1194.73 
  1218.54 1282.75 1305.74 1357.96 1435.01 1483.25 1499.22 1510.87 1516.91 3096.22 
  3126.84 3182.05 3236.78 3239.2 
In IM1: Hindered rotor b5
In IM1: Hindered rotor b4
In IM1: Hindered rotor b8
In IM1: The default value of me:DistributionCalcMethod was used.
In IM1: --Parse data for Boltzmann
In IM1: --Parse data for ExponentialDown
In R1: --Parse data for MesmerILT
In R1: No tunneling method used for R1
In R2: Parsing reaction...Isomerization reaction
In IM2: WARNING: When calculating frequencies from a Hessian it is critical
     that the Hessian and species coordinates are expressed relative to
     the same Cartesian coordinate system.
In IM2: Vibrational frequencies (cm-1) were calculated from Hessian:
  108.18 163.087 250.225 340.045 406.842 467.08 628.242 646.487 972.437 1023.15 
  1130.32 1157.25 1251.69 1298.98 1363.23 1436 1468.44 1480.03 1513.69 3124.8 
  3200.84 3231.89 3360.58 3889.55 
In IM2: Hindered rotor b1
In IM2: Hindered rotor b2
In IM2: Hindered rotor b3
In IM2: Hindered rotor b4
In IM2: The default value of me:DistributionCalcMethod was used.
In IM2: --Parse data for Boltzmann
In IM2: --Parse data for ExponentialDown
In R2: --Parse data for RRKM
In R2: --Parse data for Eckart
In R3: Parsing reaction...Irreversible unimolecular reaction
In CH2O: Could not find CH2O in ../../librarymols.xml
In TS5: WARNING: When calculating frequencies from a Hessian it is critical
     that the Hessian and species coordinates are expressed relative to
     the same Cartesian coordinate system.
In TS5: Vibrational frequencies (cm-1) were calculated from Hessian:
  78.8008 155.797 210.383 316.503 401.876 532.348 560.927 656.949 928.231 952.154 
  977.833 1200.77 1243.63 1249.83 1361.65 1485.15 1520.63 1587.51 3088.36 3195.55 
  3209.98 3361.1 3759.25 
In TS5: The default value of me:DOSCMethod was used.
In TS5: Hindered rotor b1
In TS5: Hindered rotor b2
In TS5: Hindered rotor b3
In R3: --Parse data for RRKM
In R3: No tunneling method used for R3
In R4: Parsing reaction...Irreversible unimolecular reaction
In R4: --Parse data for RRKM
In R4: No tunneling method used for R4
In R5: Parsing reaction...Irreversible unimolecular reaction
In cycCH2OCH2O: Could not find cycCH2OCH2O in ../../librarymols.xml
In R5: --Parse data for RRKM
In R5: No tunneling method used for R5
No pressure and temperature specified.
Write metadata 20230312_171030

File: "Chebyshev.xml" successfully parsed.
Main Calculation begins
Now calculating...

--Execute calcMethod analyticalRepresentation
In CH2O: Neither chemical structure nor Molecular Weight as an XML property were provided.
In CH2O: Cannot find me:vibFreqs or me:hessian. Assuming an atom or a sink molecule.
In CH2O: No rotational constants from <me:rotConsts> or structure. Assuming an atom or a sink molecule.
In CH2O: The default value of me:DOSCMethod was used.
In CH2O: The default value of the attribute spinMultiplicity was used.
gDensityOfStates initialization failed.
Restricted thermo output for CH2O because it has arbitrary energy data.
In CH3OCH2: energy cannot be converted from arbitrary to thermodynamic298K
enthalpy of formation at 298K:Restricted thermo output for CH3OCH2 because it has arbitrary energy data.
In IM1: energy cannot be converted from arbitrary to thermodynamic298K
enthalpy of formation at 298K:Restricted thermo output for IM1 because it has arbitrary energy data.
In IM2: energy cannot be converted from arbitrary to thermodynamic298K
enthalpy of formation at 298K:Restricted thermo output for IM2 because it has arbitrary energy data.
In O2: To mix thermodynamic and computational energies the molecule needs chemical structure (an atomList at least)
In O2: Missing thermo data for atoms
In OH-1: To mix thermodynamic and computational energies the molecule needs chemical structure (an atomList at least)
In OH-1: Missing thermo data for atoms
In OH-2: enthalpy of formation at 298K:enthalpy of formation at 298K:Cannot find me:vibFreqs or me:hessian. Assuming an atom or a sink molecule.
In OH-2: No rotational constants from <me:rotConsts> or structure. Assuming an atom or a sink molecule.
In OH-2: The default value of me:DOSCMethod was used.
In OH-2: The default value of the attribute spinMultiplicity was used.
In OH-2: enthalpy of formation at 298K:Number of grains produced is not equal to that requested for: OH-2
In OH-2: Number of grains requested: 500
In OH-2: Number of grains produced : 1
In OH-2: To mix thermodynamic and computational energies the molecule needs chemical structure (an atomList at least)
In OH-2: Missing thermo data for atoms
Number of grains produced is not equal to that requested for: OH-2
Number of grains requested: 500
Number of grains produced : 1
In OH-3: Cannot find me:vibFreqs or me:hessian. Assuming an atom or a sink molecule.
In OH-3: No rotational constants from <me:rotConsts> or structure. Assuming an atom or a sink molecule.
In OH-3: The default value of me:DOSCMethod was used.
In OH-3: The default value of the attribute spinMultiplicity was used.
In OH-3: enthalpy of formation at 298K:Number of grains produced is not equal to that requested for: OH-3
In OH-3: Number of grains requested: 500
In OH-3: Number of grains produced : 1
In OH-3: To mix thermodynamic and computational energies the molecule needs chemical structure (an atomList at least)
In OH-3: Missing thermo data for atoms
Number of grains produced is not equal to that requested for: OH-3
In cycCH2OCH2O: Neither chemical structure nor Molecular Weight as an XML property were provided.
In cycCH2OCH2O: Cannot find me:vibFreqs or me:hessian. Assuming an atom or a sink molecule.
In cycCH2OCH2O: No rotational constants from <me:rotConsts> or structure. Assuming an atom or a sink molecule.
In cycCH2OCH2O: The default value of me:DOSCMethod was used.
In cycCH2OCH2O: The default value of the attribute spinMultiplicity was used.
gDensityOfStates initialization failed.
Restricted thermo output for cycCH2OCH2O because it has arbitrary energy data.

Bath gas is He
In FastLaplaceConvolution: 4660 values in the FFT convolution routine were replaced by standard convolution
In FastLaplaceConvolution: 3860 values in the FFT convolution routine were replaced by standard convolution
In FastLaplaceConvolution: 10000 values in the FFT convolution routine were replaced by standard convolution

WARNING: Chemically significant eigenvalues (CSE) not well separated from internal energy relaxation eigenvals (IEREs).

The last CSE = -1.89368e+08 and the first IERE = -3.05958e+08
(last CSE)/(first IERE) ratio = 0.618936, which is less than an order of magnitude

Results obtained from Bartis Widom eigenvalue-vector analysis may be unreliable

species(name = "CH2O",
        atoms = "",
        thermo = (
            NASA( [   200.000, 1000.000], [  2.5000000e+00,  -9.7864122e-29, 
                       2.7100394e-31,  -3.1306308e-34,   1.2858695e-37, 
                      -1.1322536e-24,             nan] ),
            NASA( [  1000.000, 1000.000], [  2.5000000e+00,  -9.7864122e-29, 
                       2.7100394e-31,  -3.1306308e-34,   1.2858695e-37, 
                      -1.1322536e-24,             nan] ) ) )

species(name = "CH3OCH2",
        atoms = " C:2   H:5   O:1  ",
        thermo = (
            NASA( [   200.000, 1000.000], [  5.4806843e+00,  -1.3980872e-03, 
                       4.4122782e-05,  -5.3270147e-08,   2.0248982e-11, 
                      -8.6124064e+01,   2.1024890e+00] ),
            NASA( [  1000.000, 1000.000], [  5.4806843e+00,  -1.3980872e-03, 
                       4.4122782e-05,  -5.3270147e-08,   2.0248982e-11, 
                      -8.6124064e+01,   2.1024890e+00] ) ) )

species(name = "IM1",
        atoms = " C:2   H:5   O:3  ",
        thermo = (
            NASA( [   200.000, 1000.000], [  7.7033986e+00,  -7.4542830e-03, 
                       8.4155752e-05,  -1.0681794e-07,   4.2671305e-11, 
                      -1.2385283e+02,  -2.9724642e+00] ),
            NASA( [  1000.000, 1000.000], [  7.7033986e+00,  -7.4542830e-03, 
                       8.4155752e-05,  -1.0681794e-07,   4.2671305e-11, 
                      -1.2385283e+02,  -2.9724642e+00] ) ) )

species(name = "IM2",
        atoms = " C:2   H:5   O:3  ",
        thermo = (
            NASA( [   200.000, 1000.000], [  6.4962237e+00,   1.7498448e-02, 
                       2.0566637e-05,  -4.3850717e-08,   2.0206426e-11, 
                      -1.8468782e+02,  -4.4014510e-02] ),
            NASA( [  1000.000, 1000.000], [  6.4962237e+00,   1.7498448e-02, 
                       2.0566637e-05,  -4.3850717e-08,   2.0206426e-11, 
                      -1.8468782e+02,  -4.4014510e-02] ) ) )

species(name = "O2",
        atoms = "",
        thermo = (
            NASA( [   200.000, 1000.000], [  3.8068565e+00,  -2.7938190e-03, 
                       7.9013121e-06,  -6.8879156e-09,   2.0599979e-12, 
                      -1.0679849e+03,   3.4638726e+00] ),
            NASA( [  1000.000, 1000.000], [  3.8068565e+00,  -2.7938190e-03, 
                       7.9013121e-06,  -6.8879156e-09,   2.0599979e-12, 
                      -1.0679849e+03,   3.4638726e+00] ) ) )

species(name = "OH-1",
        atoms = "",
        thermo = (
            NASA( [   200.000, 1000.000], [  3.4593186e+00,   3.7692766e-04, 
                      -1.1899343e-06,   1.4446299e-09,  -4.6875646e-13, 
                      -1.0402815e+03,   1.6434898e+00] ),
            NASA( [  1000.000, 1000.000], [  3.4593186e+00,   3.7692766e-04, 
                      -1.1899343e-06,   1.4446299e-09,  -4.6875646e-13, 
                      -1.0402815e+03,   1.6434898e+00] ) ) )

species(name = "OH-2",
        atoms = "",
        thermo = (
            NASA( [   200.000, 1000.000], [  2.5000000e+00,   4.4999257e-12, 
                      -1.2488820e-14,   1.4455790e-17,  -5.9479575e-21, 
                      -7.4537500e+02,   5.3644694e+00] ),
            NASA( [  1000.000, 1000.000], [  2.5000000e+00,   4.4999257e-12, 
                      -1.2488820e-14,   1.4455790e-17,  -5.9479575e-21, 
                      -7.4537500e+02,   5.3644694e+00] ) ) )

species(name = "OH-3",
        atoms = "",
        thermo = (
            NASA( [   200.000, 1000.000], [  2.5000000e+00,   4.4999257e-12, 
                      -1.2488820e-14,   1.4455790e-17,  -5.9479575e-21, 
                      -7.4537500e+02,   5.3644694e+00] ),
            NASA( [  1000.000, 1000.000], [  2.5000000e+00,   4.4999257e-12, 
                      -1.2488820e-14,   1.4455790e-17,  -5.9479575e-21, 
                      -7.4537500e+02,   5.3644694e+00] ) ) )

species(name = "cycCH2OCH2O",
        atoms = "",
        thermo = (
            NASA( [   200.000, 1000.000], [  2.5000000e+00,  -9.7864122e-29, 
                       2.7100394e-31,  -3.1306308e-34,   1.2858695e-37, 
                      -1.1322536e-24,             nan] ),
            NASA( [  1000.000, 1000.000], [  2.5000000e+00,  -9.7864122e-29, 
                       2.7100394e-31,  -3.1306308e-34,   1.2858695e-37, 
                      -1.1322536e-24,             nan] ) ) )
units(length = 'cm', quantity = 'molecule')

chebyshev_reaction('CH3OCH2 + O2 => IM1',
                   Tmin=   200, Tmax=  1000,
                   Pmin=( 1e+17, 'PPCC'), Pmax=( 1e+20, 'PPCC'), 
                   coeffs=[[      -12.0812,       1.20292,     -0.398178,     0.0870612],
                           [      -1.08468,      0.625039,     0.0137646,    -0.0618172],
                           [     -0.391286,      0.104314,      0.103503,    -0.0424374],
                           [     -0.127543,    -0.0587439,     0.0830812,    -0.0249069],
                           [    -0.0255028,    -0.0796526,     0.0519734,    -0.0176842],
                           [    0.00662888,    -0.0599223,      0.031717,    -0.0149171]])

chebyshev_reaction('CH3OCH2 + O2 => IM2',
                   Tmin=   200, Tmax=  1000,
                   Pmin=( 1e+17, 'PPCC'), Pmax=( 1e+20, 'PPCC'), 
                   coeffs=[[      -13.3507,      0.858301,     -0.379777,    -0.0559036],
                           [     -0.822827,      0.536462,     0.0216778,     0.0255909],
                           [     -0.430134,       0.27311,    -0.0164292,    -0.0171891],
                           [      -0.22414,      0.107508,        0.0309,    -0.0374172],
                           [    -0.0972276,     0.0109663,     0.0423914,    -0.0106275],
                           [    -0.0375497,    -0.0132907,     0.0170636,     0.0194518]])

chebyshev_reaction('CH3OCH2 + O2 => OH-1 + CH2O + CH2O',
                   Tmin=   200, Tmax=  1000,
                   Pmin=( 1e+17, 'PPCC'), Pmax=( 1e+20, 'PPCC'), 
                   coeffs=[[      -11.8932,     -0.857376,      -0.25309,   -0.00769235],
                           [    -0.0242006,      0.694686,      0.147465,    -0.0181044],
                           [     -0.134058,       0.12503,     0.0567433,    0.00213673],
                           [    -0.0910452,   -0.00178361,     0.0135205,    0.00555259],
                           [    -0.0406975,    -0.0141266,     0.0001297,    0.00345343],
                           [    -0.0145582,   -0.00812263,   -0.00208977,    0.00114578]])

chebyshev_reaction('CH3OCH2 + O2 => OH-2 + CH2O + CH2O',
                   Tmin=   200, Tmax=  1000,
                   Pmin=( 1e+17, 'PPCC'), Pmax=( 1e+20, 'PPCC'), 
                   coeffs=[[       -17.189,     -0.693961,     -0.196471,    -0.0131237],
                           [       1.20992,      0.647614,      0.143686,   -0.00640021],
                           [     0.0192803,     0.0665618,     0.0444026,    0.00772265],
                           [    -0.0414504,    -0.0207713,    0.00441835,    0.00633111],
                           [    -0.0190535,    -0.0161235,   -0.00439732,    0.00167217],
                           [   -0.00496005,   -0.00615187,   -0.00334617,  -0.000455136]])

chebyshev_reaction('CH3OCH2 + O2 => OH-3 + cycCH2OCH2O',
                   Tmin=   200, Tmax=  1000,
                   Pmin=( 1e+17, 'PPCC'), Pmax=( 1e+20, 'PPCC'), 
                   coeffs=[[      -17.8781,     -0.659616,     -0.194646,    -0.0142247],
                           [       1.36129,       0.61514,      0.144627,   -0.00533447],
                           [    0.00888032,      0.065157,     0.0431956,    0.00836282],
                           [    -0.0401363,      -0.02036,    0.00362377,    0.00624872],
                           [    -0.0183878,    -0.0158099,   -0.00458942,    0.00143488],
                           [   -0.00480493,   -0.00591728,   -0.00328511,  -0.000546039]])

chebyshev_reaction('IM1 => CH3OCH2 + O2',
                   Tmin=   200, Tmax=  1000,
                   Pmin=( 1e+17, 'PPCC'), Pmax=( 1e+20, 'PPCC'), 
                   coeffs=[[      -8.57001,       1.20292,     -0.398178,     0.0870612],
                           [       14.1581,      0.625039,     0.0137646,    -0.0618172],
                           [     -0.447439,      0.104314,      0.103503,    -0.0424374],
                           [     -0.156772,    -0.0587439,     0.0830812,    -0.0249069],
                           [    -0.0366442,    -0.0796526,     0.0519734,    -0.0176842],
                           [     0.0032782,    -0.0599223,      0.031717,    -0.0149171]])

chebyshev_reaction('IM1 => IM2',
                   Tmin=   200, Tmax=  1000,
                   Pmin=( 1e+17, 'PPCC'), Pmax=( 1e+20, 'PPCC'), 
                   coeffs=[[      0.200262,      0.393139,    -0.0875201,    0.00163112],
                           [       5.17584,      0.605173,     -0.111719,    -0.0100008],
                           [      0.114904,      0.271592,   -0.00815716,    -0.0262587],
                           [    -0.0914374,     0.0411853,     0.0443525,     -0.024171],
                           [    -0.0555392,     -0.036188,     0.0386982,   -0.00412549],
                           [    -0.0127491,    -0.0311994,     0.0115569,     0.0167726]])

chebyshev_reaction('IM1 => OH-1 + CH2O + CH2O',
                   Tmin=   200, Tmax=  1000,
                   Pmin=( 1e+17, 'PPCC'), Pmax=( 1e+20, 'PPCC'), 
                   coeffs=[[      -4.96035,     -0.101611,     -0.224565,     -0.016818],
                           [       11.3962,      0.753396,      0.061727,   -0.00643442],
                           [     -0.370924,      0.207145,     0.0378058,    0.00473746],
                           [     -0.213192,     0.0096569,     0.0182697,    -0.0014454],
                           [    -0.0779138,    -0.0130577,   -0.00184484,    0.00238862],
                           [    -0.0255866,    0.00883051,    -0.0173021,    0.00803854]])

chebyshev_reaction('IM1 => OH-2 + CH2O + CH2O',
                   Tmin=   200, Tmax=  1000,
                   Pmin=( 1e+17, 'PPCC'), Pmax=( 1e+20, 'PPCC'), 
                   coeffs=[[      -13.6814,       1.47945,     -0.381137,    0.00768566],
                           [       14.4373,      0.631555,   -0.00340965,     0.0121846],
                           [     -0.425378,     0.0237671,      0.289889,     -0.157809],
                           [     -0.218245,    -0.0807258,    -0.0110279,     0.0402952],
                           [     0.0357674,     -0.150128,      0.178097,     -0.113341],
                           [    -0.0366338,     -0.018371,    -0.0591437,     0.0539573]])

chebyshev_reaction('IM1 => OH-3 + cycCH2OCH2O',
                   Tmin=   200, Tmax=  1000,
                   Pmin=( 1e+17, 'PPCC'), Pmax=( 1e+20, 'PPCC'), 
                   coeffs=[[      -14.5779,       1.65635,     -0.400222,    -0.0634014],
                           [       14.6264,      0.564517,   -0.00886582,      0.152398],
                           [     -0.335152,    -0.0195474,      0.341535,     -0.312486],
                           [     -0.256989,     -0.130695,     0.0100819,      0.148124],
                           [     0.0857923,     -0.160598,      0.184033,     -0.205787],
                           [    -0.0387095,    -0.0623503,    -0.0256089,      0.100079]])

chebyshev_reaction('IM2 => CH3OCH2 + O2',
                   Tmin=   200, Tmax=  1000,
                   Pmin=( 1e+17, 'PPCC'), Pmax=( 1e+20, 'PPCC'), 
                   coeffs=[[        -3.732,      0.858301,     -0.379777,    -0.0559036],
                           [         9.791,      0.536462,     0.0216778,     0.0255909],
                           [      -0.60401,       0.27311,    -0.0164292,    -0.0171891],
                           [     -0.278048,      0.107508,        0.0309,    -0.0374172],
                           [     -0.112124,     0.0109663,     0.0423914,    -0.0106275],
                           [    -0.0412083,    -0.0132907,     0.0170636,     0.0194518]])

chebyshev_reaction('IM2 => IM1',
                   Tmin=   200, Tmax=  1000,
                   Pmin=( 1e+17, 'PPCC'), Pmax=( 1e+20, 'PPCC'), 
                   coeffs=[[        6.3077,      0.393139,    -0.0875201,    0.00163112],
                           [       0.54691,      0.605173,     -0.111719,    -0.0100008],
                           [   -0.00281986,      0.271592,   -0.00815716,    -0.0262587],
                           [     -0.116117,     0.0411853,     0.0443525,     -0.024171],
                           [    -0.0592938,     -0.036188,     0.0386982,   -0.00412549],
                           [     -0.013057,    -0.0311994,     0.0115569,     0.0167726]])

chebyshev_reaction('IM2 => OH-1 + CH2O + CH2O',
                   Tmin=   200, Tmax=  1000,
                   Pmin=( 1e+17, 'PPCC'), Pmax=( 1e+20, 'PPCC'), 
                   coeffs=[[      0.808477,       1.00175,    -0.0376805,     -0.116024],
                           [       6.96694,     -0.175791,      0.155988,       0.12798],
                           [     -0.375875,      0.108814,     -0.141382,     0.0842497],
                           [     -0.275113,      0.178657,     -0.107311,    -0.0239901],
                           [     -0.114483,     0.0587463,     0.0203733,    -0.0549494],
                           [  -0.000648082,    -0.0547674,     0.0754734,    -0.0143429]])

chebyshev_reaction('IM2 => OH-2 + CH2O + CH2O',
                   Tmin=   200, Tmax=  1000,
                   Pmin=( 1e+17, 'PPCC'), Pmax=( 1e+20, 'PPCC'), 
                   coeffs=[[      -8.28066,       2.22071,     -0.181408,     0.0563513],
                           [       10.1647,    -0.0984794,     -0.147837,      0.098311],
                           [     -0.546475,     0.0966095,     -0.198633,    -0.0135881],
                           [     -0.266598,      0.185693,    -0.0820248,    -0.0921894],
                           [    -0.0959055,     0.0725617,     0.0476242,    -0.0864637],
                           [    0.00676199,      -0.04333,     0.0858475,    -0.0217375]])

chebyshev_reaction('IM2 => OH-3 + cycCH2OCH2O',
                   Tmin=   200, Tmax=  1000,
                   Pmin=( 1e+17, 'PPCC'), Pmax=( 1e+20, 'PPCC'), 
                   coeffs=[[      -9.24357,       2.34297,     -0.203439,     0.0662997],
                           [       10.4175,    -0.0843817,     -0.182679,     0.0940479],
                           [     -0.549475,      0.084782,      -0.18444,    -0.0343953],
                           [     -0.253064,      0.165158,    -0.0614927,     -0.109009],
                           [    -0.0916075,     0.0684282,      0.052013,     -0.088661],
                           [    0.00462755,    -0.0384038,     0.0825006,    -0.0184656]])


 -- Total time elapsed: 247 seconds.

System saved to mesmer_out.xml
Total time elapsed: 247 seconds.
