
            /|      /|                        \   
           / |     / | ________________________\  
          /  |    /  |  _   _             _   _   
         /   |   /   | / \ / \ |\     /| / \ / \  
        /    |  /    | \_/ \_  | \   / | \_/ |_/  
       /     | /     | /     \ |  \ /  | /   | \  
    \_/      |/      | \_/ \_/ |   V   | \_/ |  \ 

     Mesmer: Master Equation Solver for Multi-Energy well Reactions
     Mesmer v7.0 compiled: -- Oct 23 2022 -- 14:01:49

     Copyright (C) 2009-2022 by
     Struan H. Robertson, Chris Morley, Chi-Hsiu Liang,
     David R. Glowacki, Michael J. Pilling and contributors

     Mesmer is free software: you can redistribute it and/or modify
     it under the terms of the GNU Public License as published by
     the Free Software Foundation, either version 2 of the License,
     or (at your option) any later version.

     But WITHOUT ANY WARRANTY; without even the implied warranty of
     MERCHANTABILITY or FITNESS FOR A PARTICULAR PURPOSE.  See the
     GNU Public License for more details.

    You should have received a copy of the GNU Public License
    along with Mesmer.  If not, see <http://www.gnu.org/licenses/>.

                     Platform:        Windows
                     Execution Date:  Mon Oct 24 21:09:52 2022
                     Number of ranks: 4

defaults.xml, librarymols.xml are in ../..

Parsing input xml file...
OH_NO_HONO.xml

--Parse data for marquardt
The default value of me:MarquardtLambda was used.
The default value of me:MarquardtLambdaScale was used.
Energy convention "" written to <moleculeList>
In R1: Parsing reaction...Association reaction
In OH: OH copied from ../../librarymols.xml
In OH: The energy convention is thermodynamic, derived from me:Hf298
In OH: energy converted from thermodynamic298K to thermodynamic
In OH: New me:ZPE element written with data from me:Hf298
In NO: NO copied from ../../librarymols.xml
In NO: The default value of me:DOSCMethod was used.
In NO: energy converted from thermodynamic298K to thermodynamic
In NO: New me:ZPE element written with data from me:Hf298
In HONO: Hindered rotor b2 replacing vib freq 543
In HONO: The default attribute(s) were added to the the property me:Hf298
In HONO: energy converted from thermodynamic298K to thermodynamic
In HONO: New me:ZPE element written with data from me:Hf298
In HONO: The default value of me:DistributionCalcMethod was used.
In HONO: --Parse data for Boltzmann
In HONO: --Parse data for ExponentialDown
In HONO: HONO:deltaEDown was given a range with 451 steps 
In R1: --Parse data for MesmerILT
In R1: R1:preExponential was given a range with 82 steps 
In R1: No tunneling method used for R1
3.2e+21PPCC, 295K at d precision with He
Excess Reactant Conc. for reaction R1 = 1e+16 particles per cc
2.3e+21PPCC, 295K at d precision with He
Excess Reactant Conc. for reaction R1 = 1e+16 particles per cc
1.6e+21PPCC, 295K at d precision with He
Excess Reactant Conc. for reaction R1 = 1e+16 particles per cc
1.2e+21PPCC, 295K at d precision with He
Excess Reactant Conc. for reaction R1 = 1e+16 particles per cc
7.6e+20PPCC, 295K at d precision with He
Excess Reactant Conc. for reaction R1 = 1e+16 particles per cc
3.4e+20PPCC, 295K at d precision with He
Excess Reactant Conc. for reaction R1 = 1e+16 particles per cc
1.7e+20PPCC, 295K at d precision with He
Excess Reactant Conc. for reaction R1 = 1e+16 particles per cc
9.6e+19PPCC, 295K at d precision with He
Excess Reactant Conc. for reaction R1 = 1e+16 particles per cc
6.57e+16PPCC, 294K at d precision with He
Excess Reactant Conc. for reaction R1 = 1e+16 particles per cc
1.64e+17PPCC, 294K at d precision with He
Excess Reactant Conc. for reaction R1 = 1e+16 particles per cc
2.63e+17PPCC, 294K at d precision with He
Excess Reactant Conc. for reaction R1 = 1e+16 particles per cc
3.28e+17PPCC, 294K at d precision with He
Excess Reactant Conc. for reaction R1 = 1e+16 particles per cc
8.5e+17PPCC, 296K at d precision with He
Excess Reactant Conc. for reaction R1 = 1e+16 particles per cc
6.57e+16PPCC, 294K at d precision with He
Excess Reactant Conc. for reaction R1 = 1e+16 particles per cc
1.64e+17PPCC, 294K at d precision with He
Excess Reactant Conc. for reaction R1 = 1e+16 particles per cc
2.63e+17PPCC, 294K at d precision with He
Excess Reactant Conc. for reaction R1 = 1e+16 particles per cc
3.28e+17PPCC, 294K at d precision with He
Excess Reactant Conc. for reaction R1 = 1e+16 particles per cc
The default value of me:ForceMacroDetailedBalance was used.
Write metadata 20221024_210952

File: "OH_NO_HONO.xml" successfully parsed.
Main Calculation begins
Now calculating...

--Execute calcMethod marquardt
Number of grains produced is not equal to that requested for: OH
Number of grains requested: 1000
Number of grains produced : 394
In FastLaplaceConvolution: 20 values in the FFT convolution routine were replaced by standard convolution

Chi^2 = 240.225 Lambda = 1
HONO:deltaEDown=58  R1:preExponential=6.78e-11  

Chi^2 = 96.8499 Lambda = 0.1
HONO:deltaEDown=70.0724  R1:preExponential=7.67583e-11  
Iteration: 1 of Marquardt. ChiSquare = 96.8499, Lambda = 0.1

Chi^2 = 52.1475 Lambda = 0.01
HONO:deltaEDown=81.9374  R1:preExponential=6.3497e-11  
Iteration: 2 of Marquardt. ChiSquare = 52.1475, Lambda = 0.01

Chi^2 = 51.2694 Lambda = 0.001
HONO:deltaEDown=83.388  R1:preExponential=6.46508e-11  
Iteration: 3 of Marquardt. ChiSquare = 51.2694, Lambda = 0.001

Chi^2 = 51.2694 Lambda = 0.01
HONO:deltaEDown=83.388  R1:preExponential=6.46508e-11  
Iteration: 4 of Marquardt. ChiSquare = 51.2694, Lambda = 0.01

Chi^2 = 51.269 Lambda = 0.001
HONO:deltaEDown=83.3954  R1:preExponential=6.4661e-11  
Iteration: 5 of Marquardt. ChiSquare = 51.269, Lambda = 0.001

Chi^2 = 51.269 Lambda = 0.01
HONO:deltaEDown=83.3954  R1:preExponential=6.4661e-11  
Iteration: 6 of Marquardt. ChiSquare = 51.269, Lambda = 0.01

Chi^2 = 51.2687 Lambda = 0.001
HONO:deltaEDown=83.396  R1:preExponential=6.46584e-11  
Iteration: 7 of Marquardt. ChiSquare = 51.2687, Lambda = 0.001

Chi^2 = 51.2687 Lambda = 0.01
HONO:deltaEDown=83.396  R1:preExponential=6.46584e-11  
Iteration: 8 of Marquardt. ChiSquare = 51.2687, Lambda = 0.01

Chi^2 = 51.2687 Lambda = 0.1
HONO:deltaEDown=83.396  R1:preExponential=6.46584e-11  
Iteration: 9 of Marquardt. ChiSquare = 51.2687, Lambda = 0.1

Chi^2 = 51.2687 Lambda = 1
HONO:deltaEDown=83.396  R1:preExponential=6.46584e-11  
Iteration: 10 of Marquardt. ChiSquare = 51.2687, Lambda = 1
Number of cells = 50000, Number of grains = 429
Number of cells = 50000, Number of grains = 428
 -- Total time elapsed: 112 seconds.


    Temperature  Concentration    Exp. Coeff.    Cal. Coeff.

            295        3.2e+21         310000         398060
            295        2.3e+21         320000         361285
            295        1.6e+21         290000         320586
            295        1.2e+21         290000         288807
            295        7.6e+20         290000         240507
            295        3.4e+20         250000         165844
            295        1.7e+20         200000         114875
            295        9.6e+19         170000          82400
            294       6.57e+16            217         261.76
            294       1.64e+17            542        604.373
            294       2.63e+17            867        920.681
            294       3.28e+17           1084        1118.07
            296        8.5e+17           2700        2497.88
            294       6.57e+16            257         261.76
            294       1.64e+17            672        604.373
            294       2.63e+17           1078        920.681
            294       3.28e+17           1345        1118.07


Chi^2 = 51.2687

Best fit parameters:

HONO:deltaEDown = 83.396 +/- 2.06281
R1:preExponential = 6.46584e-11 +/- 6.02447e-12

Correlation coefficients:

R1:preExponential , HONO:deltaEDown = -0.484208

Goodness of Fit:

Number of degrees of Freedom = 15
Chi^2 probability = 7.45745e-06

System saved to out.xml
Total time elapsed: 112 seconds.
