
            /|      /|                        \   
           / |     / | ________________________\  
          /  |    /  |  _   _             _   _   
         /   |   /   | / \ / \ |\     /| / \ / \  
        /    |  /    | \_/ \_  | \   / | \_/ |_/  
       /     | /     | /     \ |  \ /  | /   | \  
    \_/      |/      | \_/ \_/ |   V   | \_/ |  \ 

     Mesmer: Master Equation Solver for Multi-Energy well Reactions
     Mesmer v7.0 compiled: -- Mar 12 2023 -- 16:49:12

     Copyright (C) 2009-2022 by
     Struan H. Robertson, Chris Morley, Chi-Hsiu Liang,
     David R. Glowacki, Michael J. Pilling and contributors

     Mesmer is free software: you can redistribute it and/or modify
     it under the terms of the GNU Public License as published by
     the Free Software Foundation, either version 2 of the License,
     or (at your option) any later version.

     But WITHOUT ANY WARRANTY; without even the implied warranty of
     MERCHANTABILITY or FITNESS FOR A PARTICULAR PURPOSE.  See the
     GNU Public License for more details.

    You should have received a copy of the GNU Public License
    along with Mesmer.  If not, see <http://www.gnu.org/licenses/>.

                     Platform:        Windows
                     Execution Date:  Sun Mar 12 17:48:06 2023
                     Number of ranks: 4

defaults.xml, librarymols.xml are in ../..

Parsing input xml file...
ChebyshevCK.xml

--Parse data for analyticalRepresentation
Energy convention "" written to <moleculeList>
In R1: Parsing reaction...Association reaction
In CH3OCH2: WARNING: When calculating frequencies from a Hessian it is critical
     that the Hessian and species coordinates are expressed relative to
     the same Cartesian coordinate system.
In CH3OCH2: Vibrational frequencies (cm-1) were calculated from Hessian:
  169.672 287.888 439.421 568.322 1021.55 1155.2 1192.08 1282.47 1343.7 1471.44 
  1500.2 1508.72 1523.12 3088.04 3165.17 3197.22 3233.15 3356.85 
In CH3OCH2: The default value of me:DOSCMethod was used.
In CH3OCH2: Hindered rotor b5
In CH3OCH2: Hindered rotor b4
In CH3OCH2: WARNING: The Fourier expansion for the internal rotor potential for bond b4 of 
In CH3OCH2: species CH3OCH2, differs at the minimum from the value entered by more than 20 cm-1.
In CH3OCH2: More terms in the Fourier expansion may be needed.
In IM1: WARNING: When calculating frequencies from a Hessian it is critical
     that the Hessian and species coordinates are expressed relative to
     the same Cartesian coordinate system.
In IM1: Vibrational frequencies (cm-1) were calculated from Hessian:
  91.8598 128.883 187.165 391.187 483.297 594.928 938.428 1012.93 1151.6 1194.73 
  1218.54 1282.75 1305.74 1357.96 1435.01 1483.25 1499.22 1510.87 1516.91 3096.22 
  3126.84 3182.05 3236.78 3239.2 
In IM1: Hindered rotor b5
In IM1: Hindered rotor b4
In IM1: Hindered rotor b8
In IM1: The default value of me:DistributionCalcMethod was used.
In IM1: --Parse data for Boltzmann
In IM1: --Parse data for ExponentialDown
In R1: --Parse data for MesmerILT
In R1: No tunneling method used for R1
In R2: Parsing reaction...Isomerization reaction
In IM2: WARNING: When calculating frequencies from a Hessian it is critical
     that the Hessian and species coordinates are expressed relative to
     the same Cartesian coordinate system.
In IM2: Vibrational frequencies (cm-1) were calculated from Hessian:
  108.18 163.087 250.225 340.045 406.842 467.08 628.242 646.487 972.437 1023.15 
  1130.32 1157.25 1251.69 1298.98 1363.23 1436 1468.44 1480.03 1513.69 3124.8 
  3200.84 3231.89 3360.58 3889.55 
In IM2: Hindered rotor b1
In IM2: Hindered rotor b2
In IM2: Hindered rotor b3
In IM2: Hindered rotor b4
In IM2: The default value of me:DistributionCalcMethod was used.
In IM2: --Parse data for Boltzmann
In IM2: --Parse data for ExponentialDown
In R2: --Parse data for RRKM
In R2: --Parse data for Eckart
In R3: Parsing reaction...Irreversible unimolecular reaction
In TS5: WARNING: When calculating frequencies from a Hessian it is critical
     that the Hessian and species coordinates are expressed relative to
     the same Cartesian coordinate system.
In TS5: Vibrational frequencies (cm-1) were calculated from Hessian:
  78.8008 155.797 210.383 316.503 401.876 532.348 560.927 656.949 928.231 952.154 
  977.833 1200.77 1243.63 1249.83 1361.65 1485.15 1520.63 1587.51 3088.36 3195.55 
  3209.98 3361.1 3759.25 
In TS5: The default value of me:DOSCMethod was used.
In TS5: Hindered rotor b1
In TS5: Hindered rotor b2
In TS5: Hindered rotor b3
In R3: --Parse data for RRKM
In R3: No tunneling method used for R3
In R4: Parsing reaction...Irreversible unimolecular reaction
In R4: --Parse data for RRKM
In R4: No tunneling method used for R4
In R5: Parsing reaction...Irreversible unimolecular reaction
In R5: --Parse data for RRKM
In R5: No tunneling method used for R5
No pressure and temperature specified.
Write metadata 20230312_174806

File: "ChebyshevCK.xml" successfully parsed.
Main Calculation begins
Now calculating...

--Execute calcMethod analyticalRepresentation
In CH3OCH2: energy cannot be converted from arbitrary to thermodynamic298K
enthalpy of formation at 298K:Restricted thermo output for CH3OCH2 because it has arbitrary energy data.
In IM1: energy cannot be converted from arbitrary to thermodynamic298K
enthalpy of formation at 298K:Restricted thermo output for IM1 because it has arbitrary energy data.
In IM2: energy cannot be converted from arbitrary to thermodynamic298K
enthalpy of formation at 298K:Restricted thermo output for IM2 because it has arbitrary energy data.
In O2: To mix thermodynamic and computational energies the molecule needs chemical structure (an atomList at least)
In O2: Missing thermo data for atoms
In OH-1: To mix thermodynamic and computational energies the molecule needs chemical structure (an atomList at least)
In OH-1: Missing thermo data for atoms
In OH-2: enthalpy of formation at 298K:enthalpy of formation at 298K:Cannot find me:vibFreqs or me:hessian. Assuming an atom or a sink molecule.
In OH-2: No rotational constants from <me:rotConsts> or structure. Assuming an atom or a sink molecule.
In OH-2: The default value of me:DOSCMethod was used.
In OH-2: The default value of the attribute spinMultiplicity was used.
In OH-2: enthalpy of formation at 298K:Number of grains produced is not equal to that requested for: OH-2
In OH-2: Number of grains requested: 500
In OH-2: Number of grains produced : 1
In OH-2: To mix thermodynamic and computational energies the molecule needs chemical structure (an atomList at least)
In OH-2: Missing thermo data for atoms
Number of grains produced is not equal to that requested for: OH-2
Number of grains requested: 500
Number of grains produced : 1
In OH-3: Cannot find me:vibFreqs or me:hessian. Assuming an atom or a sink molecule.
In OH-3: No rotational constants from <me:rotConsts> or structure. Assuming an atom or a sink molecule.
In OH-3: The default value of me:DOSCMethod was used.
In OH-3: The default value of the attribute spinMultiplicity was used.
In OH-3: enthalpy of formation at 298K:Number of grains produced is not equal to that requested for: OH-3
In OH-3: Number of grains requested: 500
In OH-3: Number of grains produced : 1
In OH-3: To mix thermodynamic and computational energies the molecule needs chemical structure (an atomList at least)
In OH-3: Missing thermo data for atoms
Number of grains produced is not equal to that requested for: OH-3

Bath gas is He
In FastLaplaceConvolution: 4660 values in the FFT convolution routine were replaced by standard convolution
In FastLaplaceConvolution: 3840 values in the FFT convolution routine were replaced by standard convolution
In FastLaplaceConvolution: 10000 values in the FFT convolution routine were replaced by standard convolution

WARNING: Chemically significant eigenvalues (CSE) not well separated from internal energy relaxation eigenvals (IEREs).

The last CSE = -1.57367e+08 and the first IERE = -2.29538e+08
(last CSE)/(first IERE) ratio = 0.685582, which is less than an order of magnitude

Results obtained from Bartis Widom eigenvalue-vector analysis may be unreliable
WARNING: concentration of excess species is greater than bath gas concentration for reaction R1

CH3OCH2                 C   2H   5O   1     G   200.000  1000.000 1000.000    01
  5.4806843e+00 -1.3980872e-03  4.4122782e-05 -5.3270147e-08  2.0248982e-11    2
 -8.6124064e+01  2.1024890e+00  5.4806843e+00 -1.3980872e-03  4.4122782e-05    3
 -5.3270147e-08  2.0248982e-11 -8.6124064e+01  2.1024890e+00            nan    4

IM1                     C   2H   5O   3     G   200.000  1000.000 1000.000    01
  7.7033986e+00 -7.4542830e-03  8.4155752e-05 -1.0681794e-07  4.2671305e-11    2
 -1.2385283e+02 -2.9724642e+00  7.7033986e+00 -7.4542830e-03  8.4155752e-05    3
 -1.0681794e-07  4.2671305e-11 -1.2385283e+02 -2.9724642e+00            nan    4

IM2                     C   2H   5O   3     G   200.000  1000.000 1000.000    01
  6.4962237e+00  1.7498448e-02  2.0566637e-05 -4.3850717e-08  2.0206426e-11    2
 -1.8468782e+02 -4.4014510e-02  6.4962237e+00  1.7498448e-02  2.0566637e-05    3
 -4.3850717e-08  2.0206426e-11 -1.8468782e+02 -4.4014510e-02            nan    4

O2                                          G   200.000  1000.000 1000.000    01
  3.8068565e+00 -2.7938190e-03  7.9013121e-06 -6.8879156e-09  2.0599979e-12    2
 -1.0679849e+03  3.4638726e+00  3.8068565e+00 -2.7938190e-03  7.9013121e-06    3
 -6.8879156e-09  2.0599979e-12 -1.0679849e+03  3.4638726e+00  0.0000000e+00    4

OH-1                                        G   200.000  1000.000 1000.000    01
  3.4593186e+00  3.7692766e-04 -1.1899343e-06  1.4446299e-09 -4.6875646e-13    2
 -1.0402815e+03  1.6434898e+00  3.4593186e+00  3.7692766e-04 -1.1899343e-06    3
  1.4446299e-09 -4.6875646e-13 -1.0402815e+03  1.6434898e+00  0.0000000e+00    4

OH-2                                        G   200.000  1000.000 1000.000    01
  2.5000000e+00  4.4999257e-12 -1.2488820e-14  1.4455790e-17 -5.9479575e-21    2
 -7.4537500e+02  5.3644694e+00  2.5000000e+00  4.4999257e-12 -1.2488820e-14    3
  1.4455790e-17 -5.9479575e-21 -7.4537500e+02  5.3644694e+00  0.0000000e+00    4

OH-3                                        G   200.000  1000.000 1000.000    01
  2.5000000e+00  4.4999257e-12 -1.2488820e-14  1.4455790e-17 -5.9479575e-21    2
 -7.4537500e+02  5.3644694e+00  2.5000000e+00  4.4999257e-12 -1.2488820e-14    3
  1.4455790e-17 -5.9479575e-21 -7.4537500e+02  5.3644694e+00  0.0000000e+00    4

REACTIONS MOLES

CH3OCH2 + O2 => IM1 (+M)  1.00  0.0  0.0
! Data generated by MESMER 7.0 on Sun Mar 12 17:54:33 2023
    TCHEB/            200          1000/
    PCHEB/          0.001            10/
    CHEB/     6     4/
    CHEB/       11.0712       2.10851     -0.744671      0.143966/
    CHEB/      -1.43709      0.928079      0.151863     -0.227759/
    CHEB/     -0.452904     0.0837198      0.155723     0.0126899/
    CHEB/     -0.213542     0.0825718      -0.13281      0.242098/
    CHEB/    -0.0041603    -0.0974294    -0.0487403      0.148552/
    CHEB/     0.0607838     -0.131947   0.000567373     0.0766389/

CH3OCH2 + O2 => IM2 (+M)  1.00  0.0  0.0
! Data generated by MESMER 7.0 on Sun Mar 12 17:54:33 2023
    TCHEB/            200          1000/
    PCHEB/          0.001            10/
    CHEB/     6     4/
    CHEB/        10.043       1.17008      -0.48682     -0.136944/
    CHEB/      -1.06356      0.965224      0.165491    -0.0236235/
    CHEB/     -0.517878       0.27144     0.0867282    -0.0443351/
    CHEB/     -0.218489     0.0160925      0.100638    -0.0355182/
    CHEB/    -0.0949659    -0.0203941     0.0459069     0.0175205/
    CHEB/    -0.0484359   -0.00190529   0.000948986     0.0235064/

CH3OCH2 + O2 => OH-1 (+M)  1.00  0.0  0.0
! Data generated by MESMER 7.0 on Sun Mar 12 17:54:33 2023
    TCHEB/            200          1000/
    PCHEB/          0.001            10/
    CHEB/     6     4/
    CHEB/       11.7668      -1.08952     -0.391622      -0.02721/
    CHEB/      0.150285      0.996259       0.27454    -0.0289652/
    CHEB/     -0.158997      0.109406     0.0901475     0.0226273/
    CHEB/     -0.105441    -0.0257607    0.00874779     0.0127688/
    CHEB/    -0.0439003     -0.022231   -0.00634662    0.00428722/
    CHEB/    -0.0146556   -0.00984713   -0.00524679   0.000531157/

CH3OCH2 + O2 => OH-2 (+M)  1.00  0.0  0.0
! Data generated by MESMER 7.0 on Sun Mar 12 17:54:33 2023
    TCHEB/            200          1000/
    PCHEB/          0.001            10/
    CHEB/     6     4/
    CHEB/       6.48571     -0.910771     -0.314986       -0.0323/
    CHEB/       1.36002      0.923869      0.262205   -0.00307015/
    CHEB/   -0.00901931     0.0405165     0.0628068     0.0229914/
    CHEB/    -0.0525098    -0.0423956   -0.00419526     0.0098074/
    CHEB/    -0.0207467    -0.0216954    -0.0102224   0.000958566/
    CHEB/     -0.004798      -0.00677   -0.00545927    -0.0020245/

CH3OCH2 + O2 => OH-3 (+M)  1.00  0.0  0.0
! Data generated by MESMER 7.0 on Sun Mar 12 17:54:33 2023
    TCHEB/            200          1000/
    PCHEB/          0.001            10/
    CHEB/     6     4/
    CHEB/       5.79702     -0.869991     -0.311407    -0.0348902/
    CHEB/       1.50965      0.883202      0.262812   0.000418377/
    CHEB/    -0.0185092     0.0396313     0.0598365     0.0231326/
    CHEB/    -0.0510456    -0.0412549   -0.00497684    0.00945979/
    CHEB/    -0.0201053    -0.0212891    -0.0102584   0.000608221/
    CHEB/   -0.00464199   -0.00650787   -0.00531055   -0.00216049/

IM1 => CH3OCH2 + O2 (+M)  1.00  0.0  0.0
! Data generated by MESMER 7.0 on Sun Mar 12 17:54:33 2023
    TCHEB/            200          1000/
    PCHEB/          0.001            10/
    CHEB/     6     4/
    CHEB/      -9.19729       2.10851     -0.744671      0.143966/
    CHEB/       13.8057      0.928079      0.151863     -0.227759/
    CHEB/     -0.509056     0.0837198      0.155723     0.0126899/
    CHEB/     -0.242772     0.0825718      -0.13281      0.242098/
    CHEB/    -0.0153017    -0.0974294    -0.0487403      0.148552/
    CHEB/     0.0574332     -0.131947   0.000567373     0.0766389/

IM1 => IM2 (+M)  1.00  0.0  0.0
! Data generated by MESMER 7.0 on Sun Mar 12 17:54:33 2023
    TCHEB/            200          1000/
    PCHEB/          0.001            10/
    CHEB/     6     4/
    CHEB/   -0.00294924       0.64351     -0.135716   0.000481044/
    CHEB/       4.88292      0.934962     -0.137236    -0.0292065/
    CHEB/     0.0170821      0.326095     0.0520214    -0.0496354/
    CHEB/     -0.090411    -0.0102686     0.0872131    -0.0133804/
    CHEB/    -0.0532103    -0.0504449     0.0217073     0.0284072/
    CHEB/    -0.0215521      -0.01607    -0.0134987     0.0236762/

IM1 => OH-1 (+M)  1.00  0.0  0.0
! Data generated by MESMER 7.0 on Sun Mar 12 17:54:33 2023
    TCHEB/            200          1000/
    PCHEB/          0.001            10/
    CHEB/     6     4/
    CHEB/      -5.19055    -0.0215797     -0.358733    -0.0136454/
    CHEB/        11.296       1.13862      0.103054    -0.0268383/
    CHEB/     -0.433487      0.216421      0.115853    -0.0212545/
    CHEB/     -0.254074     0.0145516      0.010285     0.0198964/
    CHEB/     -0.125517     0.0448678     -0.058583     0.0453995/
    CHEB/    -0.0300066    0.00424993   -0.00596445    -0.0083154/

IM1 => OH-2 (+M)  1.00  0.0  0.0
! Data generated by MESMER 7.0 on Sun Mar 12 17:54:33 2023
    TCHEB/            200          1000/
    PCHEB/          0.001            10/
    CHEB/     6     4/
    CHEB/      -14.3123       2.27659      -0.77402      0.042421/
    CHEB/       14.0943      0.994436      0.237771    -0.0115047/
    CHEB/     -0.347977       -0.1701      0.321274    -0.0197309/
    CHEB/     -0.294058      -0.11114     -0.127606      0.283374/
    CHEB/      0.046273     0.0112907    -0.0984401      0.222651/
    CHEB/     -0.050303    -0.0926399    -0.0965002      0.143959/

IM1 => OH-3 (+M)  1.00  0.0  0.0
! Data generated by MESMER 7.0 on Sun Mar 12 17:54:33 2023
    TCHEB/            200          1000/
    PCHEB/          0.001            10/
    CHEB/     6     4/
    CHEB/      -15.2477       2.46531     -0.798706    -0.0101978/
    CHEB/        14.355      0.819806      0.459061     -0.138431/
    CHEB/     -0.278566     -0.193795        0.2427     0.0379572/
    CHEB/     -0.412237    -0.0337507     -0.201013      0.392203/
    CHEB/      0.214433     -0.102772    -0.0827256       0.26445/
    CHEB/    -0.0769447     -0.169659     -0.084924      0.177495/

IM2 => CH3OCH2 + O2 (+M)  1.00  0.0  0.0
! Data generated by MESMER 7.0 on Sun Mar 12 17:54:33 2023
    TCHEB/            200          1000/
    PCHEB/          0.001            10/
    CHEB/     6     4/
    CHEB/      -4.11805       1.17008      -0.48682     -0.136944/
    CHEB/       9.55027      0.965224      0.165491    -0.0236235/
    CHEB/     -0.691754       0.27144     0.0867282    -0.0443351/
    CHEB/     -0.272398     0.0160925      0.100638    -0.0355182/
    CHEB/     -0.109862    -0.0203941     0.0459069     0.0175205/
    CHEB/    -0.0520946   -0.00190529   0.000948986     0.0235064/

IM2 => IM1 (+M)  1.00  0.0  0.0
! Data generated by MESMER 7.0 on Sun Mar 12 17:54:33 2023
    TCHEB/            200          1000/
    PCHEB/          0.001            10/
    CHEB/     6     4/
    CHEB/       6.10449       0.64351     -0.135716   0.000481044/
    CHEB/      0.253993      0.934962     -0.137236    -0.0292065/
    CHEB/     -0.100642      0.326095     0.0520214    -0.0496354/
    CHEB/      -0.11509    -0.0102686     0.0872131    -0.0133804/
    CHEB/    -0.0569649    -0.0504449     0.0217073     0.0284072/
    CHEB/      -0.02186      -0.01607    -0.0134987     0.0236762/

IM2 => OH-1 (+M)  1.00  0.0  0.0
! Data generated by MESMER 7.0 on Sun Mar 12 17:54:33 2023
    TCHEB/            200          1000/
    PCHEB/          0.001            10/
    CHEB/     6     4/
    CHEB/      0.732489        1.0303       0.08522     -0.209753/
    CHEB/       6.68849      0.129371     0.0286866      0.259413/
    CHEB/     -0.586502      0.387985     -0.317132      0.125242/
    CHEB/     -0.259838     0.0881384   -0.00421066     -0.145177/
    CHEB/    -0.0621136    -0.0575167      0.110907    -0.0994858/
    CHEB/    -0.0216608     -0.011303     0.0256285     0.0491688/

IM2 => OH-2 (+M)  1.00  0.0  0.0
! Data generated by MESMER 7.0 on Sun Mar 12 17:54:33 2023
    TCHEB/            200          1000/
    PCHEB/          0.001            10/
    CHEB/     6     4/
    CHEB/      -8.68819       2.86661     -0.154432     -0.176806/
    CHEB/       9.74443     0.0628012      0.073945    -0.0441069/
    CHEB/      -0.67315     0.0792712     -0.119553    -0.0983656/
    CHEB/     -0.242329     0.0809094    0.00908034      -0.15174/
    CHEB/    -0.0709515     0.0450378     0.0317464     -0.027624/
    CHEB/     -0.016622     0.0236273   -0.00268451     0.0757752/

IM2 => OH-3 (+M)  1.00  0.0  0.0
! Data generated by MESMER 7.0 on Sun Mar 12 17:54:33 2023
    TCHEB/            200          1000/
    PCHEB/          0.001            10/
    CHEB/     6     4/
    CHEB/      -9.60811       2.93086    -0.0906113     -0.228771/
    CHEB/       10.0146    -0.0016883     0.0795395    -0.0394067/
    CHEB/     -0.646708      0.016363    -0.0910251     -0.100365/
    CHEB/     -0.235329     0.0897572    -0.0229444     -0.105182/
    CHEB/    -0.0808704     0.0697348    0.00697636   0.000640573/
    CHEB/    -0.0145707     0.0128858     0.0179261     0.0569742/


 -- Total time elapsed: 387 seconds.

System saved to mesmer_out.xml
Total time elapsed: 387 seconds.
