
            /|      /|                        \   
           / |     / | ________________________\  
          /  |    /  |  _   _             _   _   
         /   |   /   | / \ / \ |\     /| / \ / \  
        /    |  /    | \_/ \_  | \   / | \_/ |_/  
       /     | /     | /     \ |  \ /  | /   | \  
    \_/      |/      | \_/ \_/ |   V   | \_/ |  \ 

     Mesmer: Master Equation Solver for Multi-Energy well Reactions
     Mesmer v6.1 compiled: -- May 26 2021 -- 23:56:09

     Copyright (C) 2009-2021 by
     Struan H. Robertson, Chris Morley, Chi-Hsiu Liang,
     David R. Glowacki, Michael J. Pilling and contributors

     Mesmer is free software: you can redistribute it and/or modify
     it under the terms of the GNU Public License as published by
     the Free Software Foundation, either version 2 of the License,
     or (at your option) any later version.

     But WITHOUT ANY WARRANTY; without even the implied warranty of
     MERCHANTABILITY or FITNESS FOR A PARTICULAR PURPOSE.  See the
     GNU Public License for more details.

    You should have received a copy of the GNU Public License
    along with Mesmer.  If not, see <http://www.gnu.org/licenses/>.

                     Platform:        Linux
                     Execution Date:  Thu May 27 09:43:53 2021
                     Number of ranks: 12

defaults.xml, librarymols.xml are in ../..

Parsing input xml file...
diamond-gaussianModel.xml

The default value of me:calcMethod was used.
--Parse data for simpleCalc
Energy convention "" written to <moleculeList>
In R1: Parsing reaction...Irreversible unimolecular reaction
In FiveAtomActiveSpace: No rotational constants from <me:rotConsts> or structure. Assuming an atom or a sink molecule.
In FiveAtomActiveSpace: Improper setting on vibrational frequencies or rotational constants.
In FiveAtomActiveSpace: The default value of me:DistributionCalcMethod was used.
In FiveAtomActiveSpace: --Parse data for Boltzmann
In FiveAtomActiveSpace: --Parse data for gaussian
In R1: --Parse data for MesmerILT
In R1: No tunneling method used for R1
The default value of the attribute precision was used.
5e+07Torr, 1300K at d precision with N2
The default value of the attribute Tstep was used.
The default value of the attribute Tmin was used.
The default value of the attribute Tmax was used.
The default value of me:ForceMacroDetailedBalance was used.
Write metadata 20210527_094353

File: "diamond-gaussianModel.xml" successfully parsed.
Main Calculation begins
Now calculating...

--Execute calcMethod simpleCalc
In CH3: Cannot find me:vibFreqs or me:hessian. Assuming an atom or a sink molecule.
In CH3: No rotational constants from <me:rotConsts> or structure. Assuming an atom or a sink molecule.
In CH3: The default value of the attribute spinMultiplicity was used.
In activeSpaceRadical: Cannot find me:vibFreqs or me:hessian. Assuming an atom or a sink molecule.
In activeSpaceRadical: No rotational constants from <me:rotConsts> or structure. Assuming an atom or a sink molecule.
In activeSpaceRadical: The default value of the attribute spinMultiplicity was used.
Number of cells = 65800, Number of grains = 188
In FastLaplaceConvolution: 24420 values in the FFT convolution routine were replaced by standard convolution
Number of grains produced is not equal to that requested for: CH3
Number of grains requested: 188
Number of grains produced : 1
Number of grains produced is not equal to that requested for: activeSpaceRadical
 -- Total time elapsed: 2 seconds.


    Temperature  Concentration    Exp. Coeff.    Cal. Coeff.


System saved to mesmer_out.xml
Total time elapsed: 2 seconds.
