
            /|      /|                        \   
           / |     / | ________________________\  
          /  |    /  |  _   _             _   _   
         /   |   /   | / \ / \ |\     /| / \ / \  
        /    |  /    | \_/ \_  | \   / | \_/ |_/  
       /     | /     | /     \ |  \ /  | /   | \  
    \_/      |/      | \_/ \_/ |   V   | \_/ |  \ 

     Mesmer: Master Equation Solver for Multi-Energy well Reactions
     Mesmer v5.1 compiled: -- Apr 21 2018 -- 19:37:43

     Copyright (C) 2009-2018 by
     Struan H. Robertson, Chris Morley, Chi-Hsiu Liang,
     David R. Glowacki, Michael J. Pilling and contributors

     Mesmer is free software: you can redistribute it and/or modify
     it under the terms of the GNU Public License as published by
     the Free Software Foundation, either version 2 of the License,
     or (at your option) any later version.

     But WITHOUT ANY WARRANTY; without even the implied warranty of
     MERCHANTABILITY or FITNESS FOR A PARTICULAR PURPOSE.  See the
     GNU Public License for more details.

    You should have received a copy of the GNU Public License
    along with Mesmer.  If not, see <http://www.gnu.org/licenses/>.

                     Platform:        Linux
                     Execution Date:  Sat Apr 21 20:28:16 2018
                     Number of ranks: 12

defaults.xml, librarymols.xml are in ../..

Parsing input xml file...
Butyl_H_to_Butane.xml

--Parse data for ThermodynamicTable
In ThermodynamicTable: The default value of the attribute units was used.
In ThermodynamicTable: The default value of me:Tmin was used.
In ThermodynamicTable: The default value of me:Tmax was used.
In ThermodynamicTable: The default value of me:Tstep was used.
In ThermodynamicTable: The default value of me:Tmid was used.
In Butane: WARNING: When calculating frequencies from a Hessian it is critical
     that the Hessian and species coordinates are expressed relative to
     the same Cartesian coordinate system.
In Butane: Vibrational frequencies (cm-1) were calculated from Hessian:
  149.139 241.652 264.108 291.647 440.828 701.095 799.51 837.676 962.519 976.115 
  1023.95 1077.86 1175.07 1201.17 1290.82 1324.9 1340.39 1394.62 1410.72 1416.43 
  1485.27 1491.88 1504.45 1506.58 1506.82 1509.31 3020.72 3030 3038.09 3040.26 
  3040.89 3060.7 3092.66 3095.9 3109.37 3110.18 
In Butane: Rotational constants were calculated from atom coordinates: 0.113181 0.12041 0.790724 cm-1
In Butane: Hindered rotor b6
In Butane: Hindered rotor b2
In Butane: Hindered rotor b8
In Butyl: Rotational constants were calculated from atom coordinates: 0.122243 0.129364 0.81633 cm-1
In Butyl: The default value of me:DOSCMethod was used.
In Butyl: Hindered rotor b6
In H: The default value of me:DOSCMethod was used.
In H: The default value of the attribute spinMultiplicity was used.
In He: The default value of me:DOSCMethod was used.
In He: The default value of the attribute spinMultiplicity was used.
In He: gDensityOfStates initialization failed.
In ThermodynamicTable. Own default: Cell size 1 cm-1
In ThermodynamicTable. Own default: Number of cells 100000
In ThermodynamicTable. Own default: The default value of me:grainSize was used.
Energy convention "arbitrary" written to <moleculeList>
In R1: Parsing reaction...Association reaction
In Butane: The default value of me:DistributionCalcMethod was used.
In Butane: --Parse data for Boltzmann
In Butane: --Parse data for ExponentialDown
In R1: --Parse data for MesmerILT
In R1: The default value of me:TInfinity was used.
In R1: No tunneling method used for R1
In R1: Not a unimolecular reaction: look for excess reactant concentration.
In R1: No value of me:excessReactantConc was supplied and the default value NEEDS TO BE CHECKED**
25.1Torr, 301K at dd precision with He
The default value of me:ForceMacroDetailedBalance was used.
Write metadata 20180421_202816

File: "Butyl_H_to_Butane.xml" successfully parsed.
Main Calculation begins
Now calculating...

--Execute calcMethod ThermodynamicTable
14
Butane-orig_coords
         C        1.95884      -0.129992    1.49831e-06
         C       0.570499       0.507071    -4.9686e-06
         C      -0.571094      -0.507989    5.38593e-06
         C       -1.95828       0.130657   -2.08799e-06
         H        2.75024       0.620944    2.12583e-05
         H      -0.471274       -1.15987       0.873213
         H      -0.471272       -1.15992      -0.873188
         H       -2.09932       0.763688      -0.879049
         H       -2.09933       0.763678        0.87907
         H       -2.75166      -0.618001   -2.08594e-05
         H         2.1013      -0.762716        0.87907
         H        2.10131      -0.762706      -0.879091
         H       0.470231        1.15894      -0.873117
         H       0.470226        1.15899       0.873094
14
Butane-origin_at_at1
         C        1.38834      -0.637063    6.46691e-06
         C              0              0              0
         C       -1.14159       -1.01506    1.03545e-05
         C       -2.52878      -0.376414    2.88061e-06
         H        2.17974       0.113873    2.62269e-05
         H       -1.04177       -1.66695       0.873218
         H       -1.04177       -1.66699      -0.873183
         H       -2.66982       0.256617      -0.879044
         H       -2.66983       0.256607       0.879075
         H       -3.32216       -1.12507   -1.58907e-05
         H         1.5308       -1.26979       0.879074
         H        1.53081       -1.26978      -0.879087
         H      -0.100269       0.651867      -0.873112
         H      -0.100273       0.651916       0.873099
14
Butane-at2_inXZ
         C       0.614201        -1.3986    6.46691e-06
         C              0              0              0
         C       -1.52761              0    1.03545e-05
         C        -2.1399        1.39902    2.88061e-06
         H         1.7046       -1.36329    2.62269e-05
         H       -1.88617      -0.553488       0.873218
         H        -1.8862      -0.553524      -0.873183
         H       -1.82466        1.96581      -0.879044
         H       -1.82467        1.96581       0.879075
         H       -3.23026        1.36672   -1.58907e-05
         H       0.300239       -1.96611       0.879074
         H       0.300249        -1.9661      -0.879087
         H       0.358219       0.553772      -0.873112
         H       0.358249       0.553812       0.873099
14
Butane-z_axis=at1-at2
         C    1.06301e-05        -1.3986      -0.614201
         C              0              0              0
         C    1.69407e-21              0        1.52761
         C   -1.16242e-05        1.39902         2.1399
         H    3.77812e-05       -1.36329        -1.7046
         H       0.873206      -0.553488        1.88618
         H      -0.873195      -0.553524         1.8862
         H      -0.879057        1.96581        1.82466
         H       0.879062        1.96581        1.82468
         H   -3.77863e-05        1.36672        3.23026
         H       0.879077       -1.96611      -0.300233
         H      -0.879084        -1.9661      -0.300255
         H       -0.87311       0.553772      -0.358225
         H       0.873101       0.553812      -0.358243
14
Butane-rotate_fragment_1
         C      -0.242854       -1.37735      -0.614201
         C              0              0              0
         C    1.69407e-21              0        1.52761
         C   -1.16242e-05        1.39902         2.1399
         H      -0.236696       -1.34258        -1.7046
         H       0.873206      -0.553488        1.88618
         H      -0.873195      -0.553524         1.8862
         H      -0.879057        1.96581        1.82466
         H       0.879062        1.96581        1.82468
         H   -3.77863e-05        1.36672        3.23026
         H        0.52431       -2.08889      -0.300233
         H       -1.20714       -1.78358      -0.300255
         H      -0.763684       0.696973      -0.358225
         H       0.956005       0.393786      -0.358243
14
Butane-rotate_fragment_2
         C       -0.47834       -1.31426      -0.614201
         C              0              0              0
         C    1.69407e-21              0        1.52761
         C   -1.16242e-05        1.39902         2.1399
         H      -0.466237       -1.28109        -1.7046
         H       0.873206      -0.553488        1.88618
         H      -0.873195      -0.553524         1.8862
         H      -0.879057        1.96581        1.82466
         H       0.879062        1.96581        1.82468
         H   -3.77863e-05        1.36672        3.23026
         H       0.153613        -2.1482      -0.300233
         H       -1.49852       -1.54687      -0.300255
         H      -0.631054       0.818997      -0.358225
         H        1.00986       0.221795      -0.358243
14
Butane-rotate_fragment_3
         C      -0.699291       -1.21123      -0.614201
         C              0              0              0
         C    1.69407e-21              0        1.52761
         C   -1.16242e-05        1.39902         2.1399
         H      -0.681612       -1.18066        -1.7046
         H       0.873206      -0.553488        1.88618
         H      -0.873195      -0.553524         1.8862
         H      -0.879057        1.96581        1.82466
         H       0.879062        1.96581        1.82468
         H   -3.77863e-05        1.36672        3.23026
         H      -0.221751       -2.14224      -0.300233
         H       -1.74436       -1.26315      -0.300255
         H      -0.479249       0.916135      -0.358225
         H        1.03303      0.0430644      -0.358243
14
Butane-rotate_fragment_4
         C      -0.898995        -1.0714      -0.614201
         C              0              0              0
         C    1.69407e-21              0        1.52761
         C   -1.16242e-05        1.39902         2.1399
         H      -0.876277       -1.04436        -1.7046
         H       0.873206      -0.553488        1.88618
         H      -0.873195      -0.553524         1.8862
         H      -0.879057        1.96581        1.82466
         H       0.879062        1.96581        1.82468
         H   -3.77863e-05        1.36672        3.23026
         H      -0.590378       -2.07119      -0.300233
         H        -1.9372      -0.941058      -0.300255
         H      -0.312883       0.985438      -0.358225
         H        1.02482      -0.136974      -0.358243
14
Butane-rotate_fragment_5
         C       -1.07138      -0.899012      -0.614201
         C              0              0              0
         C    1.69407e-21              0        1.52761
         C   -1.16242e-05        1.39902         2.1399
         H       -1.04432      -0.876335        -1.7046
         H       0.873206      -0.553488        1.88618
         H      -0.873195      -0.553524         1.8862
         H      -0.879057        1.96581        1.82466
         H       0.879062        1.96581        1.82468
         H   -3.77863e-05        1.36672        3.23026
         H      -0.941066        -1.9372      -0.300233
         H       -2.07119      -0.590369      -0.300255
         H       -0.13701         1.0248      -0.358225
         H       0.985463      -0.312851      -0.358243
14
Butane-rotate_fragment_6
         C       -1.21122       -0.69931      -0.614201
         C              0              0              0
         C    1.69407e-21              0        1.52761
         C   -1.16242e-05        1.39902         2.1399
         H       -1.18062      -0.681677        -1.7046
         H       0.873206      -0.553488        1.88618
         H      -0.873195      -0.553524         1.8862
         H      -0.879057        1.96581        1.82466
         H       0.879062        1.96581        1.82468
         H   -3.77863e-05        1.36672        3.23026
         H       -1.26316       -1.74436      -0.300233
         H       -2.14224      -0.221742      -0.300255
         H      0.0430258        1.03302      -0.358225
         H       0.916166      -0.479222      -0.358243
14
Butane-rotate_fragment_7
         C       -1.31425       -0.47836      -0.614201
         C              0              0              0
         C    1.69407e-21              0        1.52761
         C   -1.16242e-05        1.39902         2.1399
         H       -1.28106      -0.466308        -1.7046
         H       0.873206      -0.553488        1.88618
         H      -0.873195      -0.553524         1.8862
         H      -0.879057        1.96581        1.82466
         H       0.879062        1.96581        1.82468
         H   -3.77863e-05        1.36672        3.23026
         H       -1.54687       -1.49851      -0.300233
         H        -2.1482       0.153622      -0.300255
         H       0.221754        1.00986      -0.358225
         H       0.819031      -0.631032      -0.358243
14
Butane-rotate_fragment_8
         C       -1.37735      -0.242875      -0.614201
         C              0              0              0
         C    1.69407e-21              0        1.52761
         C   -1.16242e-05        1.39902         2.1399
         H       -1.34257       -0.23677        -1.7046
         H       0.873206      -0.553488        1.88618
         H      -0.873195      -0.553524         1.8862
         H      -0.879057        1.96581        1.82466
         H       0.879062        1.96581        1.82468
         H   -3.77863e-05        1.36672        3.23026
         H       -1.78359       -1.20713      -0.300233
         H       -2.08889       0.524319      -0.300255
         H       0.393745       0.956007      -0.358225
         H       0.697011      -0.763669      -0.358243
14
Butane-rotate_fragment_9
         C        -1.3986   -1.06301e-05      -0.614201
         C              0              0              0
         C    1.69407e-21              0        1.52761
         C   -1.16242e-05        1.39902         2.1399
         H       -1.36329   -3.77812e-05        -1.7046
         H       0.873206      -0.553488        1.88618
         H      -0.873195      -0.553524         1.8862
         H      -0.879057        1.96581        1.82466
         H       0.879062        1.96581        1.82468
         H   -3.77863e-05        1.36672        3.23026
         H       -1.96611      -0.879077      -0.300233
         H        -1.9661       0.879084      -0.300255
         H       0.553772        0.87311      -0.358225
         H       0.553812      -0.873101      -0.358243
14
Butane-rotate_fragment_10
         C       -1.37735       0.242854      -0.614201
         C              0              0              0
         C    1.69407e-21              0        1.52761
         C   -1.16242e-05        1.39902         2.1399
         H       -1.34258       0.236696        -1.7046
         H       0.873206      -0.553488        1.88618
         H      -0.873195      -0.553524         1.8862
         H      -0.879057        1.96581        1.82466
         H       0.879062        1.96581        1.82468
         H   -3.77863e-05        1.36672        3.23026
         H       -2.08889       -0.52431      -0.300233
         H       -1.78358        1.20714      -0.300255
         H       0.696973       0.763684      -0.358225
         H       0.393786      -0.956005      -0.358243
14
Butane-rotate_fragment_11
         C       -1.31426        0.47834      -0.614201
         C              0              0              0
         C    1.69407e-21              0        1.52761
         C   -1.16242e-05        1.39902         2.1399
         H       -1.28109       0.466237        -1.7046
         H       0.873206      -0.553488        1.88618
         H      -0.873195      -0.553524         1.8862
         H      -0.879057        1.96581        1.82466
         H       0.879062        1.96581        1.82468
         H   -3.77863e-05        1.36672        3.23026
         H        -2.1482      -0.153613      -0.300233
         H       -1.54687        1.49852      -0.300255
         H       0.818997       0.631054      -0.358225
         H       0.221795       -1.00986      -0.358243
14
Butane-rotate_fragment_12
         C       -1.21123       0.699291      -0.614201
         C              0              0              0
         C    1.69407e-21              0        1.52761
         C   -1.16242e-05        1.39902         2.1399
         H       -1.18066       0.681612        -1.7046
         H       0.873206      -0.553488        1.88618
         H      -0.873195      -0.553524         1.8862
         H      -0.879057        1.96581        1.82466
         H       0.879062        1.96581        1.82468
         H   -3.77863e-05        1.36672        3.23026
         H       -2.14224       0.221751      -0.300233
         H       -1.26315        1.74436      -0.300255
         H       0.916135       0.479249      -0.358225
         H      0.0430644       -1.03303      -0.358243
14
Butane-rotate_fragment_13
         C        -1.0714       0.898995      -0.614201
         C              0              0              0
         C    1.69407e-21              0        1.52761
         C   -1.16242e-05        1.39902         2.1399
         H       -1.04436       0.876277        -1.7046
         H       0.873206      -0.553488        1.88618
         H      -0.873195      -0.553524         1.8862
         H      -0.879057        1.96581        1.82466
         H       0.879062        1.96581        1.82468
         H   -3.77863e-05        1.36672        3.23026
         H       -2.07119       0.590378      -0.300233
         H      -0.941058         1.9372      -0.300255
         H       0.985438       0.312883      -0.358225
         H      -0.136974       -1.02482      -0.358243
14
Butane-rotate_fragment_14
         C      -0.899012        1.07138      -0.614201
         C              0              0              0
         C    1.69407e-21              0        1.52761
         C   -1.16242e-05        1.39902         2.1399
         H      -0.876335        1.04432        -1.7046
         H       0.873206      -0.553488        1.88618
         H      -0.873195      -0.553524         1.8862
         H      -0.879057        1.96581        1.82466
         H       0.879062        1.96581        1.82468
         H   -3.77863e-05        1.36672        3.23026
         H        -1.9372       0.941066      -0.300233
         H      -0.590369        2.07119      -0.300255
         H         1.0248        0.13701      -0.358225
         H      -0.312851      -0.985463      -0.358243
14
Butane-rotate_fragment_15
         C       -0.69931        1.21122      -0.614201
         C              0              0              0
         C    1.69407e-21              0        1.52761
         C   -1.16242e-05        1.39902         2.1399
         H      -0.681677        1.18062        -1.7046
         H       0.873206      -0.553488        1.88618
         H      -0.873195      -0.553524         1.8862
         H      -0.879057        1.96581        1.82466
         H       0.879062        1.96581        1.82468
         H   -3.77863e-05        1.36672        3.23026
         H       -1.74436        1.26316      -0.300233
         H      -0.221742        2.14224      -0.300255
         H        1.03302     -0.0430258      -0.358225
         H      -0.479222      -0.916166      -0.358243
14
Butane-rotate_fragment_16
         C       -0.47836        1.31425      -0.614201
         C              0              0              0
         C    1.69407e-21              0        1.52761
         C   -1.16242e-05        1.39902         2.1399
         H      -0.466308        1.28106        -1.7046
         H       0.873206      -0.553488        1.88618
         H      -0.873195      -0.553524         1.8862
         H      -0.879057        1.96581        1.82466
         H       0.879062        1.96581        1.82468
         H   -3.77863e-05        1.36672        3.23026
         H       -1.49851        1.54687      -0.300233
         H       0.153622         2.1482      -0.300255
         H        1.00986      -0.221754      -0.358225
         H      -0.631032      -0.819031      -0.358243
14
Butane-rotate_fragment_17
         C      -0.242875        1.37735      -0.614201
         C              0              0              0
         C    1.69407e-21              0        1.52761
         C   -1.16242e-05        1.39902         2.1399
         H       -0.23677        1.34257        -1.7046
         H       0.873206      -0.553488        1.88618
         H      -0.873195      -0.553524         1.8862
         H      -0.879057        1.96581        1.82466
         H       0.879062        1.96581        1.82468
         H   -3.77863e-05        1.36672        3.23026
         H       -1.20713        1.78359      -0.300233
         H       0.524319        2.08889      -0.300255
         H       0.956007      -0.393745      -0.358225
         H      -0.763669      -0.697011      -0.358243
14
Butane-rotate_fragment_18
         C   -1.06301e-05         1.3986      -0.614201
         C              0              0              0
         C    1.69407e-21              0        1.52761
         C   -1.16242e-05        1.39902         2.1399
         H   -3.77812e-05        1.36329        -1.7046
         H       0.873206      -0.553488        1.88618
         H      -0.873195      -0.553524         1.8862
         H      -0.879057        1.96581        1.82466
         H       0.879062        1.96581        1.82468
         H   -3.77863e-05        1.36672        3.23026
         H      -0.879077        1.96611      -0.300233
         H       0.879084         1.9661      -0.300255
         H        0.87311      -0.553772      -0.358225
         H      -0.873101      -0.553812      -0.358243
14
Butane-rotate_fragment_19
         C       0.242854        1.37735      -0.614201
         C              0              0              0
         C    1.69407e-21              0        1.52761
         C   -1.16242e-05        1.39902         2.1399
         H       0.236696        1.34258        -1.7046
         H       0.873206      -0.553488        1.88618
         H      -0.873195      -0.553524         1.8862
         H      -0.879057        1.96581        1.82466
         H       0.879062        1.96581        1.82468
         H   -3.77863e-05        1.36672        3.23026
         H       -0.52431        2.08889      -0.300233
         H        1.20714        1.78358      -0.300255
         H       0.763684      -0.696973      -0.358225
         H      -0.956005      -0.393786      -0.358243
14
Butane-rotate_fragment_20
         C        0.47834        1.31426      -0.614201
         C              0              0              0
         C    1.69407e-21              0        1.52761
         C   -1.16242e-05        1.39902         2.1399
         H       0.466237        1.28109        -1.7046
         H       0.873206      -0.553488        1.88618
         H      -0.873195      -0.553524         1.8862
         H      -0.879057        1.96581        1.82466
         H       0.879062        1.96581        1.82468
         H   -3.77863e-05        1.36672        3.23026
         H      -0.153613         2.1482      -0.300233
         H        1.49852        1.54687      -0.300255
         H       0.631054      -0.818997      -0.358225
         H       -1.00986      -0.221795      -0.358243
14
Butane-rotate_fragment_21
         C       0.699291        1.21123      -0.614201
         C              0              0              0
         C    1.69407e-21              0        1.52761
         C   -1.16242e-05        1.39902         2.1399
         H       0.681612        1.18066        -1.7046
         H       0.873206      -0.553488        1.88618
         H      -0.873195      -0.553524         1.8862
         H      -0.879057        1.96581        1.82466
         H       0.879062        1.96581        1.82468
         H   -3.77863e-05        1.36672        3.23026
         H       0.221751        2.14224      -0.300233
         H        1.74436        1.26315      -0.300255
         H       0.479249      -0.916135      -0.358225
         H       -1.03303     -0.0430644      -0.358243
14
Butane-rotate_fragment_22
         C       0.898995         1.0714      -0.614201
         C              0              0              0
         C    1.69407e-21              0        1.52761
         C   -1.16242e-05        1.39902         2.1399
         H       0.876277        1.04436        -1.7046
         H       0.873206      -0.553488        1.88618
         H      -0.873195      -0.553524         1.8862
         H      -0.879057        1.96581        1.82466
         H       0.879062        1.96581        1.82468
         H   -3.77863e-05        1.36672        3.23026
         H       0.590378        2.07119      -0.300233
         H         1.9372       0.941058      -0.300255
         H       0.312883      -0.985438      -0.358225
         H       -1.02482       0.136974      -0.358243
14
Butane-rotate_fragment_23
         C        1.07138       0.899012      -0.614201
         C              0              0              0
         C    1.69407e-21              0        1.52761
         C   -1.16242e-05        1.39902         2.1399
         H        1.04432       0.876335        -1.7046
         H       0.873206      -0.553488        1.88618
         H      -0.873195      -0.553524         1.8862
         H      -0.879057        1.96581        1.82466
         H       0.879062        1.96581        1.82468
         H   -3.77863e-05        1.36672        3.23026
         H       0.941066         1.9372      -0.300233
         H        2.07119       0.590369      -0.300255
         H        0.13701        -1.0248      -0.358225
         H      -0.985463       0.312851      -0.358243
14
Butane-rotate_fragment_24
         C        1.21122        0.69931      -0.614201
         C              0              0              0
         C    1.69407e-21              0        1.52761
         C   -1.16242e-05        1.39902         2.1399
         H        1.18062       0.681677        -1.7046
         H       0.873206      -0.553488        1.88618
         H      -0.873195      -0.553524         1.8862
         H      -0.879057        1.96581        1.82466
         H       0.879062        1.96581        1.82468
         H   -3.77863e-05        1.36672        3.23026
         H        1.26316        1.74436      -0.300233
         H        2.14224       0.221742      -0.300255
         H     -0.0430258       -1.03302      -0.358225
         H      -0.916166       0.479222      -0.358243
14
Butane-rotate_fragment_25
         C        1.31425        0.47836      -0.614201
         C              0              0              0
         C    1.69407e-21              0        1.52761
         C   -1.16242e-05        1.39902         2.1399
         H        1.28106       0.466308        -1.7046
         H       0.873206      -0.553488        1.88618
         H      -0.873195      -0.553524         1.8862
         H      -0.879057        1.96581        1.82466
         H       0.879062        1.96581        1.82468
         H   -3.77863e-05        1.36672        3.23026
         H        1.54687        1.49851      -0.300233
         H         2.1482      -0.153622      -0.300255
         H      -0.221754       -1.00986      -0.358225
         H      -0.819031       0.631032      -0.358243
14
Butane-rotate_fragment_26
         C        1.37735       0.242875      -0.614201
         C              0              0              0
         C    1.69407e-21              0        1.52761
         C   -1.16242e-05        1.39902         2.1399
         H        1.34257        0.23677        -1.7046
         H       0.873206      -0.553488        1.88618
         H      -0.873195      -0.553524         1.8862
         H      -0.879057        1.96581        1.82466
         H       0.879062        1.96581        1.82468
         H   -3.77863e-05        1.36672        3.23026
         H        1.78359        1.20713      -0.300233
         H        2.08889      -0.524319      -0.300255
         H      -0.393745      -0.956007      -0.358225
         H      -0.697011       0.763669      -0.358243
14
Butane-rotate_fragment_27
         C         1.3986    1.06301e-05      -0.614201
         C              0              0              0
         C    1.69407e-21              0        1.52761
         C   -1.16242e-05        1.39902         2.1399
         H        1.36329    3.77812e-05        -1.7046
         H       0.873206      -0.553488        1.88618
         H      -0.873195      -0.553524         1.8862
         H      -0.879057        1.96581        1.82466
         H       0.879062        1.96581        1.82468
         H   -3.77863e-05        1.36672        3.23026
         H        1.96611       0.879077      -0.300233
         H         1.9661      -0.879084      -0.300255
         H      -0.553772       -0.87311      -0.358225
         H      -0.553812       0.873101      -0.358243
14
Butane-rotate_fragment_28
         C        1.37735      -0.242854      -0.614201
         C              0              0              0
         C    1.69407e-21              0        1.52761
         C   -1.16242e-05        1.39902         2.1399
         H        1.34258      -0.236696        -1.7046
         H       0.873206      -0.553488        1.88618
         H      -0.873195      -0.553524         1.8862
         H      -0.879057        1.96581        1.82466
         H       0.879062        1.96581        1.82468
         H   -3.77863e-05        1.36672        3.23026
         H        2.08889        0.52431      -0.300233
         H        1.78358       -1.20714      -0.300255
         H      -0.696973      -0.763684      -0.358225
         H      -0.393786       0.956005      -0.358243
14
Butane-rotate_fragment_29
         C        1.31426       -0.47834      -0.614201
         C              0              0              0
         C    1.69407e-21              0        1.52761
         C   -1.16242e-05        1.39902         2.1399
         H        1.28109      -0.466237        -1.7046
         H       0.873206      -0.553488        1.88618
         H      -0.873195      -0.553524         1.8862
         H      -0.879057        1.96581        1.82466
         H       0.879062        1.96581        1.82468
         H   -3.77863e-05        1.36672        3.23026
         H         2.1482       0.153613      -0.300233
         H        1.54687       -1.49852      -0.300255
         H      -0.818997      -0.631054      -0.358225
         H      -0.221795        1.00986      -0.358243
14
Butane-rotate_fragment_30
         C        1.21123      -0.699291      -0.614201
         C              0              0              0
         C    1.69407e-21              0        1.52761
         C   -1.16242e-05        1.39902         2.1399
         H        1.18066      -0.681612        -1.7046
         H       0.873206      -0.553488        1.88618
         H      -0.873195      -0.553524         1.8862
         H      -0.879057        1.96581        1.82466
         H       0.879062        1.96581        1.82468
         H   -3.77863e-05        1.36672        3.23026
         H        2.14224      -0.221751      -0.300233
         H        1.26315       -1.74436      -0.300255
         H      -0.916135      -0.479249      -0.358225
         H     -0.0430644        1.03303      -0.358243
14
Butane-rotate_fragment_31
         C         1.0714      -0.898995      -0.614201
         C              0              0              0
         C    1.69407e-21              0        1.52761
         C   -1.16242e-05        1.39902         2.1399
         H        1.04436      -0.876277        -1.7046
         H       0.873206      -0.553488        1.88618
         H      -0.873195      -0.553524         1.8862
         H      -0.879057        1.96581        1.82466
         H       0.879062        1.96581        1.82468
         H   -3.77863e-05        1.36672        3.23026
         H        2.07119      -0.590378      -0.300233
         H       0.941058        -1.9372      -0.300255
         H      -0.985438      -0.312883      -0.358225
         H       0.136974        1.02482      -0.358243
14
Butane-rotate_fragment_32
         C       0.899012       -1.07138      -0.614201
         C              0              0              0
         C    1.69407e-21              0        1.52761
         C   -1.16242e-05        1.39902         2.1399
         H       0.876335       -1.04432        -1.7046
         H       0.873206      -0.553488        1.88618
         H      -0.873195      -0.553524         1.8862
         H      -0.879057        1.96581        1.82466
         H       0.879062        1.96581        1.82468
         H   -3.77863e-05        1.36672        3.23026
         H         1.9372      -0.941066      -0.300233
         H       0.590369       -2.07119      -0.300255
         H        -1.0248       -0.13701      -0.358225
         H       0.312851       0.985463      -0.358243
14
Butane-rotate_fragment_33
         C        0.69931       -1.21122      -0.614201
         C              0              0              0
         C    1.69407e-21              0        1.52761
         C   -1.16242e-05        1.39902         2.1399
         H       0.681677       -1.18062        -1.7046
         H       0.873206      -0.553488        1.88618
         H      -0.873195      -0.553524         1.8862
         H      -0.879057        1.96581        1.82466
         H       0.879062        1.96581        1.82468
         H   -3.77863e-05        1.36672        3.23026
         H        1.74436       -1.26316      -0.300233
         H       0.221742       -2.14224      -0.300255
         H       -1.03302      0.0430258      -0.358225
         H       0.479222       0.916166      -0.358243
14
Butane-rotate_fragment_34
         C        0.47836       -1.31425      -0.614201
         C              0              0              0
         C    1.69407e-21              0        1.52761
         C   -1.16242e-05        1.39902         2.1399
         H       0.466308       -1.28106        -1.7046
         H       0.873206      -0.553488        1.88618
         H      -0.873195      -0.553524         1.8862
         H      -0.879057        1.96581        1.82466
         H       0.879062        1.96581        1.82468
         H   -3.77863e-05        1.36672        3.23026
         H        1.49851       -1.54687      -0.300233
         H      -0.153622        -2.1482      -0.300255
         H       -1.00986       0.221754      -0.358225
         H       0.631032       0.819031      -0.358243
14
Butane-rotate_fragment_35
         C       0.242875       -1.37735      -0.614201
         C              0              0              0
         C    1.69407e-21              0        1.52761
         C   -1.16242e-05        1.39902         2.1399
         H        0.23677       -1.34257        -1.7046
         H       0.873206      -0.553488        1.88618
         H      -0.873195      -0.553524         1.8862
         H      -0.879057        1.96581        1.82466
         H       0.879062        1.96581        1.82468
         H   -3.77863e-05        1.36672        3.23026
         H        1.20713       -1.78359      -0.300233
         H      -0.524319       -2.08889      -0.300255
         H      -0.956007       0.393745      -0.358225
         H       0.763669       0.697011      -0.358243
14
Butane-orig_coords
         C        1.95884      -0.129992    1.49831e-06
         C       0.570499       0.507071    -4.9686e-06
         C      -0.571094      -0.507989    5.38593e-06
         C       -1.95828       0.130657   -2.08799e-06
         H        2.75024       0.620944    2.12583e-05
         H      -0.471274       -1.15987       0.873213
         H      -0.471272       -1.15992      -0.873188
         H       -2.09932       0.763688      -0.879049
         H       -2.09933       0.763678        0.87907
         H       -2.75166      -0.618001   -2.08594e-05
         H         2.1013      -0.762716        0.87907
         H        2.10131      -0.762706      -0.879091
         H       0.470231        1.15894      -0.873117
         H       0.470226        1.15899       0.873094
 -- Total time elapsed: 9 seconds.

System saved to out.xml
Total time elapsed: 9 seconds.
