
            /|      /|                        \   
           / |     / | ________________________\  
          /  |    /  |  _   _             _   _   
         /   |   /   | / \ / \ |\     /| / \ / \  
        /    |  /    | \_/ \_  | \   / | \_/ |_/  
       /     | /     | /     \ |  \ /  | /   | \  
    \_/      |/      | \_/ \_/ |   V   | \_/ |  \ 

     Mesmer: Master Equation Solver for Multi-Energy well Reactions
     Mesmer v6.0 compiled: -- Mar 28 2020 -- 15:01:47

     Copyright (C) 2009-2020 by
     Struan H. Robertson, Chris Morley, Chi-Hsiu Liang,
     David R. Glowacki, Michael J. Pilling and contributors

     Mesmer is free software: you can redistribute it and/or modify
     it under the terms of the GNU Public License as published by
     the Free Software Foundation, either version 2 of the License,
     or (at your option) any later version.

     But WITHOUT ANY WARRANTY; without even the implied warranty of
     MERCHANTABILITY or FITNESS FOR A PARTICULAR PURPOSE.  See the
     GNU Public License for more details.

    You should have received a copy of the GNU Public License
    along with Mesmer.  If not, see <http://www.gnu.org/licenses/>.

                     Platform:        Linux
                     Execution Date:  Sat Mar 28 16:12:41 2020
                     Number of ranks: 12

defaults.xml, librarymols.xml are in ../..

Parsing input xml file...
HCCH_methylene.xml

The default value of me:calcMethod was used.
--Parse data for simpleCalc
Energy convention "" written to <moleculeList>
In He: He copied from ../../librarymols.xml
In R1: Parsing reaction...Association reaction
In R1: No imaginary vibrational frequency. Check if there is tunneling.
--Parse data for LandauZenerCrossing
In R1: No tunneling method used for R1
In R1: Not a unimolecular reaction: look for excess reactant concentration.
The default value of the attribute precision was used.
1Torr, 195K at d precision with He
The default value of the attribute precision was used.
1Torr, 298K at d precision with He
The default value of me:ForceMacroDetailedBalance was used.
Write metadata 20200328_161241

File: "HCCH_methylene.xml" successfully parsed.
Main Calculation begins
Now calculating...

--Execute calcMethod simpleCalc
In triplet: The default value of the attribute spinMultiplicity was used.
The default value of me:DistributionCalcMethod was used.
--Parse data for Boltzmann
--Parse data for ExponentialDown
Number of cells = 50000, Number of grains = 1523
In FastLaplaceConvolution: 1660 values in the FFT convolution routine were replaced by standard convolution
In FastLaplaceConvolution: 240 values in the FFT convolution routine were replaced by standard convolution
 -- Total time elapsed: 0 seconds.


    Temperature  Concentration    Exp. Coeff.    Cal. Coeff.


System saved to mesmer_out.xml
Total time elapsed: 0 seconds.
