
            /|      /|                        \   
           / |     / | ________________________\  
          /  |    /  |  _   _             _   _   
         /   |   /   | / \ / \ |\     /| / \ / \  
        /    |  /    | \_/ \_  | \   / | \_/ |_/  
       /     | /     | /     \ |  \ /  | /   | \  
    \_/      |/      | \_/ \_/ |   V   | \_/ |  \ 

     Mesmer: Master Equation Solver for Multi-Energy well Reactions
     Mesmer v7.0 compiled: -- Oct 23 2022 -- 14:01:55

     Copyright (C) 2009-2022 by
     Struan H. Robertson, Chris Morley, Chi-Hsiu Liang,
     David R. Glowacki, Michael J. Pilling and contributors

     Mesmer is free software: you can redistribute it and/or modify
     it under the terms of the GNU Public License as published by
     the Free Software Foundation, either version 2 of the License,
     or (at your option) any later version.

     But WITHOUT ANY WARRANTY; without even the implied warranty of
     MERCHANTABILITY or FITNESS FOR A PARTICULAR PURPOSE.  See the
     GNU Public License for more details.

    You should have received a copy of the GNU Public License
    along with Mesmer.  If not, see <http://www.gnu.org/licenses/>.

                     Platform:        Linux
                     Execution Date:  Sun Oct 23 14:46:08 2022
                     Number of ranks: 12

defaults.xml, librarymols.xml are in ../..

Parsing input xml file...
CH3_CH3_to_C2H6.xml

--Parse data for marquardt
The default value of me:MarquardtLambda was used.
The default value of me:MarquardtLambdaScale was used.
Energy convention "" written to <moleculeList>
In R1: Parsing reaction...Second Order Association reaction
In C2H6: Hindered rotor b1
In C2H6: The default value of me:DistributionCalcMethod was used.
In C2H6: --Parse data for Boltzmann
In C2H6: --Parse data for ExponentialDown
In C2H6: C2H6:deltaEDown:Ar was given a range with 66 steps 
In C2H6: C2H6:deltaEDown:He was given a range with 66 steps 
In R1: --Parse data for MesmerILT
In R1: R1:preExponential was given a range with 701 steps 
In R1: R1:nInfinity was given a range with 361 steps 
In R1: No tunneling method used for R1
1090Torr, 1177K at d precision with Ar
Excess Reactant Conc. for reaction R1 = 1e+15 particles per cc
1790Torr, 1366K at d precision with Ar
Excess Reactant Conc. for reaction R1 = 1e+15 particles per cc
1850Torr, 1403K at d precision with Ar
Excess Reactant Conc. for reaction R1 = 1e+15 particles per cc
1740Torr, 1412K at d precision with Ar
Excess Reactant Conc. for reaction R1 = 1e+15 particles per cc
1670Torr, 1426K at d precision with Ar
Excess Reactant Conc. for reaction R1 = 1e+15 particles per cc
1310Torr, 1724K at d precision with Ar
Excess Reactant Conc. for reaction R1 = 1e+15 particles per cc
1310Torr, 1734K at d precision with Ar
Excess Reactant Conc. for reaction R1 = 1e+15 particles per cc
1330Torr, 1742K at d precision with Ar
Excess Reactant Conc. for reaction R1 = 1e+15 particles per cc
1090Torr, 1298K at d precision with Ar
Excess Reactant Conc. for reaction R1 = 1e+15 particles per cc
1020Torr, 1306K at d precision with Ar
Excess Reactant Conc. for reaction R1 = 1e+15 particles per cc
985Torr, 1345K at d precision with Ar
Excess Reactant Conc. for reaction R1 = 1e+15 particles per cc
1190Torr, 1175K at d precision with Ar
Excess Reactant Conc. for reaction R1 = 1e+15 particles per cc
1100Torr, 1215K at d precision with Ar
Excess Reactant Conc. for reaction R1 = 1e+15 particles per cc
1040Torr, 1321K at d precision with Ar
Excess Reactant Conc. for reaction R1 = 1e+15 particles per cc
1060Torr, 1357K at d precision with Ar
Excess Reactant Conc. for reaction R1 = 1e+15 particles per cc
931Torr, 1394K at d precision with Ar
Excess Reactant Conc. for reaction R1 = 1e+15 particles per cc
857Torr, 1513K at d precision with Ar
Excess Reactant Conc. for reaction R1 = 1e+15 particles per cc
1600Torr, 1537K at d precision with Ar
Excess Reactant Conc. for reaction R1 = 1e+15 particles per cc
3.1Torr, 305K at d precision with He
Excess Reactant Conc. for reaction R1 = 1e+15 particles per cc
6.1Torr, 305K at d precision with He
Excess Reactant Conc. for reaction R1 = 1e+15 particles per cc
10.1Torr, 305K at d precision with He
Excess Reactant Conc. for reaction R1 = 1e+15 particles per cc
1.15Torr, 515K at d precision with He
Excess Reactant Conc. for reaction R1 = 1e+15 particles per cc
3.15Torr, 515K at d precision with He
Excess Reactant Conc. for reaction R1 = 1e+15 particles per cc
6.15Torr, 515K at d precision with He
Excess Reactant Conc. for reaction R1 = 1e+15 particles per cc
10.2Torr, 515K at d precision with He
Excess Reactant Conc. for reaction R1 = 1e+15 particles per cc
1.7Torr, 715K at d precision with He
Excess Reactant Conc. for reaction R1 = 1e+15 particles per cc
3.2Torr, 715K at d precision with He
Excess Reactant Conc. for reaction R1 = 1e+15 particles per cc
6.2Torr, 715K at d precision with He
Excess Reactant Conc. for reaction R1 = 1e+15 particles per cc
10.2Torr, 715K at d precision with He
Excess Reactant Conc. for reaction R1 = 1e+15 particles per cc
The default value of the attribute Tstep was used.
The default value of the attribute Tmin was used.
The default value of the attribute Tmax was used.
The default value of me:ForceMacroDetailedBalance was used.
Write metadata 20221023_144608

File: "CH3_CH3_to_C2H6.xml" successfully parsed.
Main Calculation begins
Now calculating...

--Execute calcMethod marquardt
In FastLaplaceConvolution: 1660 values in the FFT convolution routine were replaced by standard convolution
In FastLaplaceConvolution: 960 values in the FFT convolution routine were replaced by standard convolution
At present it is not possible to print profiles for systems with a second order term.

Chi^2 = 52.2667 Lambda = 1
C2H6:deltaEDown:Ar=302  C2H6:deltaEDown:He=230  R1:preExponential=5.73e-11  R1:nInfinity=-0.26  
In FastLaplaceConvolution: 920 values in the FFT convolution routine were replaced by standard convolution
In FastLaplaceConvolution: 940 values in the FFT convolution routine were replaced by standard convolution

Chi^2 = 41.6906 Lambda = 0.1
C2H6:deltaEDown:Ar=302.909  C2H6:deltaEDown:He=263.196  R1:preExponential=5.64745e-11  R1:nInfinity=-0.320533  
Iteration: 1 of Marquardt. ChiSquare = 41.6906, Lambda = 0.1
In FastLaplaceConvolution: 660 values in the FFT convolution routine were replaced by standard convolution

Chi^2 = 31.4862 Lambda = 0.01
C2H6:deltaEDown:Ar=342.262  C2H6:deltaEDown:He=333.326  R1:preExponential=5.23736e-11  R1:nInfinity=-0.571987  
Iteration: 2 of Marquardt. ChiSquare = 31.4862, Lambda = 0.01
Number of cells = 50000, Number of grains = 674
Number of cells = 50000, Number of grains = 682
Number of cells = 50000, Number of grains = 543
 -- Total time elapsed: 123 seconds.


    Temperature  Concentration    Exp. Coeff.    Cal. Coeff.

           1177    8.94271e+18        7.5e-12    8.34487e-12
           1366    1.26538e+19        6.7e-12      5.139e-12
           1403    1.27331e+19        6.8e-12    4.53944e-12
           1412    1.18996e+19        6.1e-12     4.2622e-12
           1426    1.13088e+19        6.2e-12    3.95955e-12
           1724    7.33759e+18       1.16e-12    9.96723e-13
           1734    7.29527e+18        8.6e-13    9.53877e-13
           1742    7.37264e+18        8.8e-13     9.2976e-13
           1298    8.10907e+18        5.3e-12    5.33317e-12
           1306    7.54182e+18        6.2e-12    5.01867e-12
           1345    7.07185e+18        5.9e-12    4.23135e-12
           1175    9.77977e+18        5.2e-12    8.67893e-12
           1215     8.7425e+18        7.2e-12    7.30713e-12
           1321    7.60238e+18        7.2e-12    4.77428e-12
           1357    7.54302e+18        4.2e-12    4.17659e-12
           1394    6.44921e+18        5.2e-12    3.37106e-12
           1513    5.46967e+18       2.09e-12    1.94463e-12
           1537    1.00523e+19          4e-12    2.48606e-12
            305    9.81479e+16       4.81e-11    4.79942e-11
            305     1.9313e+17       5.12e-11    4.97985e-11
            305    3.19772e+17       5.27e-11    5.06907e-11
            515     2.1563e+16       1.29e-11    1.44521e-11
            515     5.9064e+16       1.99e-11     2.0364e-11
            515    1.15315e+17        2.4e-11    2.42785e-11
            515    1.91255e+17       2.64e-11    2.70437e-11
            715    2.29595e+16        5.8e-12     4.9206e-12
            715    4.32179e+16        8.2e-12    6.76564e-12
            715    8.37346e+16       1.02e-11    9.11381e-12
            715    1.37757e+17       1.28e-11    1.11334e-11


Chi^2 = 31.4862

Best fit parameters:

C2H6:deltaEDown:Ar = 342.262 +/- 41.0326
C2H6:deltaEDown:He = 333.326 +/- 42.4719
R1:preExponential = 5.23736e-11 +/- 3.0774e-12
R1:nInfinity = -0.571987 +/- 0.208174

Correlation coefficients:

C2H6:deltaEDown:He , C2H6:deltaEDown:Ar = 0.480738
R1:preExponential , C2H6:deltaEDown:Ar = 0.0165921
R1:preExponential , C2H6:deltaEDown:He = -0.43214
R1:nInfinity , C2H6:deltaEDown:Ar = -0.844789
R1:nInfinity , C2H6:deltaEDown:He = -0.40946
R1:nInfinity , R1:preExponential = -0.286336

Goodness of Fit:

Number of degrees of Freedom = 25
Chi^2 probability = 0.17342

System saved to mesmer_out.xml
Total time elapsed: 123 seconds.
