
            /|      /|                        \   
           / |     / | ________________________\  
          /  |    /  |  _   _             _   _   
         /   |   /   | / \ / \ |\     /| / \ / \  
        /    |  /    | \_/ \_  | \   / | \_/ |_/  
       /     | /     | /     \ |  \ /  | /   | \  
    \_/      |/      | \_/ \_/ |   V   | \_/ |  \ 

     Mesmer: Master Equation Solver for Multi-Energy well Reactions
     Mesmer v6.1 compiled: -- May 26 2021 -- 23:56:09

     Copyright (C) 2009-2021 by
     Struan H. Robertson, Chris Morley, Chi-Hsiu Liang,
     David R. Glowacki, Michael J. Pilling and contributors

     Mesmer is free software: you can redistribute it and/or modify
     it under the terms of the GNU Public License as published by
     the Free Software Foundation, either version 2 of the License,
     or (at your option) any later version.

     But WITHOUT ANY WARRANTY; without even the implied warranty of
     MERCHANTABILITY or FITNESS FOR A PARTICULAR PURPOSE.  See the
     GNU Public License for more details.

    You should have received a copy of the GNU Public License
    along with Mesmer.  If not, see <http://www.gnu.org/licenses/>.

                     Platform:        Linux
                     Execution Date:  Thu May 27 08:54:05 2021
                     Number of ranks: 12

defaults.xml, librarymols.xml are in ../..

Parsing input xml file...
cis_to_trans_But-2-eneEx.xml

--Parse data for simpleCalc
Energy convention "" written to <moleculeList>
In R1: Parsing reaction...Isomerization reaction
In trans-But-2-ene: The default value of me:DistributionCalcMethod was used.
In trans-But-2-ene: --Parse data for Boltzmann
In trans-But-2-ene: --Parse data for ExponentialDown
In cis-But-2-ene: --Parse data for Boltzmann
In cis-But-2-ene: --Parse data for ExponentialDown
In R1: No imaginary vibrational frequency. Check if there is tunneling.
--Parse data for RRKM
In R1: No tunneling method used for R1
In R2: Parsing reaction...Irreversible unimolecular reaction
In R2: No imaginary vibrational frequency. Check if there is tunneling.
--Parse data for RRKM
In R2: No tunneling method used for R2
0.004mbar, 1200K at d precision with He
0.004mbar, 1300K at d precision with He
The default value of the attribute Tstep was used.
The default value of the attribute Tmin was used.
The default value of the attribute Tmax was used.
The default value of me:ForceMacroDetailedBalance was used.
Write metadata 20210527_085405

File: "cis_to_trans_But-2-eneEx.xml" successfully parsed.
Main Calculation begins
Now calculating...

--Execute calcMethod simpleCalc
Number of cells = 50000, Number of grains = 161
In Butadiene: The default value of me:DOSCMethod was used.
In H2: Cannot find me:vibFreqs or me:hessian. Assuming an atom or a sink molecule.
In H2: No rotational constants from <me:rotConsts> or structure. Assuming an atom or a sink molecule.
In H2: The default value of me:DOSCMethod was used.
In H2: The default value of the attribute spinMultiplicity was used.
gDensityOfStates initialization failed.
 -- Total time elapsed: 5 seconds.


    Temperature  Concentration    Exp. Coeff.    Cal. Coeff.


System saved to mesmer_out.xml
Total time elapsed: 5 seconds.
