
            /|      /|                        \   
           / |     / | ________________________\  
          /  |    /  |  _   _             _   _   
         /   |   /   | / \ / \ |\     /| / \ / \  
        /    |  /    | \_/ \_  | \   / | \_/ |_/  
       /     | /     | /     \ |  \ /  | /   | \  
    \_/      |/      | \_/ \_/ |   V   | \_/ |  \ 

     Mesmer: Master Equation Solver for Multi-Energy well Reactions
     Mesmer v7.0 compiled: -- Apr 25 2022 -- 23:32:07

     Copyright (C) 2009-2022 by
     Struan H. Robertson, Chris Morley, Chi-Hsiu Liang,
     David R. Glowacki, Michael J. Pilling and contributors

     Mesmer is free software: you can redistribute it and/or modify
     it under the terms of the GNU Public License as published by
     the Free Software Foundation, either version 2 of the License,
     or (at your option) any later version.

     But WITHOUT ANY WARRANTY; without even the implied warranty of
     MERCHANTABILITY or FITNESS FOR A PARTICULAR PURPOSE.  See the
     GNU Public License for more details.

    You should have received a copy of the GNU Public License
    along with Mesmer.  If not, see <http://www.gnu.org/licenses/>.

                     Platform:        Linux
                     Execution Date:  Tue Apr 26 00:21:49 2022
                     Number of ranks: 12

defaults.xml, librarymols.xml are in ../..

Parsing input xml file...
ipropyl_EP.xml

--Parse data for marquardt
The default value of me:MarquardtLambda was used.
The default value of me:MarquardtLambdaScale was used.
Energy convention "" written to <moleculeList>
In R1: Parsing reaction...Irreversible unimolecular reaction
In i-propyl: Hindered rotor b1
In i-propyl: Hindered rotor b2
In i-propyl: The default value of me:DistributionCalcMethod was used.
In i-propyl: --Parse data for Boltzmann
In i-propyl: --Parse data for ExponentialDown
In i-propyl: i-propyl:deltaEDown was given a range with 15 steps 
In R1: --Parse data for MesmerILT
In propene: Hindered rotor b1
In propene: propene:ZPE was given a range with 401 steps 
In H: The default value of me:DOSCMethod was used.
In H: The default value of the attribute spinMultiplicity was used.
In R1: No tunneling method used for R1
The default value of the attribute precision was used.
3e+17PPCC, 720K at d precision with He
The default value of the attribute precision was used.
3.01e+17PPCC, 730K at d precision with He
The default value of the attribute precision was used.
1.8e+17PPCC, 740K at d precision with He
The default value of the attribute precision was used.
2.4e+17PPCC, 740K at d precision with He
The default value of the attribute precision was used.
3e+17PPCC, 740K at d precision with He
The default value of the attribute precision was used.
1.2e+17PPCC, 750K at d precision with He
The default value of the attribute precision was used.
1.8e+17PPCC, 750K at d precision with He
The default value of the attribute precision was used.
2.41e+17PPCC, 750K at d precision with He
The default value of the attribute precision was used.
3e+17PPCC, 750K at d precision with He
The default value of the attribute precision was used.
6.02e+16PPCC, 760K at d precision with He
The default value of the attribute precision was used.
9.02e+16PPCC, 760K at d precision with He
The default value of the attribute precision was used.
1.2e+17PPCC, 760K at d precision with He
The default value of the attribute precision was used.
1.81e+17PPCC, 760K at d precision with He
The default value of the attribute precision was used.
2.4e+17PPCC, 760K at d precision with He
The default value of the attribute precision was used.
3e+17PPCC, 760K at d precision with He
The default value of the attribute precision was used.
6.01e+16PPCC, 770K at d precision with He
The default value of the attribute precision was used.
9e+16PPCC, 770K at d precision with He
The default value of the attribute precision was used.
1.2e+17PPCC, 770K at d precision with He
The default value of the attribute precision was used.
1.8e+17PPCC, 770K at d precision with He
The default value of the attribute precision was used.
2.41e+17PPCC, 770K at d precision with He
The default value of the attribute precision was used.
3e+17PPCC, 770K at d precision with He
The default value of the attribute precision was used.
3e+16PPCC, 780K at d precision with He
The default value of the attribute precision was used.
6.01e+16PPCC, 780K at d precision with He
The default value of the attribute precision was used.
9e+16PPCC, 780K at d precision with He
The default value of the attribute precision was used.
1.2e+17PPCC, 780K at d precision with He
The default value of the attribute precision was used.
1.8e+17PPCC, 780K at d precision with He
The default value of the attribute precision was used.
2.4e+17PPCC, 780K at d precision with He
The default value of the attribute precision was used.
3e+17PPCC, 780K at d precision with He
The default value of the attribute precision was used.
3e+16PPCC, 790K at d precision with He
The default value of the attribute precision was used.
6.01e+16PPCC, 790K at d precision with He
The default value of the attribute precision was used.
9e+16PPCC, 790K at d precision with He
The default value of the attribute precision was used.
1.2e+17PPCC, 790K at d precision with He
The default value of the attribute precision was used.
1.8e+17PPCC, 790K at d precision with He
The default value of the attribute precision was used.
2.4e+17PPCC, 790K at d precision with He
The default value of the attribute precision was used.
3e+17PPCC, 790K at d precision with He
The default value of the attribute precision was used.
3e+16PPCC, 800K at d precision with He
The default value of the attribute precision was used.
6.01e+16PPCC, 800K at d precision with He
The default value of the attribute precision was used.
9e+16PPCC, 800K at d precision with He
The default value of the attribute precision was used.
1.21e+17PPCC, 800K at d precision with He
The default value of the attribute precision was used.
1.8e+17PPCC, 800K at d precision with He
The default value of the attribute precision was used.
2.4e+17PPCC, 800K at d precision with He
The default value of the attribute precision was used.
3e+17PPCC, 800K at d precision with He
The default value of the attribute precision was used.
3e+16PPCC, 810K at d precision with He
The default value of the attribute precision was used.
6e+16PPCC, 810K at d precision with He
The default value of the attribute precision was used.
9e+16PPCC, 810K at d precision with He
The default value of the attribute precision was used.
1.21e+17PPCC, 810K at d precision with He
The default value of the attribute precision was used.
1.81e+17PPCC, 810K at d precision with He
The default value of the attribute precision was used.
2.4e+17PPCC, 810K at d precision with He
The default value of the attribute precision was used.
3e+17PPCC, 810K at d precision with He
The default value of the attribute precision was used.
3e+16PPCC, 820K at d precision with He
The default value of the attribute precision was used.
6.01e+16PPCC, 820K at d precision with He
The default value of the attribute precision was used.
9.01e+16PPCC, 820K at d precision with He
The default value of the attribute precision was used.
1.21e+17PPCC, 820K at d precision with He
The default value of the attribute precision was used.
1.8e+17PPCC, 820K at d precision with He
The default value of the attribute precision was used.
2.4e+17PPCC, 820K at d precision with He
The default value of the attribute precision was used.
3e+17PPCC, 820K at d precision with He
The default value of the attribute precision was used.
3e+16PPCC, 830K at d precision with He
The default value of the attribute precision was used.
6e+16PPCC, 830K at d precision with He
The default value of the attribute precision was used.
9e+16PPCC, 830K at d precision with He
The default value of the attribute precision was used.
1.2e+17PPCC, 830K at d precision with He
The default value of the attribute precision was used.
1.8e+17PPCC, 830K at d precision with He
The default value of the attribute precision was used.
3.01e+16PPCC, 840K at d precision with He
The default value of the attribute precision was used.
6e+16PPCC, 840K at d precision with He
The default value of the attribute precision was used.
9e+16PPCC, 840K at d precision with He
The default value of the attribute precision was used.
1.2e+17PPCC, 840K at d precision with He
The default value of the attribute precision was used.
3e+16PPCC, 850K at d precision with He
The default value of the attribute precision was used.
6e+16PPCC, 850K at d precision with He
The default value of the attribute precision was used.
3.01e+16PPCC, 860K at d precision with He
The default value of the attribute precision was used.
6.03e+16PPCC, 860K at d precision with He
The default value of the attribute precision was used.
3.01e+16PPCC, 870K at d precision with He
The default value of the attribute precision was used.
3e+16PPCC, 880K at d precision with He
The default value of me:ForceMacroDetailedBalance was used.
--Parse data for ErrorPropagation
The default value of me:errorPropagationSamples was used.
3e+17PPCC, 1000K at d precision with He
3e+16PPCC, 1000K at d precision with He
The default value of me:ForceMacroDetailedBalance was used.
Write metadata 20220426_002149

File: "ipropyl_EP.xml" successfully parsed.
Main Calculation begins
Now calculating...

--Execute calcMethod marquardt using first conditions block 
Number of grains produced is not equal to that requested for: H
Number of grains requested: 500
Number of grains produced : 1
In FastLaplaceConvolution: 5920 values in the FFT convolution routine were replaced by standard convolution

Chi^2 = 1206.07 Lambda = 1
i-propyl:deltaEDown=190  propene:ZPE=13000  

Chi^2 = 38.1926 Lambda = 0.1
i-propyl:deltaEDown=245.084  propene:ZPE=12757.6  
Iteration: 1 of Marquardt. ChiSquare = 38.1926, Lambda = 0.1

Chi^2 = 18.1678 Lambda = 0.01
i-propyl:deltaEDown=246.208  propene:ZPE=12717.4  
Iteration: 2 of Marquardt. ChiSquare = 18.1678, Lambda = 0.01

Chi^2 = 16.2205 Lambda = 0.001
i-propyl:deltaEDown=230.487  propene:ZPE=12672.8  
Iteration: 3 of Marquardt. ChiSquare = 16.2205, Lambda = 0.001

Chi^2 = 16.0265 Lambda = 0.0001
i-propyl:deltaEDown=225.91  propene:ZPE=12656.5  
Iteration: 4 of Marquardt. ChiSquare = 16.0265, Lambda = 0.0001

Chi^2 = 16.0201 Lambda = 1e-05
i-propyl:deltaEDown=225.747  propene:ZPE=12655.1  
Iteration: 5 of Marquardt. ChiSquare = 16.0201, Lambda = 1e-05
Number of cells = 50000, Number of grains = 183
Number of cells = 50000, Number of grains = 185
Number of cells = 50000, Number of grains = 187
Number of cells = 50000, Number of grains = 188
Number of cells = 50000, Number of grains = 189
Number of cells = 50000, Number of grains = 190

    Temperature  Concentration    Exp. Coeff.    Cal. Coeff.

            720          3e+17           41.5        37.5629
            730       3.01e+17           51.1         51.547
            740        1.8e+17           55.5        56.9979
            740        2.4e+17           70.1        64.0788
            740          3e+17           71.1          69.84
            750        1.2e+17           55.3        63.5053
            750        1.8e+17           67.2        76.0605
            750       2.41e+17           86.4        85.9276
            750          3e+17            102         93.736
            760       6.02e+16           51.9        59.3591
            760       9.02e+16           65.7        72.8208
            760        1.2e+17           76.5         83.535
            760       1.81e+17             95        100.717
            760        2.4e+17            123        113.658
            760          3e+17            128        124.488
            770       6.01e+16           68.9        76.7365
            770          9e+16           89.2        94.4913
            770        1.2e+17             99        108.827
            770        1.8e+17            121        131.445
            770       2.41e+17            159        149.423
            770          3e+17            164        163.781
            780          3e+16           65.5        66.5809
            780       6.01e+16           89.1        98.3773
            780          9e+16            114        121.613
            780        1.2e+17            125        140.466
            780        1.8e+17            165        170.365
            780        2.4e+17            203        193.912
            780          3e+17            213        213.445
            790          3e+16             77        84.0739
            790       6.01e+16            119        125.009
            790          9e+16            154        155.131
            790        1.2e+17            170        179.686
            790        1.8e+17            219        218.822
            790        2.4e+17            258        249.802
            790          3e+17            288          275.6
            800          3e+16           96.1        105.272
            800       6.01e+16            147        157.502
            800          9e+16            199        196.197
            800       1.21e+17          223.5        228.853
            800        1.8e+17            302        278.646
            800        2.4e+17            341        319.041
            800          3e+17            350        352.828
            810          3e+16            124        130.752
            810          6e+16            185        196.634
            810          9e+16            248        246.092
            810       1.21e+17            274        287.866
            810       1.81e+17            379        352.829
            810        2.4e+17            402         404.06
            810          3e+17            492        447.895
            820          3e+16            160        161.137
            820       6.01e+16            239        244.016
            820       9.01e+16            320        306.417
            820       1.21e+17            363        359.211
            820        1.8e+17            447        440.773
            820        2.4e+17            554        507.608
            820          3e+17            549        563.967
            830          3e+16            189        197.099
            830          6e+16            287        299.945
            830          9e+16            375        378.153
            830        1.2e+17            447        442.812
            830        1.8e+17            570        547.865
            840       3.01e+16            252        239.859
            840          6e+16            349        366.353
            840          9e+16            471        463.532
            840        1.2e+17            559        544.217
            850          3e+16            314        288.651
            850          6e+16            444        444.319
            860       3.01e+16            378        346.533
            860       6.03e+16            535        536.858
            870       3.01e+16            436        412.471
            880          3e+16            535        486.848


Chi^2 = 16.0201

Best fit parameters:

i-propyl:deltaEDown = 225.747 +/- 13.605
propene:ZPE = 12655.1 +/- 45.7326

Correlation coefficients:

propene:ZPE , i-propyl:deltaEDown = 0.972248

Goodness of Fit:

Number of degrees of Freedom = 69
Chi^2 probability = 1


--Execute calcMethod ErrorPropagation using second conditions block 
 -- Total time elapsed: 24 seconds.

System saved to mesmer_out.xml
Total time elapsed: 24 seconds.
