
            /|      /|                        \   
           / |     / | ________________________\  
          /  |    /  |  _   _             _   _   
         /   |   /   | / \ / \ |\     /| / \ / \  
        /    |  /    | \_/ \_  | \   / | \_/ |_/  
       /     | /     | /     \ |  \ /  | /   | \  
    \_/      |/      | \_/ \_/ |   V   | \_/ |  \ 

     Mesmer: Master Equation Solver for Multi-Energy well Reactions
     Mesmer v7.0 compiled: -- Mar 12 2023 -- 16:49:12

     Copyright (C) 2009-2022 by
     Struan H. Robertson, Chris Morley, Chi-Hsiu Liang,
     David R. Glowacki, Michael J. Pilling and contributors

     Mesmer is free software: you can redistribute it and/or modify
     it under the terms of the GNU Public License as published by
     the Free Software Foundation, either version 2 of the License,
     or (at your option) any later version.

     But WITHOUT ANY WARRANTY; without even the implied warranty of
     MERCHANTABILITY or FITNESS FOR A PARTICULAR PURPOSE.  See the
     GNU Public License for more details.

    You should have received a copy of the GNU Public License
    along with Mesmer.  If not, see <http://www.gnu.org/licenses/>.

                     Platform:        Windows
                     Execution Date:  Sun Mar 12 17:41:37 2023
                     Number of ranks: 4

defaults.xml, librarymols.xml are in ../..

Parsing input xml file...
Chebyshev.xml

--Parse data for analyticalRepresentation
Energy convention "" written to <moleculeList>
In R1: Parsing reaction...Association reaction
In CH3OCH2: WARNING: When calculating frequencies from a Hessian it is critical
     that the Hessian and species coordinates are expressed relative to
     the same Cartesian coordinate system.
In CH3OCH2: Vibrational frequencies (cm-1) were calculated from Hessian:
  169.672 287.888 439.421 568.322 1021.55 1155.2 1192.08 1282.47 1343.7 1471.44 
  1500.2 1508.72 1523.12 3088.04 3165.17 3197.22 3233.15 3356.85 
In CH3OCH2: The default value of me:DOSCMethod was used.
In CH3OCH2: Hindered rotor b5
In CH3OCH2: Hindered rotor b4
In CH3OCH2: WARNING: The Fourier expansion for the internal rotor potential for bond b4 of 
In CH3OCH2: species CH3OCH2, differs at the minimum from the value entered by more than 20 cm-1.
In CH3OCH2: More terms in the Fourier expansion may be needed.
In IM1: WARNING: When calculating frequencies from a Hessian it is critical
     that the Hessian and species coordinates are expressed relative to
     the same Cartesian coordinate system.
In IM1: Vibrational frequencies (cm-1) were calculated from Hessian:
  91.8598 128.883 187.165 391.187 483.297 594.928 938.428 1012.93 1151.6 1194.73 
  1218.54 1282.75 1305.74 1357.96 1435.01 1483.25 1499.22 1510.87 1516.91 3096.22 
  3126.84 3182.05 3236.78 3239.2 
In IM1: Hindered rotor b5
In IM1: Hindered rotor b4
In IM1: Hindered rotor b8
In IM1: The default value of me:DistributionCalcMethod was used.
In IM1: --Parse data for Boltzmann
In IM1: --Parse data for ExponentialDown
In R1: --Parse data for MesmerILT
In R1: No tunneling method used for R1
In R2: Parsing reaction...Isomerization reaction
In IM2: WARNING: When calculating frequencies from a Hessian it is critical
     that the Hessian and species coordinates are expressed relative to
     the same Cartesian coordinate system.
In IM2: Vibrational frequencies (cm-1) were calculated from Hessian:
  108.18 163.087 250.225 340.045 406.842 467.08 628.242 646.487 972.437 1023.15 
  1130.32 1157.25 1251.69 1298.98 1363.23 1436 1468.44 1480.03 1513.69 3124.8 
  3200.84 3231.89 3360.58 3889.55 
In IM2: Hindered rotor b1
In IM2: Hindered rotor b2
In IM2: Hindered rotor b3
In IM2: Hindered rotor b4
In IM2: The default value of me:DistributionCalcMethod was used.
In IM2: --Parse data for Boltzmann
In IM2: --Parse data for ExponentialDown
In R2: --Parse data for RRKM
In R2: --Parse data for Eckart
In R3: Parsing reaction...Irreversible unimolecular reaction
In CH2O: Could not find CH2O in ../../librarymols.xml
In TS5: WARNING: When calculating frequencies from a Hessian it is critical
     that the Hessian and species coordinates are expressed relative to
     the same Cartesian coordinate system.
In TS5: Vibrational frequencies (cm-1) were calculated from Hessian:
  78.8008 155.797 210.383 316.503 401.876 532.348 560.927 656.949 928.231 952.154 
  977.833 1200.77 1243.63 1249.83 1361.65 1485.15 1520.63 1587.51 3088.36 3195.55 
  3209.98 3361.1 3759.25 
In TS5: The default value of me:DOSCMethod was used.
In TS5: Hindered rotor b1
In TS5: Hindered rotor b2
In TS5: Hindered rotor b3
In R3: --Parse data for RRKM
In R3: No tunneling method used for R3
In R4: Parsing reaction...Irreversible unimolecular reaction
In R4: --Parse data for RRKM
In R4: No tunneling method used for R4
In R5: Parsing reaction...Irreversible unimolecular reaction
In cycCH2OCH2O: Could not find cycCH2OCH2O in ../../librarymols.xml
In R5: --Parse data for RRKM
In R5: No tunneling method used for R5
No pressure and temperature specified.
Write metadata 20230312_174137

File: "Chebyshev.xml" successfully parsed.
Main Calculation begins
Now calculating...

--Execute calcMethod analyticalRepresentation
In CH2O: Neither chemical structure nor Molecular Weight as an XML property were provided.
In CH2O: Cannot find me:vibFreqs or me:hessian. Assuming an atom or a sink molecule.
In CH2O: No rotational constants from <me:rotConsts> or structure. Assuming an atom or a sink molecule.
In CH2O: The default value of me:DOSCMethod was used.
In CH2O: The default value of the attribute spinMultiplicity was used.
gDensityOfStates initialization failed.
Restricted thermo output for CH2O because it has arbitrary energy data.
In CH3OCH2: energy cannot be converted from arbitrary to thermodynamic298K
enthalpy of formation at 298K:Restricted thermo output for CH3OCH2 because it has arbitrary energy data.
In IM1: energy cannot be converted from arbitrary to thermodynamic298K
enthalpy of formation at 298K:Restricted thermo output for IM1 because it has arbitrary energy data.
In IM2: energy cannot be converted from arbitrary to thermodynamic298K
enthalpy of formation at 298K:Restricted thermo output for IM2 because it has arbitrary energy data.
In O2: To mix thermodynamic and computational energies the molecule needs chemical structure (an atomList at least)
In O2: Missing thermo data for atoms
In OH-1: To mix thermodynamic and computational energies the molecule needs chemical structure (an atomList at least)
In OH-1: Missing thermo data for atoms
In OH-2: enthalpy of formation at 298K:enthalpy of formation at 298K:Cannot find me:vibFreqs or me:hessian. Assuming an atom or a sink molecule.
In OH-2: No rotational constants from <me:rotConsts> or structure. Assuming an atom or a sink molecule.
In OH-2: The default value of me:DOSCMethod was used.
In OH-2: The default value of the attribute spinMultiplicity was used.
In OH-2: enthalpy of formation at 298K:Number of grains produced is not equal to that requested for: OH-2
In OH-2: Number of grains requested: 500
In OH-2: Number of grains produced : 1
In OH-2: To mix thermodynamic and computational energies the molecule needs chemical structure (an atomList at least)
In OH-2: Missing thermo data for atoms
Number of grains produced is not equal to that requested for: OH-2
Number of grains requested: 500
Number of grains produced : 1
In OH-3: Cannot find me:vibFreqs or me:hessian. Assuming an atom or a sink molecule.
In OH-3: No rotational constants from <me:rotConsts> or structure. Assuming an atom or a sink molecule.
In OH-3: The default value of me:DOSCMethod was used.
In OH-3: The default value of the attribute spinMultiplicity was used.
In OH-3: enthalpy of formation at 298K:Number of grains produced is not equal to that requested for: OH-3
In OH-3: Number of grains requested: 500
In OH-3: Number of grains produced : 1
In OH-3: To mix thermodynamic and computational energies the molecule needs chemical structure (an atomList at least)
In OH-3: Missing thermo data for atoms
Number of grains produced is not equal to that requested for: OH-3
In cycCH2OCH2O: Neither chemical structure nor Molecular Weight as an XML property were provided.
In cycCH2OCH2O: Cannot find me:vibFreqs or me:hessian. Assuming an atom or a sink molecule.
In cycCH2OCH2O: No rotational constants from <me:rotConsts> or structure. Assuming an atom or a sink molecule.
In cycCH2OCH2O: The default value of me:DOSCMethod was used.
In cycCH2OCH2O: The default value of the attribute spinMultiplicity was used.
gDensityOfStates initialization failed.
Restricted thermo output for cycCH2OCH2O because it has arbitrary energy data.

Bath gas is He
In FastLaplaceConvolution: 4660 values in the FFT convolution routine were replaced by standard convolution
In FastLaplaceConvolution: 3840 values in the FFT convolution routine were replaced by standard convolution
In FastLaplaceConvolution: 10000 values in the FFT convolution routine were replaced by standard convolution

WARNING: Chemically significant eigenvalues (CSE) not well separated from internal energy relaxation eigenvals (IEREs).

The last CSE = -1.89368e+08 and the first IERE = -3.05957e+08
(last CSE)/(first IERE) ratio = 0.618937, which is less than an order of magnitude

Results obtained from Bartis Widom eigenvalue-vector analysis may be unreliable

species(name = "CH2O",
        atoms = "",
        thermo = (
            NASA( [   200.000, 1000.000], [  2.5000000e+00,  -9.7864122e-29, 
                       2.7100394e-31,  -3.1306308e-34,   1.2858695e-37, 
                      -1.1322536e-24,             nan] ),
            NASA( [  1000.000, 1000.000], [  2.5000000e+00,  -9.7864122e-29, 
                       2.7100394e-31,  -3.1306308e-34,   1.2858695e-37, 
                      -1.1322536e-24,             nan] ) ) )

species(name = "CH3OCH2",
        atoms = " C:2   H:5   O:1  ",
        thermo = (
            NASA( [   200.000, 1000.000], [  5.4806843e+00,  -1.3980872e-03, 
                       4.4122782e-05,  -5.3270147e-08,   2.0248982e-11, 
                      -8.6124064e+01,   2.1024890e+00] ),
            NASA( [  1000.000, 1000.000], [  5.4806843e+00,  -1.3980872e-03, 
                       4.4122782e-05,  -5.3270147e-08,   2.0248982e-11, 
                      -8.6124064e+01,   2.1024890e+00] ) ) )

species(name = "IM1",
        atoms = " C:2   H:5   O:3  ",
        thermo = (
            NASA( [   200.000, 1000.000], [  7.7033986e+00,  -7.4542830e-03, 
                       8.4155752e-05,  -1.0681794e-07,   4.2671305e-11, 
                      -1.2385283e+02,  -2.9724642e+00] ),
            NASA( [  1000.000, 1000.000], [  7.7033986e+00,  -7.4542830e-03, 
                       8.4155752e-05,  -1.0681794e-07,   4.2671305e-11, 
                      -1.2385283e+02,  -2.9724642e+00] ) ) )

species(name = "IM2",
        atoms = " C:2   H:5   O:3  ",
        thermo = (
            NASA( [   200.000, 1000.000], [  6.4962237e+00,   1.7498448e-02, 
                       2.0566637e-05,  -4.3850717e-08,   2.0206426e-11, 
                      -1.8468782e+02,  -4.4014510e-02] ),
            NASA( [  1000.000, 1000.000], [  6.4962237e+00,   1.7498448e-02, 
                       2.0566637e-05,  -4.3850717e-08,   2.0206426e-11, 
                      -1.8468782e+02,  -4.4014510e-02] ) ) )

species(name = "O2",
        atoms = "",
        thermo = (
            NASA( [   200.000, 1000.000], [  3.8068565e+00,  -2.7938190e-03, 
                       7.9013121e-06,  -6.8879156e-09,   2.0599979e-12, 
                      -1.0679849e+03,   3.4638726e+00] ),
            NASA( [  1000.000, 1000.000], [  3.8068565e+00,  -2.7938190e-03, 
                       7.9013121e-06,  -6.8879156e-09,   2.0599979e-12, 
                      -1.0679849e+03,   3.4638726e+00] ) ) )

species(name = "OH-1",
        atoms = "",
        thermo = (
            NASA( [   200.000, 1000.000], [  3.4593186e+00,   3.7692766e-04, 
                      -1.1899343e-06,   1.4446299e-09,  -4.6875646e-13, 
                      -1.0402815e+03,   1.6434898e+00] ),
            NASA( [  1000.000, 1000.000], [  3.4593186e+00,   3.7692766e-04, 
                      -1.1899343e-06,   1.4446299e-09,  -4.6875646e-13, 
                      -1.0402815e+03,   1.6434898e+00] ) ) )

species(name = "OH-2",
        atoms = "",
        thermo = (
            NASA( [   200.000, 1000.000], [  2.5000000e+00,   4.4999257e-12, 
                      -1.2488820e-14,   1.4455790e-17,  -5.9479575e-21, 
                      -7.4537500e+02,   5.3644694e+00] ),
            NASA( [  1000.000, 1000.000], [  2.5000000e+00,   4.4999257e-12, 
                      -1.2488820e-14,   1.4455790e-17,  -5.9479575e-21, 
                      -7.4537500e+02,   5.3644694e+00] ) ) )

species(name = "OH-3",
        atoms = "",
        thermo = (
            NASA( [   200.000, 1000.000], [  2.5000000e+00,   4.4999257e-12, 
                      -1.2488820e-14,   1.4455790e-17,  -5.9479575e-21, 
                      -7.4537500e+02,   5.3644694e+00] ),
            NASA( [  1000.000, 1000.000], [  2.5000000e+00,   4.4999257e-12, 
                      -1.2488820e-14,   1.4455790e-17,  -5.9479575e-21, 
                      -7.4537500e+02,   5.3644694e+00] ) ) )

species(name = "cycCH2OCH2O",
        atoms = "",
        thermo = (
            NASA( [   200.000, 1000.000], [  2.5000000e+00,  -9.7864122e-29, 
                       2.7100394e-31,  -3.1306308e-34,   1.2858695e-37, 
                      -1.1322536e-24,             nan] ),
            NASA( [  1000.000, 1000.000], [  2.5000000e+00,  -9.7864122e-29, 
                       2.7100394e-31,  -3.1306308e-34,   1.2858695e-37, 
                      -1.1322536e-24,             nan] ) ) )
units(length = 'cm', quantity = 'molecule')

chebyshev_reaction('CH3OCH2 + O2 => IM1',
                   Tmin=   200, Tmax=  1000,
                   Pmin=( 1e+17, 'PPCC'), Pmax=( 1e+20, 'PPCC'), 
                   coeffs=[[      -12.0812,       1.20292,     -0.398204,     0.0871133],
                           [       -1.0847,      0.625049,     0.0138163,    -0.0619199],
                           [     -0.391271,      0.104308,      0.103453,    -0.0423419],
                           [     -0.127555,    -0.0587423,     0.0831271,    -0.0249912],
                           [    -0.0254949,    -0.0796512,     0.0519344,    -0.0176159],
                           [    0.00662451,    -0.0599254,     0.0317457,    -0.0149653]])

chebyshev_reaction('CH3OCH2 + O2 => IM2',
                   Tmin=   200, Tmax=  1000,
                   Pmin=( 1e+17, 'PPCC'), Pmax=( 1e+20, 'PPCC'), 
                   coeffs=[[      -13.3507,      0.858301,     -0.379776,    -0.0559041],
                           [     -0.822828,      0.536462,     0.0216774,     0.0255909],
                           [     -0.430134,      0.273109,    -0.0164287,    -0.0171898],
                           [      -0.22414,      0.107508,     0.0308994,    -0.0374169],
                           [    -0.0972273,     0.0109656,      0.042392,    -0.0106279],
                           [    -0.0375498,    -0.0132904,     0.0170634,     0.0194521]])

chebyshev_reaction('CH3OCH2 + O2 => OH-1 + CH2O + CH2O',
                   Tmin=   200, Tmax=  1000,
                   Pmin=( 1e+17, 'PPCC'), Pmax=( 1e+20, 'PPCC'), 
                   coeffs=[[      -11.8932,     -0.857376,      -0.25309,   -0.00769255],
                           [    -0.0242014,      0.694685,      0.147464,    -0.0181046],
                           [     -0.134059,      0.125029,     0.0567431,    0.00213674],
                           [    -0.0910454,   -0.00178353,     0.0135206,    0.00555269],
                           [    -0.0406974,    -0.0141263,   0.000129892,    0.00345352],
                           [    -0.0145581,   -0.00812238,   -0.00208963,    0.00114583]])

chebyshev_reaction('CH3OCH2 + O2 => OH-2 + CH2O + CH2O',
                   Tmin=   200, Tmax=  1000,
                   Pmin=( 1e+17, 'PPCC'), Pmax=( 1e+20, 'PPCC'), 
                   coeffs=[[       -17.189,     -0.693961,     -0.196472,    -0.0131239],
                           [       1.20991,      0.647613,      0.143685,   -0.00640031],
                           [       0.01928,     0.0665619,     0.0444027,    0.00772273],
                           [    -0.0414499,    -0.0207706,    0.00441869,    0.00633126],
                           [     -0.019053,    -0.0161231,    -0.0043971,    0.00167223],
                           [   -0.00495981,   -0.00615188,    -0.0033462,  -0.000455173]])

chebyshev_reaction('CH3OCH2 + O2 => OH-3 + cycCH2OCH2O',
                   Tmin=   200, Tmax=  1000,
                   Pmin=( 1e+17, 'PPCC'), Pmax=( 1e+20, 'PPCC'), 
                   coeffs=[[      -17.8781,     -0.659616,     -0.194647,    -0.0142249],
                           [       1.36129,      0.615139,      0.144627,   -0.00533457],
                           [    0.00888008,     0.0651573,     0.0431957,    0.00836292],
                           [    -0.0401358,    -0.0203593,    0.00362413,    0.00624887],
                           [    -0.0183873,    -0.0158095,   -0.00458921,    0.00143492],
                           [    -0.0048047,   -0.00591733,   -0.00328516,   -0.00054608]])

chebyshev_reaction('IM1 => CH3OCH2 + O2',
                   Tmin=   200, Tmax=  1000,
                   Pmin=( 1e+17, 'PPCC'), Pmax=( 1e+20, 'PPCC'), 
                   coeffs=[[         -8.57,       1.20292,     -0.398204,     0.0871133],
                           [       14.1581,      0.625049,     0.0138163,    -0.0619199],
                           [     -0.447423,      0.104308,      0.103453,    -0.0423419],
                           [     -0.156784,    -0.0587423,     0.0831271,    -0.0249912],
                           [    -0.0366363,    -0.0796512,     0.0519344,    -0.0176159],
                           [    0.00327382,    -0.0599254,     0.0317457,    -0.0149653]])

chebyshev_reaction('IM1 => IM2',
                   Tmin=   200, Tmax=  1000,
                   Pmin=( 1e+17, 'PPCC'), Pmax=( 1e+20, 'PPCC'), 
                   coeffs=[[      0.200262,      0.393139,    -0.0875201,    0.00163112],
                           [       5.17584,      0.605173,     -0.111719,    -0.0100007],
                           [      0.114904,      0.271592,   -0.00815715,    -0.0262587],
                           [    -0.0914374,     0.0411853,     0.0443525,    -0.0241709],
                           [    -0.0555392,     -0.036188,     0.0386982,   -0.00412548],
                           [    -0.0127491,    -0.0311994,     0.0115569,     0.0167726]])

chebyshev_reaction('IM1 => OH-1 + CH2O + CH2O',
                   Tmin=   200, Tmax=  1000,
                   Pmin=( 1e+17, 'PPCC'), Pmax=( 1e+20, 'PPCC'), 
                   coeffs=[[      -4.96044,     -0.101808,     -0.224768,    -0.0169916],
                           [       11.3964,       0.75378,     0.0621248,   -0.00609319],
                           [     -0.371098,       0.20679,     0.0374329,    0.00441528],
                           [     -0.213042,    0.00996585,     0.0186006,   -0.00115722],
                           [    -0.0780325,     -0.013305,   -0.00211517,    0.00215144],
                           [    -0.0255042,    0.00900366,    -0.0171097,    0.00820818]])

chebyshev_reaction('IM1 => OH-2 + CH2O + CH2O',
                   Tmin=   200, Tmax=  1000,
                   Pmin=( 1e+17, 'PPCC'), Pmax=( 1e+20, 'PPCC'), 
                   coeffs=[[      -13.6872,       1.47138,     -0.373179,    0.00354327],
                           [       14.4494,      0.640441,    -0.0229068,     0.0132896],
                           [     -0.438746,     0.0332242,       0.31823,     -0.140775],
                           [     -0.203891,     -0.110942,    -0.0485994,    0.00287002],
                           [     0.0219225,     -0.106707,      0.219583,     -0.063448],
                           [    -0.0255208,    -0.0606044,    -0.0952632,    0.00666463]])

chebyshev_reaction('IM1 => OH-3 + cycCH2OCH2O',
                   Tmin=   200, Tmax=  1000,
                   Pmin=( 1e+17, 'PPCC'), Pmax=( 1e+20, 'PPCC'), 
                   coeffs=[[      -14.5715,       1.67084,     -0.455521,    -0.0112098],
                           [       14.6031,      0.543367,     0.0731237,     0.0518568],
                           [     -0.285134,    -0.0185592,      0.332784,     -0.222798],
                           [      -0.33629,     -0.107803,    -0.0666279,     0.0744595],
                           [      0.181009,     -0.200399,      0.320121,     -0.150858],
                           [     -0.125146,    -0.0208135,     -0.167468,     0.0643288]])

chebyshev_reaction('IM2 => CH3OCH2 + O2',
                   Tmin=   200, Tmax=  1000,
                   Pmin=( 1e+17, 'PPCC'), Pmax=( 1e+20, 'PPCC'), 
                   coeffs=[[        -3.732,      0.858301,     -0.379776,    -0.0559041],
                           [         9.791,      0.536462,     0.0216774,     0.0255909],
                           [      -0.60401,      0.273109,    -0.0164287,    -0.0171898],
                           [     -0.278049,      0.107508,     0.0308994,    -0.0374169],
                           [     -0.112123,     0.0109656,      0.042392,    -0.0106279],
                           [    -0.0412084,    -0.0132904,     0.0170634,     0.0194521]])

chebyshev_reaction('IM2 => IM1',
                   Tmin=   200, Tmax=  1000,
                   Pmin=( 1e+17, 'PPCC'), Pmax=( 1e+20, 'PPCC'), 
                   coeffs=[[        6.3077,      0.393139,    -0.0875201,    0.00163112],
                           [       0.54691,      0.605173,     -0.111719,    -0.0100007],
                           [   -0.00281984,      0.271592,   -0.00815715,    -0.0262587],
                           [     -0.116117,     0.0411853,     0.0443525,    -0.0241709],
                           [    -0.0592938,     -0.036188,     0.0386982,   -0.00412548],
                           [     -0.013057,    -0.0311994,     0.0115569,     0.0167726]])

chebyshev_reaction('IM2 => OH-1 + CH2O + CH2O',
                   Tmin=   200, Tmax=  1000,
                   Pmin=( 1e+17, 'PPCC'), Pmax=( 1e+20, 'PPCC'), 
                   coeffs=[[      0.808477,       1.00175,    -0.0376805,     -0.116024],
                           [       6.96694,     -0.175791,      0.155988,       0.12798],
                           [     -0.375875,      0.108814,     -0.141382,     0.0842496],
                           [     -0.275113,      0.178657,     -0.107311,    -0.0239902],
                           [     -0.114483,     0.0587463,     0.0203733,    -0.0549495],
                           [  -0.000648082,    -0.0547674,     0.0754733,    -0.0143429]])

chebyshev_reaction('IM2 => OH-2 + CH2O + CH2O',
                   Tmin=   200, Tmax=  1000,
                   Pmin=( 1e+17, 'PPCC'), Pmax=( 1e+20, 'PPCC'), 
                   coeffs=[[      -8.28078,       2.22095,     -0.181633,     0.0564968],
                           [        10.165,    -0.0989752,     -0.147375,     0.0980103],
                           [     -0.546733,      0.097137,     -0.199119,    -0.0132688],
                           [      -0.26633,      0.185152,    -0.0815297,    -0.0925189],
                           [    -0.0961573,     0.0730678,     0.0471661,    -0.0861559],
                           [    0.00696112,    -0.0437274,     0.0862053,    -0.0219797]])

chebyshev_reaction('IM2 => OH-3 + cycCH2OCH2O',
                   Tmin=   200, Tmax=  1000,
                   Pmin=( 1e+17, 'PPCC'), Pmax=( 1e+20, 'PPCC'), 
                   coeffs=[[      -9.24364,       2.34318,     -0.203714,     0.0664947],
                           [       10.4176,    -0.0848188,      -0.18212,      0.093653],
                           [     -0.549662,     0.0852602,     -0.185013,    -0.0339961],
                           [     -0.252855,      0.164657,    -0.0609265,     -0.109397],
                           [    -0.0918135,     0.0689015,     0.0515053,    -0.0883181],
                           [    0.00479436,    -0.0387758,     0.0828866,    -0.0187236]])


 -- Total time elapsed: 388 seconds.

System saved to mesmer_out.xml
Total time elapsed: 388 seconds.
