
            /|      /|                        \   
           / |     / | ________________________\  
          /  |    /  |  _   _             _   _   
         /   |   /   | / \ / \ |\     /| / \ / \  
        /    |  /    | \_/ \_  | \   / | \_/ |_/  
       /     | /     | /     \ |  \ /  | /   | \  
    \_/      |/      | \_/ \_/ |   V   | \_/ |  \ 

     Mesmer: Master Equation Solver for Multi-Energy well Reactions
     Mesmer v6.0 compiled: -- Apr  7 2020 -- 20:41:26

     Copyright (C) 2009-2020 by
     Struan H. Robertson, Chris Morley, Chi-Hsiu Liang,
     David R. Glowacki, Michael J. Pilling and contributors

     Mesmer is free software: you can redistribute it and/or modify
     it under the terms of the GNU Public License as published by
     the Free Software Foundation, either version 2 of the License,
     or (at your option) any later version.

     But WITHOUT ANY WARRANTY; without even the implied warranty of
     MERCHANTABILITY or FITNESS FOR A PARTICULAR PURPOSE.  See the
     GNU Public License for more details.

    You should have received a copy of the GNU Public License
    along with Mesmer.  If not, see <http://www.gnu.org/licenses/>.

                     Platform:        Linux
                     Execution Date:  Sun Apr 12 00:09:14 2020
                     Number of ranks: 12

defaults.xml, librarymols.xml are in ../..

Parsing input xml file...
Acetyl_O2_associationEx2.xml

The default value of me:calcMethod was used.
--Parse data for simpleCalc
Energy convention "" written to <moleculeList>
In R1: Parsing reaction...Association reaction
In Int1: The default value of me:DistributionCalcMethod was used.
In Int1: --Parse data for Boltzmann
In Int1: --Parse data for ExponentialDown
In R1: --Parse data for MesmerILT
In R1: The default value of me:TInfinity was used.
In R1: No tunneling method used for R1
In R1: Not a unimolecular reaction: look for excess reactant concentration.
In R2: Parsing reaction...Isomerization reaction
In Int2: The default value of me:DistributionCalcMethod was used.
In Int2: --Parse data for Boltzmann
In Int2: --Parse data for ExponentialDown
In R2: --Parse data for RRKM
In R2: --Parse data for Eckart
In R4: Parsing reaction...Irreversible unimolecular reaction
In R4: --Parse data for RRKM
In R4: No tunneling method used for R4
In R3: Parsing reaction...Irreversible unimolecular reaction
In R3: --Parse data for RRKM
In R3: No tunneling method used for R3
The default value of the attribute precision was used.
200.72Torr, 298K at d precision with He
The default value of me:ForceMacroDetailedBalance was used.
Write metadata 20200412_000914

File: "Acetyl_O2_associationEx2.xml" successfully parsed.
Main Calculation begins
Now calculating...

--Execute calcMethod simpleCalc
Number of cells = 50000, Number of grains = 179
In FastLaplaceConvolution: 1240 values in the FFT convolution routine were replaced by standard convolution
In FastLaplaceConvolution: 1680 values in the FFT convolution routine were replaced by standard convolution
In FastLaplaceConvolution: 13140 values in the FFT convolution routine were replaced by standard convolution
In timeEvolution: No population was assigned. Initialize the first source term to 1.0.
 -- Total time elapsed: 4 seconds.


    Temperature  Concentration    Exp. Coeff.    Cal. Coeff.


System saved to mesmer_out.xml
Total time elapsed: 4 seconds.
