
            /|      /|                        \   
           / |     / | ________________________\  
          /  |    /  |  _   _             _   _   
         /   |   /   | / \ / \ |\     /| / \ / \  
        /    |  /    | \_/ \_  | \   / | \_/ |_/  
       /     | /     | /     \ |  \ /  | /   | \  
    \_/      |/      | \_/ \_/ |   V   | \_/ |  \ 

     Mesmer: Master Equation Solver for Multi-Energy well Reactions
     Mesmer v6.1 compiled: -- May 26 2021 -- 23:56:09

     Copyright (C) 2009-2021 by
     Struan H. Robertson, Chris Morley, Chi-Hsiu Liang,
     David R. Glowacki, Michael J. Pilling and contributors

     Mesmer is free software: you can redistribute it and/or modify
     it under the terms of the GNU Public License as published by
     the Free Software Foundation, either version 2 of the License,
     or (at your option) any later version.

     But WITHOUT ANY WARRANTY; without even the implied warranty of
     MERCHANTABILITY or FITNESS FOR A PARTICULAR PURPOSE.  See the
     GNU Public License for more details.

    You should have received a copy of the GNU Public License
    along with Mesmer.  If not, see <http://www.gnu.org/licenses/>.

                     Platform:        Linux
                     Execution Date:  Thu May 27 09:56:57 2021
                     Number of ranks: 12

defaults.xml, librarymols.xml are in ../..

Parsing input xml file...
Butoxy_H_to_Butan-1-ol.xml

--Parse data for ThermodynamicTable
In ThermodynamicTable: The default value of the attribute units was used.
In ThermodynamicTable: The default value of me:Tmin was used.
In ThermodynamicTable: The default value of me:Tmax was used.
In ThermodynamicTable: The default value of me:Tstep was used.
In ThermodynamicTable: The default value of me:Tmid was used.
In butan-1-ol: WARNING: When calculating frequencies from a Hessian it is critical
     that the Hessian and species coordinates are expressed relative to
     the same Cartesian coordinate system.
In butan-1-ol: Vibrational frequencies (cm-1) were calculated from Hessian:
  130.453 184.218 202.03 241.488 280.72 406.657 450.427 809.726 862.529 924.285 
  1000.72 1045.08 1097.68 1111.46 1147.83 1224.92 1251.68 1302.3 1319.02 1357.67 
  1382.02 1424.98 1454.63 1497.61 1515.11 1528.05 1535.86 1555.1 1569.52 2935.24 
  2984.66 2986.3 2991.23 2994.57 3042.17 3070.02 3099.32 3153.24 3840.9 
In butan-1-ol: Rotational constants were calculated from atom coordinates: 0.0636587 0.0673931 0.615386 cm-1
In butan-1-ol: Hindered rotor C8-C9
In butan-1-ol: Hindered rotor C2-C3
In butan-1-ol: Hindered rotor C8-C9
In butan-1-ol: Hindered rotor C9-O1
In butoxy: WARNING: When calculating frequencies from a Hessian it is critical
     that the Hessian and species coordinates are expressed relative to
     the same Cartesian coordinate system.
In butoxy: Vibrational frequencies (cm-1) were calculated from Hessian:
  120.005 174.196 197.811 262.018 382.833 396.7 465.066 798.762 866.846 914.59 
  1020.04 1032.79 1094.49 1113.74 1156.63 1243.72 1270.63 1325.93 1346.49 1364.33 
  1408.14 1424.85 1451.68 1494.37 1515.56 1525.24 1541.82 2828.95 2937.15 2980.13 
  2985.99 2996.5 3039.69 3073.01 3096.48 3150.3 
In butoxy: Rotational constants were calculated from atom coordinates: 0.0661404 0.0701759 0.61579 cm-1
In butoxy: The default value of me:DOSCMethod was used.
In butoxy: Hindered rotor C3-C8
In butoxy: Hindered rotor C2-C3
In butoxy: Hindered rotor C8-C9
In H: The default value of me:DOSCMethod was used.
In H: The default value of the attribute spinMultiplicity was used.
In He: The default value of me:DOSCMethod was used.
In He: The default value of the attribute spinMultiplicity was used.
In He: gDensityOfStates initialization failed.
Energy convention "arbitrary" written to <moleculeList>
In R1: Parsing reaction...Pseudoisomerization reaction
In R1: The default value of me:FragmentDist was used.
In R1: --Parse data for Prior
In butoxy: No lennard-Jones parameters found for butoxy.
In butoxy: An attempt to calculate parameters will be made. If this fails
In butoxy: default parameters will be used
In butoxy: The default value of me:DistributionCalcMethod was used.
In butoxy: --Parse data for Boltzmann
In butoxy: The default value of me:energyTransferModel was used.
In butoxy: --Parse data for ExponentialDown
In butoxy: No value of me:deltaEDown was supplied and the default value NEEDS TO BE CHECKED**
In butan-1-ol: No lennard-Jones parameters found for butan-1-ol.
In butan-1-ol: An attempt to calculate parameters will be made. If this fails
In butan-1-ol: default parameters will be used
In butan-1-ol: The default value of me:DistributionCalcMethod was used.
In butan-1-ol: --Parse data for Boltzmann
In butan-1-ol: --Parse data for BiExponentialDown
In R1: --Parse data for MesmerILT
In R1: No tunneling method used for R1
In R1: Not a unimolecular reaction: look for excess reactant concentration.
In R1: No value of me:excessReactantConc was supplied and the default value NEEDS TO BE CHECKED**
25.1Torr, 301K at dd precision with He
The default value of me:ForceMacroDetailedBalance was used.
The default value of me:calcMethod was used.
--Parse data for simpleCalc
The default value of me:ForceMacroDetailedBalance was used.
Write metadata 20210527_095657

File: "Butoxy_H_to_Butan-1-ol.xml" successfully parsed.
Main Calculation begins
Now calculating...

--Execute calcMethod ThermodynamicTable
Number of grains produced is not equal to that requested for: H
Number of grains requested: 500
Number of grains produced : 1
15
butan-1-ol-orig_coords
         C        2.54022      -0.360065     0.00371323
         C        1.30385       0.539621    -0.00378741
         C     0.00406111      -0.269698    -0.00381305
         C       -1.22242       0.512069     0.00307392
         H        3.47023       0.230138     0.00544387
         H     -0.0155159      -0.929839      -0.889754
         H     -0.0110259      -0.936246         0.8775
         H       -1.26463        1.17035      -0.884539
         H       -1.26078        1.15731        0.90036
         H       -3.11587       0.127861      0.0213046
         H         2.5491       -1.00539       0.896775
         H        2.55604       -1.01182      -0.884711
         H        1.33467        1.19573      -0.891532
         H        1.33016        1.20256       0.879162
         O       -2.32102      -0.392198     -0.0012807
15
butan-1-ol-origin_at_at1
         C        2.53616     -0.0903661     0.00752629
         C        1.29979        0.80932    2.56431e-05
         C              0              0              0
         C       -1.22648       0.781768     0.00688697
         H        3.46617       0.499837     0.00925693
         H      -0.019577       -0.66014      -0.885941
         H      -0.015087      -0.666547       0.881313
         H       -1.26869        1.44005      -0.880726
         H       -1.26484        1.42701       0.904173
         H       -3.11993        0.39756      0.0251176
         H        2.54504      -0.735691       0.900588
         H        2.55198      -0.742119      -0.880898
         H        1.33061        1.46543      -0.887719
         H         1.3261        1.47225       0.882975
         O       -2.32508        -0.1225     0.00253235
15
butan-1-ol-at2_inXZ
         C        2.18722        1.28699     0.00752629
         C       0.661053        1.38111    2.56431e-05
         C              0              0              0
         C       -1.45445              0     0.00688697
         H        2.65423        2.28456     0.00925693
         H       0.338317      -0.567194      -0.885941
         H       0.345547      -0.570184       0.881313
         H       -1.84387       0.532415      -0.880726
         H       -1.83362       0.523491       0.904173
         H       -2.84461       -1.34172      0.0251176
         H        2.54157       0.747581       0.900588
         H        2.55088       0.745888      -0.880898
         H       0.334384        1.95095      -0.887719
         H       0.326913        1.95428       0.882975
         O       -1.89481       -1.35303     0.00253235
15
butan-1-ol-z_axis=at1-at2
         C      0.0178828        1.28699       -2.18716
         C     0.00315577        1.38111      -0.661046
         C              0              0              0
         C              0              0        1.45446
         H      0.0218247        2.28456       -2.65415
         H      -0.884329      -0.567194      -0.342509
         H       0.882939      -0.570184      -0.341371
         H      -0.889447       0.532415        1.83968
         H       0.895481       0.523491        1.83788
         H       0.011648       -1.34172         2.8447
         H       0.912612       0.747581       -2.53728
         H      -0.868809       0.745888       -2.55502
         H      -0.886126        1.95095      -0.338584
         H       0.884513        1.95428      -0.322728
         O    -0.00643971       -1.35303         1.8948
15
butan-1-ol-rotate_fragment_1
         C       0.241094        1.26433       -2.18716
         C       0.242934        1.35958      -0.661046
         C              0              0              0
         C              0              0        1.45446
         H       0.418203        2.24606       -2.65415
         H      -0.969386      -0.405015      -0.342509
         H       0.770514      -0.714842      -0.341371
         H      -0.889447       0.532415        1.83968
         H       0.895481       0.523491        1.83788
         H       0.011648       -1.34172         2.8447
         H        1.02856        0.57775       -2.53728
         H      -0.726088       0.885424       -2.55502
         H      -0.533885        2.07518      -0.338584
         H        1.21043        1.77099      -0.322728
         O    -0.00643971       -1.35303         1.8948
15
butan-1-ol-rotate_fragment_2
         C       0.456979        1.20325       -2.18716
         C       0.475332        1.29674      -0.661046
         C              0              0              0
         C              0              0        1.45446
         H       0.801875        2.13932       -2.65415
         H       -1.02499       -0.23053      -0.342509
         H       0.634677      -0.837781      -0.341371
         H      -0.889447       0.532415        1.83968
         H       0.895481       0.523491        1.83788
         H       0.011648       -1.34172         2.8447
         H        1.11326       0.390364       -2.53728
         H      -0.561305       0.998056       -2.55502
         H      -0.165423        2.13636      -0.338584
         H        1.49957         1.5339      -0.322728
         O    -0.00643971       -1.35303         1.8948
15
butan-1-ol-rotate_fragment_3
         C        0.65898        1.10562       -2.18716
         C       0.693286         1.1945      -0.661046
         C              0              0              0
         C              0              0        1.45446
         H        1.16118        1.96758       -2.65415
         H       -1.04945     -0.0490404      -0.342509
         H       0.479556      -0.935263      -0.341371
         H      -0.889447       0.532415        1.83968
         H       0.895481       0.523491        1.83788
         H       0.011648       -1.34172         2.8447
         H        1.16414       0.191118       -2.53728
         H      -0.379467        1.08036       -2.55502
         H       0.208066        2.13263      -0.338584
         H        1.74315         1.2502      -0.322728
         O    -0.00643971       -1.35303         1.8948
15
butan-1-ol-rotate_fragment_4
         C       0.840958       0.974394       -2.18716
         C       0.890176        1.05596      -0.661046
         C              0              0              0
         C              0              0        1.45446
         H        1.48521        1.73605       -2.65415
         H       -1.04202       0.133939      -0.342509
         H       0.309864       -1.00433      -0.341371
         H      -0.889447       0.532415        1.83968
         H       0.895481       0.523491        1.83788
         H       0.011648       -1.34172         2.8447
         H        1.17964     -0.0139359       -2.53728
         H      -0.186099        1.12984       -2.55502
         H       0.575232         2.0641      -0.338584
         H        1.93376        0.92851      -0.322728
         O    -0.00643971       -1.35303         1.8948
15
butan-1-ol-rotate_fragment_5
         C       0.997383        0.81356       -2.18716
         C        1.06002       0.885341      -0.661046
         C              0              0              0
         C              0              0        1.45446
         H         1.7641        1.45177       -2.65415
         H       -1.00293        0.31285      -0.342509
         H       0.130756       -1.04288      -0.341371
         H      -0.889447       0.532415        1.83968
         H       0.895481       0.523491        1.83788
         H       0.011648       -1.34172         2.8447
         H         1.1593      -0.218566       -2.53728
         H      0.0129237        1.14499       -2.55502
         H       0.924921        1.93286      -0.338584
         H        2.06562        0.57861      -0.322728
         O    -0.00643971       -1.35303         1.8948
15
butan-1-ol-rotate_fragment_6
         C         1.1235       0.628006       -2.18716
         C        1.19765        0.68782      -0.661046
         C              0              0              0
         C              0              0        1.45446
         H         1.9894        1.12338       -2.65415
         H      -0.933369       0.482254      -0.342509
         H     -0.0523241       -1.04974      -0.341371
         H      -0.889447       0.532415        1.83968
         H       0.895481       0.523491        1.83788
         H       0.011648       -1.34172         2.8447
         H        1.10373      -0.416555       -2.53728
         H       0.211554        1.12536       -2.55502
         H        1.24651        1.74288      -0.338584
         H        2.13471       0.211128      -0.322728
         O    -0.00643971       -1.35303         1.8948
15
butan-1-ol-rotate_fragment_7
         C        1.21549       0.423371       -2.18716
         C         1.2989       0.469401      -0.661046
         C              0              0              0
         C              0              0        1.45446
         H        2.15425       0.760858       -2.65415
         H      -0.835447       0.637005      -0.342509
         H      -0.233815       -1.02471      -0.341371
         H      -0.889447       0.532415        1.83968
         H       0.895481       0.523491        1.83788
         H       0.011648       -1.34172         2.8447
         H        1.01463      -0.601887       -2.53728
         H       0.403755        1.07152       -2.55502
         H        1.53022        1.49995      -0.338584
         H        2.13894      -0.162768      -0.322728
         O    -0.00643971       -1.35303         1.8948
15
butan-1-ol-rotate_fragment_8
         C        1.27054       0.205872       -2.18716
         C        1.36067       0.236719      -0.661046
         C              0              0              0
         C              0              0        1.45446
         H        2.25364       0.375217       -2.65415
         H       -0.71214       0.772402      -0.342509
         H      -0.408201      -0.968537      -0.341371
         H      -0.889447       0.532415        1.83968
         H       0.895481       0.523491        1.83788
         H       0.011648       -1.34172         2.8447
         H       0.894697      -0.768932       -2.53728
         H       0.583689       0.985132       -2.55502
         H        1.76743        1.21144      -0.338584
         H        2.07818      -0.531719      -0.322728
         O    -0.00643971       -1.35303         1.8948
15
butan-1-ol-rotate_fragment_9
         C        1.28699     -0.0178828       -2.18716
         C        1.38111    -0.00315577      -0.661046
         C              0              0              0
         C              0              0        1.45446
         H        2.28456     -0.0218247       -2.65415
         H      -0.567194       0.884329      -0.342509
         H      -0.570184      -0.882939      -0.341371
         H      -0.889447       0.532415        1.83968
         H       0.895481       0.523491        1.83788
         H       0.011648       -1.34172         2.8447
         H       0.747581      -0.912612       -2.53728
         H       0.745888       0.868809       -2.55502
         H        1.95095       0.886126      -0.338584
         H        1.95428      -0.884513      -0.322728
         O    -0.00643971       -1.35303         1.8948
15
butan-1-ol-rotate_fragment_10
         C        1.26433      -0.241094       -2.18716
         C        1.35958      -0.242934      -0.661046
         C              0              0              0
         C              0              0        1.45446
         H        2.24606      -0.418203       -2.65415
         H      -0.405015       0.969386      -0.342509
         H      -0.714842      -0.770514      -0.341371
         H      -0.889447       0.532415        1.83968
         H       0.895481       0.523491        1.83788
         H       0.011648       -1.34172         2.8447
         H        0.57775       -1.02856       -2.53728
         H       0.885424       0.726088       -2.55502
         H        2.07518       0.533885      -0.338584
         H        1.77099       -1.21043      -0.322728
         O    -0.00643971       -1.35303         1.8948
15
butan-1-ol-rotate_fragment_11
         C        1.20325      -0.456979       -2.18716
         C        1.29674      -0.475332      -0.661046
         C              0              0              0
         C              0              0        1.45446
         H        2.13932      -0.801875       -2.65415
         H       -0.23053        1.02499      -0.342509
         H      -0.837781      -0.634677      -0.341371
         H      -0.889447       0.532415        1.83968
         H       0.895481       0.523491        1.83788
         H       0.011648       -1.34172         2.8447
         H       0.390364       -1.11326       -2.53728
         H       0.998056       0.561305       -2.55502
         H        2.13636       0.165423      -0.338584
         H         1.5339       -1.49957      -0.322728
         O    -0.00643971       -1.35303         1.8948
15
butan-1-ol-rotate_fragment_12
         C        1.10562       -0.65898       -2.18716
         C         1.1945      -0.693286      -0.661046
         C              0              0              0
         C              0              0        1.45446
         H        1.96758       -1.16118       -2.65415
         H     -0.0490404        1.04945      -0.342509
         H      -0.935263      -0.479556      -0.341371
         H      -0.889447       0.532415        1.83968
         H       0.895481       0.523491        1.83788
         H       0.011648       -1.34172         2.8447
         H       0.191118       -1.16414       -2.53728
         H        1.08036       0.379467       -2.55502
         H        2.13263      -0.208066      -0.338584
         H         1.2502       -1.74315      -0.322728
         O    -0.00643971       -1.35303         1.8948
15
butan-1-ol-rotate_fragment_13
         C       0.974394      -0.840958       -2.18716
         C        1.05596      -0.890176      -0.661046
         C              0              0              0
         C              0              0        1.45446
         H        1.73605       -1.48521       -2.65415
         H       0.133939        1.04202      -0.342509
         H       -1.00433      -0.309864      -0.341371
         H      -0.889447       0.532415        1.83968
         H       0.895481       0.523491        1.83788
         H       0.011648       -1.34172         2.8447
         H     -0.0139359       -1.17964       -2.53728
         H        1.12984       0.186099       -2.55502
         H         2.0641      -0.575232      -0.338584
         H        0.92851       -1.93376      -0.322728
         O    -0.00643971       -1.35303         1.8948
15
butan-1-ol-rotate_fragment_14
         C        0.81356      -0.997383       -2.18716
         C       0.885341       -1.06002      -0.661046
         C              0              0              0
         C              0              0        1.45446
         H        1.45177        -1.7641       -2.65415
         H        0.31285        1.00293      -0.342509
         H       -1.04288      -0.130756      -0.341371
         H      -0.889447       0.532415        1.83968
         H       0.895481       0.523491        1.83788
         H       0.011648       -1.34172         2.8447
         H      -0.218566        -1.1593       -2.53728
         H        1.14499     -0.0129237       -2.55502
         H        1.93286      -0.924921      -0.338584
         H        0.57861       -2.06562      -0.322728
         O    -0.00643971       -1.35303         1.8948
15
butan-1-ol-rotate_fragment_15
         C       0.628006        -1.1235       -2.18716
         C        0.68782       -1.19765      -0.661046
         C              0              0              0
         C              0              0        1.45446
         H        1.12338        -1.9894       -2.65415
         H       0.482254       0.933369      -0.342509
         H       -1.04974      0.0523241      -0.341371
         H      -0.889447       0.532415        1.83968
         H       0.895481       0.523491        1.83788
         H       0.011648       -1.34172         2.8447
         H      -0.416555       -1.10373       -2.53728
         H        1.12536      -0.211554       -2.55502
         H        1.74288       -1.24651      -0.338584
         H       0.211128       -2.13471      -0.322728
         O    -0.00643971       -1.35303         1.8948
15
butan-1-ol-rotate_fragment_16
         C       0.423371       -1.21549       -2.18716
         C       0.469401        -1.2989      -0.661046
         C              0              0              0
         C              0              0        1.45446
         H       0.760858       -2.15425       -2.65415
         H       0.637005       0.835447      -0.342509
         H       -1.02471       0.233815      -0.341371
         H      -0.889447       0.532415        1.83968
         H       0.895481       0.523491        1.83788
         H       0.011648       -1.34172         2.8447
         H      -0.601887       -1.01463       -2.53728
         H        1.07152      -0.403755       -2.55502
         H        1.49995       -1.53022      -0.338584
         H      -0.162768       -2.13894      -0.322728
         O    -0.00643971       -1.35303         1.8948
15
butan-1-ol-rotate_fragment_17
         C       0.205872       -1.27054       -2.18716
         C       0.236719       -1.36067      -0.661046
         C              0              0              0
         C              0              0        1.45446
         H       0.375217       -2.25364       -2.65415
         H       0.772402        0.71214      -0.342509
         H      -0.968537       0.408201      -0.341371
         H      -0.889447       0.532415        1.83968
         H       0.895481       0.523491        1.83788
         H       0.011648       -1.34172         2.8447
         H      -0.768932      -0.894697       -2.53728
         H       0.985132      -0.583689       -2.55502
         H        1.21144       -1.76743      -0.338584
         H      -0.531719       -2.07818      -0.322728
         O    -0.00643971       -1.35303         1.8948
15
butan-1-ol-rotate_fragment_18
         C     -0.0178828       -1.28699       -2.18716
         C    -0.00315577       -1.38111      -0.661046
         C              0              0              0
         C              0              0        1.45446
         H     -0.0218247       -2.28456       -2.65415
         H       0.884329       0.567194      -0.342509
         H      -0.882939       0.570184      -0.341371
         H      -0.889447       0.532415        1.83968
         H       0.895481       0.523491        1.83788
         H       0.011648       -1.34172         2.8447
         H      -0.912612      -0.747581       -2.53728
         H       0.868809      -0.745888       -2.55502
         H       0.886126       -1.95095      -0.338584
         H      -0.884513       -1.95428      -0.322728
         O    -0.00643971       -1.35303         1.8948
15
butan-1-ol-rotate_fragment_19
         C      -0.241094       -1.26433       -2.18716
         C      -0.242934       -1.35958      -0.661046
         C              0              0              0
         C              0              0        1.45446
         H      -0.418203       -2.24606       -2.65415
         H       0.969386       0.405015      -0.342509
         H      -0.770514       0.714842      -0.341371
         H      -0.889447       0.532415        1.83968
         H       0.895481       0.523491        1.83788
         H       0.011648       -1.34172         2.8447
         H       -1.02856       -0.57775       -2.53728
         H       0.726088      -0.885424       -2.55502
         H       0.533885       -2.07518      -0.338584
         H       -1.21043       -1.77099      -0.322728
         O    -0.00643971       -1.35303         1.8948
15
butan-1-ol-rotate_fragment_20
         C      -0.456979       -1.20325       -2.18716
         C      -0.475332       -1.29674      -0.661046
         C              0              0              0
         C              0              0        1.45446
         H      -0.801875       -2.13932       -2.65415
         H        1.02499        0.23053      -0.342509
         H      -0.634677       0.837781      -0.341371
         H      -0.889447       0.532415        1.83968
         H       0.895481       0.523491        1.83788
         H       0.011648       -1.34172         2.8447
         H       -1.11326      -0.390364       -2.53728
         H       0.561305      -0.998056       -2.55502
         H       0.165423       -2.13636      -0.338584
         H       -1.49957        -1.5339      -0.322728
         O    -0.00643971       -1.35303         1.8948
15
butan-1-ol-rotate_fragment_21
         C       -0.65898       -1.10562       -2.18716
         C      -0.693286        -1.1945      -0.661046
         C              0              0              0
         C              0              0        1.45446
         H       -1.16118       -1.96758       -2.65415
         H        1.04945      0.0490404      -0.342509
         H      -0.479556       0.935263      -0.341371
         H      -0.889447       0.532415        1.83968
         H       0.895481       0.523491        1.83788
         H       0.011648       -1.34172         2.8447
         H       -1.16414      -0.191118       -2.53728
         H       0.379467       -1.08036       -2.55502
         H      -0.208066       -2.13263      -0.338584
         H       -1.74315        -1.2502      -0.322728
         O    -0.00643971       -1.35303         1.8948
15
butan-1-ol-rotate_fragment_22
         C      -0.840958      -0.974394       -2.18716
         C      -0.890176       -1.05596      -0.661046
         C              0              0              0
         C              0              0        1.45446
         H       -1.48521       -1.73605       -2.65415
         H        1.04202      -0.133939      -0.342509
         H      -0.309864        1.00433      -0.341371
         H      -0.889447       0.532415        1.83968
         H       0.895481       0.523491        1.83788
         H       0.011648       -1.34172         2.8447
         H       -1.17964      0.0139359       -2.53728
         H       0.186099       -1.12984       -2.55502
         H      -0.575232        -2.0641      -0.338584
         H       -1.93376       -0.92851      -0.322728
         O    -0.00643971       -1.35303         1.8948
15
butan-1-ol-rotate_fragment_23
         C      -0.997383       -0.81356       -2.18716
         C       -1.06002      -0.885341      -0.661046
         C              0              0              0
         C              0              0        1.45446
         H        -1.7641       -1.45177       -2.65415
         H        1.00293       -0.31285      -0.342509
         H      -0.130756        1.04288      -0.341371
         H      -0.889447       0.532415        1.83968
         H       0.895481       0.523491        1.83788
         H       0.011648       -1.34172         2.8447
         H        -1.1593       0.218566       -2.53728
         H     -0.0129237       -1.14499       -2.55502
         H      -0.924921       -1.93286      -0.338584
         H       -2.06562       -0.57861      -0.322728
         O    -0.00643971       -1.35303         1.8948
15
butan-1-ol-rotate_fragment_24
         C        -1.1235      -0.628006       -2.18716
         C       -1.19765       -0.68782      -0.661046
         C              0              0              0
         C              0              0        1.45446
         H        -1.9894       -1.12338       -2.65415
         H       0.933369      -0.482254      -0.342509
         H      0.0523241        1.04974      -0.341371
         H      -0.889447       0.532415        1.83968
         H       0.895481       0.523491        1.83788
         H       0.011648       -1.34172         2.8447
         H       -1.10373       0.416555       -2.53728
         H      -0.211554       -1.12536       -2.55502
         H       -1.24651       -1.74288      -0.338584
         H       -2.13471      -0.211128      -0.322728
         O    -0.00643971       -1.35303         1.8948
15
butan-1-ol-rotate_fragment_25
         C       -1.21549      -0.423371       -2.18716
         C        -1.2989      -0.469401      -0.661046
         C              0              0              0
         C              0              0        1.45446
         H       -2.15425      -0.760858       -2.65415
         H       0.835447      -0.637005      -0.342509
         H       0.233815        1.02471      -0.341371
         H      -0.889447       0.532415        1.83968
         H       0.895481       0.523491        1.83788
         H       0.011648       -1.34172         2.8447
         H       -1.01463       0.601887       -2.53728
         H      -0.403755       -1.07152       -2.55502
         H       -1.53022       -1.49995      -0.338584
         H       -2.13894       0.162768      -0.322728
         O    -0.00643971       -1.35303         1.8948
15
butan-1-ol-rotate_fragment_26
         C       -1.27054      -0.205872       -2.18716
         C       -1.36067      -0.236719      -0.661046
         C              0              0              0
         C              0              0        1.45446
         H       -2.25364      -0.375217       -2.65415
         H        0.71214      -0.772402      -0.342509
         H       0.408201       0.968537      -0.341371
         H      -0.889447       0.532415        1.83968
         H       0.895481       0.523491        1.83788
         H       0.011648       -1.34172         2.8447
         H      -0.894697       0.768932       -2.53728
         H      -0.583689      -0.985132       -2.55502
         H       -1.76743       -1.21144      -0.338584
         H       -2.07818       0.531719      -0.322728
         O    -0.00643971       -1.35303         1.8948
15
butan-1-ol-rotate_fragment_27
         C       -1.28699      0.0178828       -2.18716
         C       -1.38111     0.00315577      -0.661046
         C              0              0              0
         C              0              0        1.45446
         H       -2.28456      0.0218247       -2.65415
         H       0.567194      -0.884329      -0.342509
         H       0.570184       0.882939      -0.341371
         H      -0.889447       0.532415        1.83968
         H       0.895481       0.523491        1.83788
         H       0.011648       -1.34172         2.8447
         H      -0.747581       0.912612       -2.53728
         H      -0.745888      -0.868809       -2.55502
         H       -1.95095      -0.886126      -0.338584
         H       -1.95428       0.884513      -0.322728
         O    -0.00643971       -1.35303         1.8948
15
butan-1-ol-rotate_fragment_28
         C       -1.26433       0.241094       -2.18716
         C       -1.35958       0.242934      -0.661046
         C              0              0              0
         C              0              0        1.45446
         H       -2.24606       0.418203       -2.65415
         H       0.405015      -0.969386      -0.342509
         H       0.714842       0.770514      -0.341371
         H      -0.889447       0.532415        1.83968
         H       0.895481       0.523491        1.83788
         H       0.011648       -1.34172         2.8447
         H       -0.57775        1.02856       -2.53728
         H      -0.885424      -0.726088       -2.55502
         H       -2.07518      -0.533885      -0.338584
         H       -1.77099        1.21043      -0.322728
         O    -0.00643971       -1.35303         1.8948
15
butan-1-ol-rotate_fragment_29
         C       -1.20325       0.456979       -2.18716
         C       -1.29674       0.475332      -0.661046
         C              0              0              0
         C              0              0        1.45446
         H       -2.13932       0.801875       -2.65415
         H        0.23053       -1.02499      -0.342509
         H       0.837781       0.634677      -0.341371
         H      -0.889447       0.532415        1.83968
         H       0.895481       0.523491        1.83788
         H       0.011648       -1.34172         2.8447
         H      -0.390364        1.11326       -2.53728
         H      -0.998056      -0.561305       -2.55502
         H       -2.13636      -0.165423      -0.338584
         H        -1.5339        1.49957      -0.322728
         O    -0.00643971       -1.35303         1.8948
15
butan-1-ol-rotate_fragment_30
         C       -1.10562        0.65898       -2.18716
         C        -1.1945       0.693286      -0.661046
         C              0              0              0
         C              0              0        1.45446
         H       -1.96758        1.16118       -2.65415
         H      0.0490404       -1.04945      -0.342509
         H       0.935263       0.479556      -0.341371
         H      -0.889447       0.532415        1.83968
         H       0.895481       0.523491        1.83788
         H       0.011648       -1.34172         2.8447
         H      -0.191118        1.16414       -2.53728
         H       -1.08036      -0.379467       -2.55502
         H       -2.13263       0.208066      -0.338584
         H        -1.2502        1.74315      -0.322728
         O    -0.00643971       -1.35303         1.8948
15
butan-1-ol-rotate_fragment_31
         C      -0.974394       0.840958       -2.18716
         C       -1.05596       0.890176      -0.661046
         C              0              0              0
         C              0              0        1.45446
         H       -1.73605        1.48521       -2.65415
         H      -0.133939       -1.04202      -0.342509
         H        1.00433       0.309864      -0.341371
         H      -0.889447       0.532415        1.83968
         H       0.895481       0.523491        1.83788
         H       0.011648       -1.34172         2.8447
         H      0.0139359        1.17964       -2.53728
         H       -1.12984      -0.186099       -2.55502
         H        -2.0641       0.575232      -0.338584
         H       -0.92851        1.93376      -0.322728
         O    -0.00643971       -1.35303         1.8948
15
butan-1-ol-rotate_fragment_32
         C       -0.81356       0.997383       -2.18716
         C      -0.885341        1.06002      -0.661046
         C              0              0              0
         C              0              0        1.45446
         H       -1.45177         1.7641       -2.65415
         H       -0.31285       -1.00293      -0.342509
         H        1.04288       0.130756      -0.341371
         H      -0.889447       0.532415        1.83968
         H       0.895481       0.523491        1.83788
         H       0.011648       -1.34172         2.8447
         H       0.218566         1.1593       -2.53728
         H       -1.14499      0.0129237       -2.55502
         H       -1.93286       0.924921      -0.338584
         H       -0.57861        2.06562      -0.322728
         O    -0.00643971       -1.35303         1.8948
15
butan-1-ol-rotate_fragment_33
         C      -0.628006         1.1235       -2.18716
         C       -0.68782        1.19765      -0.661046
         C              0              0              0
         C              0              0        1.45446
         H       -1.12338         1.9894       -2.65415
         H      -0.482254      -0.933369      -0.342509
         H        1.04974     -0.0523241      -0.341371
         H      -0.889447       0.532415        1.83968
         H       0.895481       0.523491        1.83788
         H       0.011648       -1.34172         2.8447
         H       0.416555        1.10373       -2.53728
         H       -1.12536       0.211554       -2.55502
         H       -1.74288        1.24651      -0.338584
         H      -0.211128        2.13471      -0.322728
         O    -0.00643971       -1.35303         1.8948
15
butan-1-ol-rotate_fragment_34
         C      -0.423371        1.21549       -2.18716
         C      -0.469401         1.2989      -0.661046
         C              0              0              0
         C              0              0        1.45446
         H      -0.760858        2.15425       -2.65415
         H      -0.637005      -0.835447      -0.342509
         H        1.02471      -0.233815      -0.341371
         H      -0.889447       0.532415        1.83968
         H       0.895481       0.523491        1.83788
         H       0.011648       -1.34172         2.8447
         H       0.601887        1.01463       -2.53728
         H       -1.07152       0.403755       -2.55502
         H       -1.49995        1.53022      -0.338584
         H       0.162768        2.13894      -0.322728
         O    -0.00643971       -1.35303         1.8948
15
butan-1-ol-rotate_fragment_35
         C      -0.205872        1.27054       -2.18716
         C      -0.236719        1.36067      -0.661046
         C              0              0              0
         C              0              0        1.45446
         H      -0.375217        2.25364       -2.65415
         H      -0.772402       -0.71214      -0.342509
         H       0.968537      -0.408201      -0.341371
         H      -0.889447       0.532415        1.83968
         H       0.895481       0.523491        1.83788
         H       0.011648       -1.34172         2.8447
         H       0.768932       0.894697       -2.53728
         H      -0.985132       0.583689       -2.55502
         H       -1.21144        1.76743      -0.338584
         H       0.531719        2.07818      -0.322728
         O    -0.00643971       -1.35303         1.8948
15
butan-1-ol-orig_coords
         C        2.54022      -0.360065     0.00371323
         C        1.30385       0.539621    -0.00378741
         C     0.00406111      -0.269698    -0.00381305
         C       -1.22242       0.512069     0.00307392
         H        3.47023       0.230138     0.00544387
         H     -0.0155159      -0.929839      -0.889754
         H     -0.0110259      -0.936246         0.8775
         H       -1.26463        1.17035      -0.884539
         H       -1.26078        1.15731        0.90036
         H       -3.11587       0.127861      0.0213046
         H         2.5491       -1.00539       0.896775
         H        2.55604       -1.01182      -0.884711
         H        1.33467        1.19573      -0.891532
         H        1.33016        1.20256       0.879162
         O       -2.32102      -0.392198     -0.0012807
15
butan-1-ol-orig_coords
         C        2.54022      -0.360065     0.00371323
         C        1.30385       0.539621    -0.00378741
         C     0.00406111      -0.269698    -0.00381305
         C       -1.22242       0.512069     0.00307392
         H        3.47023       0.230138     0.00544387
         H     -0.0155159      -0.929839      -0.889754
         H     -0.0110259      -0.936246         0.8775
         H       -1.26463        1.17035      -0.884539
         H       -1.26078        1.15731        0.90036
         H       -3.11587       0.127861      0.0213046
         H         2.5491       -1.00539       0.896775
         H        2.55604       -1.01182      -0.884711
         H        1.33467        1.19573      -0.891532
         H        1.33016        1.20256       0.879162
         O       -2.32102      -0.392198     -0.0012807
15
butan-1-ol-origin_at_at1
         C        3.76264      -0.872134    0.000639313
         C        2.52627      0.0275519    -0.00686133
         C        1.22648      -0.781768    -0.00688697
         C              0              0              0
         H        4.69265      -0.281931     0.00236995
         H        1.20691       -1.44191      -0.892828
         H         1.2114       -1.44831       0.874426
         H     -0.0422085       0.658279      -0.887613
         H     -0.0383604       0.645243       0.897286
         H       -1.89344      -0.384208      0.0182307
         H        3.77152       -1.51746       0.893701
         H        3.77846       -1.52389      -0.887785
         H        2.55709       0.683662      -0.894606
         H        2.55258       0.690487       0.876088
         O        -1.0986      -0.904268    -0.00435462
15
butan-1-ol-at2_inXZ
         C        2.35084       -3.06458    0.000639313
         C        1.96801       -1.58421    -0.00686133
         C       0.450128       -1.38304    -0.00688697
         C              0              0              0
         H        3.44397       -3.19992     0.00236995
         H       0.015484       -1.88029      -0.892828
         H      0.0148789       -1.88809       0.874426
         H       0.385757       0.535074      -0.887613
         H       0.380444       0.522563       0.897286
         H       -1.70608        0.90667      0.0182307
         H        1.94758       -3.56847       0.893701
         H        1.94885       -3.57784      -0.887785
         H        2.40878       -1.09722      -0.894606
         H        2.40963       -1.08909       0.876088
         O       -1.42289              0    -0.00435462
15
butan-1-ol-z_axis=at1-at2
         C     0.00655518       -3.06458        2.35083
         C      0.0128842       -1.58421        1.96798
         C     0.00826451       -1.38304       0.450105
         C              0              0              0
         H     0.00816996       -3.19992        3.44396
         H       0.892871       -1.88029      0.0127516
         H      -0.874376       -1.88809      0.0175549
         H       0.888789       0.535074       0.383039
         H      -0.896118       0.522563       0.383188
         H     -0.0234519        0.90667       -1.70601
         H      -0.887736       -3.56847        1.95031
         H       0.893745       -3.57784        1.94613
         H       0.901974       -1.09722        2.40603
         H       -0.86871       -1.08909         2.4123
         O              0              0        -1.4229
15
butan-1-ol-rotate_fragment_1
         C      -0.525703       -3.01916        2.35083
         C      -0.262407       -1.56238        1.96798
         C      -0.232024       -1.36347       0.450105
         C              0              0              0
         H      -0.547615       -3.15273        3.44396
         H       0.552798       -2.00677      0.0127516
         H       -1.18896       -1.70757      0.0175549
         H       0.968201       0.372608       0.383039
         H      -0.791761       0.670234       0.383188
         H     -0.0234519        0.90667       -1.70601
         H       -1.49391       -3.36011        1.95031
         H       0.258881       -3.67869        1.94613
         H        0.69774       -1.23718        2.40603
         H       -1.04463      -0.921692         2.4123
         O              0              0        -1.4229
15
butan-1-ol-rotate_fragment_2
         C       -1.04199       -2.88201        2.35083
         C      -0.529725       -1.49308        1.96798
         C      -0.465262       -1.30246       0.450105
         C              0              0              0
         H       -1.08676       -3.00974        3.44396
         H       0.195928       -2.07227      0.0127516
         H       -1.46741       -1.47517      0.0175549
         H        1.01819       0.198821       0.383039
         H      -0.663348       0.797539       0.383188
         H     -0.0234519        0.90667       -1.70601
         H       -2.05469       -3.04964        1.95031
         H      -0.383849       -3.66775        1.94613
         H       0.472305       -1.33955        2.40603
         H       -1.18881      -0.726291         2.4123
         O              0              0        -1.4229
15
butan-1-ol-rotate_fragment_3
         C       -1.52661       -2.65728        2.35083
         C      -0.780947       -1.37841        1.96798
         C      -0.684364       -1.20188       0.450105
         C              0              0              0
         H       -1.59289        -2.7753        3.44396
         H      -0.166895       -2.07481      0.0127516
         H       -1.70128       -1.19794      0.0175549
         H        1.03725      0.0189927       0.383039
         H      -0.514779       0.900612       0.383188
         H     -0.0234519        0.90667       -1.70601
         H       -2.55304       -2.64652        1.95031
         H       -1.01492       -3.54538        1.94613
         H        0.23252       -1.40121        2.40603
         H       -1.29687      -0.508823         2.4123
         O              0              0        -1.4229
15
butan-1-ol-rotate_fragment_4
         C       -1.96485       -2.35182        2.35083
         C       -1.00844       -1.22186        1.96798
         C      -0.882671       -1.06478       0.450105
         C              0              0              0
         H       -2.05061       -2.45654        3.44396
         H      -0.524647       -2.01431      0.0127516
         H       -1.88345      -0.884321      0.0175549
         H        1.02479      -0.161413       0.383039
         H      -0.350569        0.97632       0.383188
         H     -0.0234519        0.90667       -1.70601
         H       -2.97382       -2.16298        1.95031
         H       -1.61515       -3.31528        1.94613
         H     -0.0143297        -1.4203        2.40603
         H       -1.36552      -0.275894         2.4123
         O              0              0        -1.4229
15
butan-1-ol-rotate_fragment_5
         C       -2.34339        -1.9749        2.35083
         C       -1.20529       -1.02818        1.96798
         C       -1.05416      -0.895333       0.450105
         C              0              0              0
         H       -2.44603       -2.06313        3.44396
         H      -0.866457        -1.8926      0.0127516
         H        -2.0084      -0.543828      0.0175549
         H       0.981193      -0.336913       0.383039
         H      -0.175706        1.02236       0.383188
         H     -0.0234519        0.90667       -1.70601
         H       -3.30423       -1.61372        1.95031
         H        -2.1663       -2.98444        1.94613
         H      -0.260744       -1.39623        2.40603
         H       -1.39269     -0.0345819         2.4123
         O              0              0        -1.4229
15
butan-1-ol-rotate_fragment_6
         C       -2.65073       -1.53797        2.35083
         C       -1.36552      -0.803263        1.96798
         C       -1.19362      -0.698678       0.450105
         C              0              0              0
         H       -2.76713       -1.60704        3.44396
         H       -1.18194       -1.71339      0.0127516
         H       -2.07232      -0.186812      0.0175549
         H       0.907782      -0.502177       0.383039
         H     0.00449444        1.03734       0.383188
         H     -0.0234519        0.90667       -1.70601
         H       -3.53426       -1.01543        1.95031
         H       -2.65163       -2.56293        1.94613
         H      -0.499236       -1.32974        2.40603
         H       -1.37753       0.207781         2.4123
         O              0              0        -1.4229
15
butan-1-ol-rotate_fragment_7
         C       -2.87752       -1.05431        2.35083
         C       -1.48426      -0.553939        1.96798
         C       -1.29681      -0.480794       0.450105
         C              0              0              0
         H       -3.00415       -1.10212        3.44396
         H       -1.46151       -1.48212      0.0127516
         H       -2.07328       0.175881      0.0175549
         H       0.806789      -0.652183       0.383039
         H       0.184559         1.0208       0.383188
         H     -0.0234519        0.90667       -1.70601
         H       -3.65689       -0.38629        1.95031
         H       -3.05639       -2.06354        1.94613
         H       -0.72256       -1.22285        2.40603
         H       -1.32052        0.44383         2.4123
         O              0              0        -1.4229
15
butan-1-ol-rotate_fragment_8
         C       -3.01688      -0.538614        2.35083
         C       -1.55791      -0.287784        1.96798
         C        -1.3606      -0.248302       0.450105
         C              0              0              0
         H       -3.14989      -0.563707        3.44396
         H       -1.69668       -1.20581      0.0127516
         H       -2.01124        0.53323      0.0175549
         H       0.681281      -0.782372       0.383039
         H       0.359015       0.973246       0.383188
         H     -0.0234519        0.90667       -1.70601
         H       -3.66841       0.254591        1.95031
         H       -3.36829       -1.50145        1.94613
         H      -0.923928        -1.0788        2.40603
         H       -1.22339       0.666394         2.4123
         O              0              0        -1.4229
15
butan-1-ol-rotate_fragment_9
         C       -3.06458    -0.00655518        2.35083
         C       -1.58421     -0.0128842        1.96798
         C       -1.38304    -0.00826451       0.450105
         C              0              0              0
         H       -3.19992    -0.00816996        3.44396
         H       -1.88029      -0.892871      0.0127516
         H       -1.88809       0.874376      0.0175549
         H       0.535074      -0.888789       0.383039
         H       0.522563       0.896118       0.383188
         H     -0.0234519        0.90667       -1.70601
         H       -3.56847       0.887736        1.95031
         H       -3.57784      -0.893745        1.94613
         H       -1.09722      -0.901974        2.40603
         H       -1.08909        0.86871         2.4123
         O              0              0        -1.4229
15
butan-1-ol-rotate_fragment_10
         C       -3.01916       0.525703        2.35083
         C       -1.56238       0.262407        1.96798
         C       -1.36347       0.232024       0.450105
         C              0              0              0
         H       -3.15273       0.547615        3.44396
         H       -2.00677      -0.552798      0.0127516
         H       -1.70757        1.18896      0.0175549
         H       0.372608      -0.968201       0.383039
         H       0.670234       0.791761       0.383188
         H     -0.0234519        0.90667       -1.70601
         H       -3.36011        1.49391        1.95031
         H       -3.67869      -0.258881        1.94613
         H       -1.23718       -0.69774        2.40603
         H      -0.921692        1.04463         2.4123
         O              0              0        -1.4229
15
butan-1-ol-rotate_fragment_11
         C       -2.88201        1.04199        2.35083
         C       -1.49308       0.529725        1.96798
         C       -1.30246       0.465262       0.450105
         C              0              0              0
         H       -3.00974        1.08676        3.44396
         H       -2.07227      -0.195928      0.0127516
         H       -1.47517        1.46741      0.0175549
         H       0.198821       -1.01819       0.383039
         H       0.797539       0.663348       0.383188
         H     -0.0234519        0.90667       -1.70601
         H       -3.04964        2.05469        1.95031
         H       -3.66775       0.383849        1.94613
         H       -1.33955      -0.472305        2.40603
         H      -0.726291        1.18881         2.4123
         O              0              0        -1.4229
15
butan-1-ol-rotate_fragment_12
         C       -2.65728        1.52661        2.35083
         C       -1.37841       0.780947        1.96798
         C       -1.20188       0.684364       0.450105
         C              0              0              0
         H        -2.7753        1.59289        3.44396
         H       -2.07481       0.166895      0.0127516
         H       -1.19794        1.70128      0.0175549
         H      0.0189927       -1.03725       0.383039
         H       0.900612       0.514779       0.383188
         H     -0.0234519        0.90667       -1.70601
         H       -2.64652        2.55304        1.95031
         H       -3.54538        1.01492        1.94613
         H       -1.40121       -0.23252        2.40603
         H      -0.508823        1.29687         2.4123
         O              0              0        -1.4229
15
butan-1-ol-rotate_fragment_13
         C       -2.35182        1.96485        2.35083
         C       -1.22186        1.00844        1.96798
         C       -1.06478       0.882671       0.450105
         C              0              0              0
         H       -2.45654        2.05061        3.44396
         H       -2.01431       0.524647      0.0127516
         H      -0.884321        1.88345      0.0175549
         H      -0.161413       -1.02479       0.383039
         H        0.97632       0.350569       0.383188
         H     -0.0234519        0.90667       -1.70601
         H       -2.16298        2.97382        1.95031
         H       -3.31528        1.61515        1.94613
         H        -1.4203      0.0143297        2.40603
         H      -0.275894        1.36552         2.4123
         O              0              0        -1.4229
15
butan-1-ol-rotate_fragment_14
         C        -1.9749        2.34339        2.35083
         C       -1.02818        1.20529        1.96798
         C      -0.895333        1.05416       0.450105
         C              0              0              0
         H       -2.06313        2.44603        3.44396
         H        -1.8926       0.866457      0.0127516
         H      -0.543828         2.0084      0.0175549
         H      -0.336913      -0.981193       0.383039
         H        1.02236       0.175706       0.383188
         H     -0.0234519        0.90667       -1.70601
         H       -1.61372        3.30423        1.95031
         H       -2.98444         2.1663        1.94613
         H       -1.39623       0.260744        2.40603
         H     -0.0345819        1.39269         2.4123
         O              0              0        -1.4229
15
butan-1-ol-rotate_fragment_15
         C       -1.53797        2.65073        2.35083
         C      -0.803263        1.36552        1.96798
         C      -0.698678        1.19362       0.450105
         C              0              0              0
         H       -1.60704        2.76713        3.44396
         H       -1.71339        1.18194      0.0127516
         H      -0.186812        2.07232      0.0175549
         H      -0.502177      -0.907782       0.383039
         H        1.03734    -0.00449444       0.383188
         H     -0.0234519        0.90667       -1.70601
         H       -1.01543        3.53426        1.95031
         H       -2.56293        2.65163        1.94613
         H       -1.32974       0.499236        2.40603
         H       0.207781        1.37753         2.4123
         O              0              0        -1.4229
15
butan-1-ol-rotate_fragment_16
         C       -1.05431        2.87752        2.35083
         C      -0.553939        1.48426        1.96798
         C      -0.480794        1.29681       0.450105
         C              0              0              0
         H       -1.10212        3.00415        3.44396
         H       -1.48212        1.46151      0.0127516
         H       0.175881        2.07328      0.0175549
         H      -0.652183      -0.806789       0.383039
         H         1.0208      -0.184559       0.383188
         H     -0.0234519        0.90667       -1.70601
         H       -0.38629        3.65689        1.95031
         H       -2.06354        3.05639        1.94613
         H       -1.22285        0.72256        2.40603
         H        0.44383        1.32052         2.4123
         O              0              0        -1.4229
15
butan-1-ol-rotate_fragment_17
         C      -0.538614        3.01688        2.35083
         C      -0.287784        1.55791        1.96798
         C      -0.248302         1.3606       0.450105
         C              0              0              0
         H      -0.563707        3.14989        3.44396
         H       -1.20581        1.69668      0.0127516
         H        0.53323        2.01124      0.0175549
         H      -0.782372      -0.681281       0.383039
         H       0.973246      -0.359015       0.383188
         H     -0.0234519        0.90667       -1.70601
         H       0.254591        3.66841        1.95031
         H       -1.50145        3.36829        1.94613
         H        -1.0788       0.923928        2.40603
         H       0.666394        1.22339         2.4123
         O              0              0        -1.4229
15
butan-1-ol-rotate_fragment_18
         C    -0.00655518        3.06458        2.35083
         C     -0.0128842        1.58421        1.96798
         C    -0.00826451        1.38304       0.450105
         C              0              0              0
         H    -0.00816996        3.19992        3.44396
         H      -0.892871        1.88029      0.0127516
         H       0.874376        1.88809      0.0175549
         H      -0.888789      -0.535074       0.383039
         H       0.896118      -0.522563       0.383188
         H     -0.0234519        0.90667       -1.70601
         H       0.887736        3.56847        1.95031
         H      -0.893745        3.57784        1.94613
         H      -0.901974        1.09722        2.40603
         H        0.86871        1.08909         2.4123
         O              0              0        -1.4229
15
butan-1-ol-rotate_fragment_19
         C       0.525703        3.01916        2.35083
         C       0.262407        1.56238        1.96798
         C       0.232024        1.36347       0.450105
         C              0              0              0
         H       0.547615        3.15273        3.44396
         H      -0.552798        2.00677      0.0127516
         H        1.18896        1.70757      0.0175549
         H      -0.968201      -0.372608       0.383039
         H       0.791761      -0.670234       0.383188
         H     -0.0234519        0.90667       -1.70601
         H        1.49391        3.36011        1.95031
         H      -0.258881        3.67869        1.94613
         H       -0.69774        1.23718        2.40603
         H        1.04463       0.921692         2.4123
         O              0              0        -1.4229
15
butan-1-ol-rotate_fragment_20
         C        1.04199        2.88201        2.35083
         C       0.529725        1.49308        1.96798
         C       0.465262        1.30246       0.450105
         C              0              0              0
         H        1.08676        3.00974        3.44396
         H      -0.195928        2.07227      0.0127516
         H        1.46741        1.47517      0.0175549
         H       -1.01819      -0.198821       0.383039
         H       0.663348      -0.797539       0.383188
         H     -0.0234519        0.90667       -1.70601
         H        2.05469        3.04964        1.95031
         H       0.383849        3.66775        1.94613
         H      -0.472305        1.33955        2.40603
         H        1.18881       0.726291         2.4123
         O              0              0        -1.4229
15
butan-1-ol-rotate_fragment_21
         C        1.52661        2.65728        2.35083
         C       0.780947        1.37841        1.96798
         C       0.684364        1.20188       0.450105
         C              0              0              0
         H        1.59289         2.7753        3.44396
         H       0.166895        2.07481      0.0127516
         H        1.70128        1.19794      0.0175549
         H       -1.03725     -0.0189927       0.383039
         H       0.514779      -0.900612       0.383188
         H     -0.0234519        0.90667       -1.70601
         H        2.55304        2.64652        1.95031
         H        1.01492        3.54538        1.94613
         H       -0.23252        1.40121        2.40603
         H        1.29687       0.508823         2.4123
         O              0              0        -1.4229
15
butan-1-ol-rotate_fragment_22
         C        1.96485        2.35182        2.35083
         C        1.00844        1.22186        1.96798
         C       0.882671        1.06478       0.450105
         C              0              0              0
         H        2.05061        2.45654        3.44396
         H       0.524647        2.01431      0.0127516
         H        1.88345       0.884321      0.0175549
         H       -1.02479       0.161413       0.383039
         H       0.350569       -0.97632       0.383188
         H     -0.0234519        0.90667       -1.70601
         H        2.97382        2.16298        1.95031
         H        1.61515        3.31528        1.94613
         H      0.0143297         1.4203        2.40603
         H        1.36552       0.275894         2.4123
         O              0              0        -1.4229
15
butan-1-ol-rotate_fragment_23
         C        2.34339         1.9749        2.35083
         C        1.20529        1.02818        1.96798
         C        1.05416       0.895333       0.450105
         C              0              0              0
         H        2.44603        2.06313        3.44396
         H       0.866457         1.8926      0.0127516
         H         2.0084       0.543828      0.0175549
         H      -0.981193       0.336913       0.383039
         H       0.175706       -1.02236       0.383188
         H     -0.0234519        0.90667       -1.70601
         H        3.30423        1.61372        1.95031
         H         2.1663        2.98444        1.94613
         H       0.260744        1.39623        2.40603
         H        1.39269      0.0345819         2.4123
         O              0              0        -1.4229
15
butan-1-ol-rotate_fragment_24
         C        2.65073        1.53797        2.35083
         C        1.36552       0.803263        1.96798
         C        1.19362       0.698678       0.450105
         C              0              0              0
         H        2.76713        1.60704        3.44396
         H        1.18194        1.71339      0.0127516
         H        2.07232       0.186812      0.0175549
         H      -0.907782       0.502177       0.383039
         H    -0.00449444       -1.03734       0.383188
         H     -0.0234519        0.90667       -1.70601
         H        3.53426        1.01543        1.95031
         H        2.65163        2.56293        1.94613
         H       0.499236        1.32974        2.40603
         H        1.37753      -0.207781         2.4123
         O              0              0        -1.4229
15
butan-1-ol-rotate_fragment_25
         C        2.87752        1.05431        2.35083
         C        1.48426       0.553939        1.96798
         C        1.29681       0.480794       0.450105
         C              0              0              0
         H        3.00415        1.10212        3.44396
         H        1.46151        1.48212      0.0127516
         H        2.07328      -0.175881      0.0175549
         H      -0.806789       0.652183       0.383039
         H      -0.184559        -1.0208       0.383188
         H     -0.0234519        0.90667       -1.70601
         H        3.65689        0.38629        1.95031
         H        3.05639        2.06354        1.94613
         H        0.72256        1.22285        2.40603
         H        1.32052       -0.44383         2.4123
         O              0              0        -1.4229
15
butan-1-ol-rotate_fragment_26
         C        3.01688       0.538614        2.35083
         C        1.55791       0.287784        1.96798
         C         1.3606       0.248302       0.450105
         C              0              0              0
         H        3.14989       0.563707        3.44396
         H        1.69668        1.20581      0.0127516
         H        2.01124       -0.53323      0.0175549
         H      -0.681281       0.782372       0.383039
         H      -0.359015      -0.973246       0.383188
         H     -0.0234519        0.90667       -1.70601
         H        3.66841      -0.254591        1.95031
         H        3.36829        1.50145        1.94613
         H       0.923928         1.0788        2.40603
         H        1.22339      -0.666394         2.4123
         O              0              0        -1.4229
15
butan-1-ol-rotate_fragment_27
         C        3.06458     0.00655518        2.35083
         C        1.58421      0.0128842        1.96798
         C        1.38304     0.00826451       0.450105
         C              0              0              0
         H        3.19992     0.00816996        3.44396
         H        1.88029       0.892871      0.0127516
         H        1.88809      -0.874376      0.0175549
         H      -0.535074       0.888789       0.383039
         H      -0.522563      -0.896118       0.383188
         H     -0.0234519        0.90667       -1.70601
         H        3.56847      -0.887736        1.95031
         H        3.57784       0.893745        1.94613
         H        1.09722       0.901974        2.40603
         H        1.08909       -0.86871         2.4123
         O              0              0        -1.4229
15
butan-1-ol-rotate_fragment_28
         C        3.01916      -0.525703        2.35083
         C        1.56238      -0.262407        1.96798
         C        1.36347      -0.232024       0.450105
         C              0              0              0
         H        3.15273      -0.547615        3.44396
         H        2.00677       0.552798      0.0127516
         H        1.70757       -1.18896      0.0175549
         H      -0.372608       0.968201       0.383039
         H      -0.670234      -0.791761       0.383188
         H     -0.0234519        0.90667       -1.70601
         H        3.36011       -1.49391        1.95031
         H        3.67869       0.258881        1.94613
         H        1.23718        0.69774        2.40603
         H       0.921692       -1.04463         2.4123
         O              0              0        -1.4229
15
butan-1-ol-rotate_fragment_29
         C        2.88201       -1.04199        2.35083
         C        1.49308      -0.529725        1.96798
         C        1.30246      -0.465262       0.450105
         C              0              0              0
         H        3.00974       -1.08676        3.44396
         H        2.07227       0.195928      0.0127516
         H        1.47517       -1.46741      0.0175549
         H      -0.198821        1.01819       0.383039
         H      -0.797539      -0.663348       0.383188
         H     -0.0234519        0.90667       -1.70601
         H        3.04964       -2.05469        1.95031
         H        3.66775      -0.383849        1.94613
         H        1.33955       0.472305        2.40603
         H       0.726291       -1.18881         2.4123
         O              0              0        -1.4229
15
butan-1-ol-rotate_fragment_30
         C        2.65728       -1.52661        2.35083
         C        1.37841      -0.780947        1.96798
         C        1.20188      -0.684364       0.450105
         C              0              0              0
         H         2.7753       -1.59289        3.44396
         H        2.07481      -0.166895      0.0127516
         H        1.19794       -1.70128      0.0175549
         H     -0.0189927        1.03725       0.383039
         H      -0.900612      -0.514779       0.383188
         H     -0.0234519        0.90667       -1.70601
         H        2.64652       -2.55304        1.95031
         H        3.54538       -1.01492        1.94613
         H        1.40121        0.23252        2.40603
         H       0.508823       -1.29687         2.4123
         O              0              0        -1.4229
15
butan-1-ol-rotate_fragment_31
         C        2.35182       -1.96485        2.35083
         C        1.22186       -1.00844        1.96798
         C        1.06478      -0.882671       0.450105
         C              0              0              0
         H        2.45654       -2.05061        3.44396
         H        2.01431      -0.524647      0.0127516
         H       0.884321       -1.88345      0.0175549
         H       0.161413        1.02479       0.383039
         H       -0.97632      -0.350569       0.383188
         H     -0.0234519        0.90667       -1.70601
         H        2.16298       -2.97382        1.95031
         H        3.31528       -1.61515        1.94613
         H         1.4203     -0.0143297        2.40603
         H       0.275894       -1.36552         2.4123
         O              0              0        -1.4229
15
butan-1-ol-rotate_fragment_32
         C         1.9749       -2.34339        2.35083
         C        1.02818       -1.20529        1.96798
         C       0.895333       -1.05416       0.450105
         C              0              0              0
         H        2.06313       -2.44603        3.44396
         H         1.8926      -0.866457      0.0127516
         H       0.543828        -2.0084      0.0175549
         H       0.336913       0.981193       0.383039
         H       -1.02236      -0.175706       0.383188
         H     -0.0234519        0.90667       -1.70601
         H        1.61372       -3.30423        1.95031
         H        2.98444        -2.1663        1.94613
         H        1.39623      -0.260744        2.40603
         H      0.0345819       -1.39269         2.4123
         O              0              0        -1.4229
15
butan-1-ol-rotate_fragment_33
         C        1.53797       -2.65073        2.35083
         C       0.803263       -1.36552        1.96798
         C       0.698678       -1.19362       0.450105
         C              0              0              0
         H        1.60704       -2.76713        3.44396
         H        1.71339       -1.18194      0.0127516
         H       0.186812       -2.07232      0.0175549
         H       0.502177       0.907782       0.383039
         H       -1.03734     0.00449444       0.383188
         H     -0.0234519        0.90667       -1.70601
         H        1.01543       -3.53426        1.95031
         H        2.56293       -2.65163        1.94613
         H        1.32974      -0.499236        2.40603
         H      -0.207781       -1.37753         2.4123
         O              0              0        -1.4229
15
butan-1-ol-rotate_fragment_34
         C        1.05431       -2.87752        2.35083
         C       0.553939       -1.48426        1.96798
         C       0.480794       -1.29681       0.450105
         C              0              0              0
         H        1.10212       -3.00415        3.44396
         H        1.48212       -1.46151      0.0127516
         H      -0.175881       -2.07328      0.0175549
         H       0.652183       0.806789       0.383039
         H        -1.0208       0.184559       0.383188
         H     -0.0234519        0.90667       -1.70601
         H        0.38629       -3.65689        1.95031
         H        2.06354       -3.05639        1.94613
         H        1.22285       -0.72256        2.40603
         H       -0.44383       -1.32052         2.4123
         O              0              0        -1.4229
15
butan-1-ol-rotate_fragment_35
         C       0.538614       -3.01688        2.35083
         C       0.287784       -1.55791        1.96798
         C       0.248302        -1.3606       0.450105
         C              0              0              0
         H       0.563707       -3.14989        3.44396
         H        1.20581       -1.69668      0.0127516
         H       -0.53323       -2.01124      0.0175549
         H       0.782372       0.681281       0.383039
         H      -0.973246       0.359015       0.383188
         H     -0.0234519        0.90667       -1.70601
         H      -0.254591       -3.66841        1.95031
         H        1.50145       -3.36829        1.94613
         H         1.0788      -0.923928        2.40603
         H      -0.666394       -1.22339         2.4123
         O              0              0        -1.4229
15
butan-1-ol-orig_coords
         C        2.54022      -0.360065     0.00371323
         C        1.30385       0.539621    -0.00378741
         C     0.00406111      -0.269698    -0.00381305
         C       -1.22242       0.512069     0.00307392
         H        3.47023       0.230138     0.00544387
         H     -0.0155159      -0.929839      -0.889754
         H     -0.0110259      -0.936246         0.8775
         H       -1.26463        1.17035      -0.884539
         H       -1.26078        1.15731        0.90036
         H       -3.11587       0.127861      0.0213046
         H         2.5491       -1.00539       0.896775
         H        2.55604       -1.01182      -0.884711
         H        1.33467        1.19573      -0.891532
         H        1.33016        1.20256       0.879162
         O       -2.32102      -0.392198     -0.0012807

--Execute calcMethod simpleCalc
Number of cells = 50000, Number of grains = 437
In FastLaplaceConvolution: 16640 values in the FFT convolution routine were replaced by standard convolution
In FastLaplaceConvolution: 20 values in the FFT convolution routine were replaced by standard convolution
In FastLaplaceConvolution: 14260 values in the FFT convolution routine were replaced by standard convolution

WARNING: Chemically significant eigenvalues (CSE) not well separated from internal energy relaxation eigenvals (IEREs).

The last CSE = -6.76166e+06 and the first IERE = -1.92681e+07
(last CSE)/(first IERE) ratio = 0.350925, which is less than an order of magnitude

Results obtained from Bartis Widom eigenvalue-vector analysis may be unreliable
 -- Total time elapsed: 14 seconds.


    Temperature  Concentration    Exp. Coeff.    Cal. Coeff.


System saved to mesmer_out.xml
Total time elapsed: 14 seconds.
