
            /|      /|                        \   
           / |     / | ________________________\  
          /  |    /  |  _   _             _   _   
         /   |   /   | / \ / \ |\     /| / \ / \  
        /    |  /    | \_/ \_  | \   / | \_/ |_/  
       /     | /     | /     \ |  \ /  | /   | \  
    \_/      |/      | \_/ \_/ |   V   | \_/ |  \ 

     Mesmer: Master Equation Solver for Multi-Energy well Reactions
     Mesmer v6.0 compiled: -- Mar  5 2020 -- 23:15:47

     Copyright (C) 2009-2020 by
     Struan H. Robertson, Chris Morley, Chi-Hsiu Liang,
     David R. Glowacki, Michael J. Pilling and contributors

     Mesmer is free software: you can redistribute it and/or modify
     it under the terms of the GNU Public License as published by
     the Free Software Foundation, either version 2 of the License,
     or (at your option) any later version.

     But WITHOUT ANY WARRANTY; without even the implied warranty of
     MERCHANTABILITY or FITNESS FOR A PARTICULAR PURPOSE.  See the
     GNU Public License for more details.

    You should have received a copy of the GNU Public License
    along with Mesmer.  If not, see <http://www.gnu.org/licenses/>.

                     Platform:        Linux
                     Execution Date:  Fri Mar  6 01:28:59 2020
                     Number of ranks: 12

defaults.xml, librarymols.xml are in ../..

Parsing input xml file...
H2OBend.xml

The default value of me:calcMethod was used.
--Parse data for simpleCalc
The default value of me:energyAboveTheTopHill was used.
Energy convention "" written to <moleculeList>
In R1: Parsing reaction...Association reaction
In oh: oh copied from ../../librarymols.xml Original library id = OH
In oh: The energy convention is thermodynamic, derived from me:Hf298
In oh: energy converted from thermodynamic298K to thermodynamic
In oh: New me:ZPE element written with data from me:Hf298
In H: H copied from ../../librarymols.xml
In H: The default value of me:DOSCMethod was used.
In H: energy converted from computational to thermodynamic
In H2O: The default value of me:DOSCMethod was used.
In H2O: The default value of the attribute spinMultiplicity was used.
In H2O:  replacing vib freq 1595.00
In H2O: New me:ZPE element written with data from me:Hf0
In H2O: The default value of me:DistributionCalcMethod was used.
In H2O: --Parse data for Boltzmann
In H2O: The default value of me:energyTransferModel was used.
In H2O: --Parse data for ExponentialDown
In H2O: No value of me:deltaEDown was supplied and the default value NEEDS TO BE CHECKED**
In R1: --Parse data for MesmerILT
In R1: The default value of me:TInfinity was used.
In R1: No tunneling method used for R1
In R1: Not a unimolecular reaction: look for excess reactant concentration.
The default value of the attribute precision was used.
7600Torr, 560K at d precision with H2O
The default value of me:ForceMacroDetailedBalance was used.
Write metadata 20200306_012859

File: "H2OBend.xml" successfully parsed.
Main Calculation begins
Now calculating...

--Execute calcMethod simpleCalc
Grain size was invalid. Reset grain size to default: 100
Number of cells = 50900, Number of grains = 509
Number of grains produced is not equal to that requested for: H
Number of grains requested: 509
Number of grains produced : 1
Number of grains produced is not equal to that requested for: oh
Number of grains produced : 291
In FastLaplaceConvolution: 20 values in the FFT convolution routine were replaced by standard convolution
Number of grains produced : 294
 -- Total time elapsed: 1 seconds.


    Temperature  Concentration    Exp. Coeff.    Cal. Coeff.


System saved to mesmer_out.xml
Total time elapsed: 1 seconds.
