
            /|      /|                        \   
           / |     / | ________________________\  
          /  |    /  |  _   _             _   _   
         /   |   /   | / \ / \ |\     /| / \ / \  
        /    |  /    | \_/ \_  | \   / | \_/ |_/  
       /     | /     | /     \ |  \ /  | /   | \  
    \_/      |/      | \_/ \_/ |   V   | \_/ |  \ 

     Mesmer: Master Equation Solver for Multi-Energy well Reactions
     Mesmer v7.0 compiled: -- Mar 12 2023 -- 16:52:21

     Copyright (C) 2009-2022 by
     Struan H. Robertson, Chris Morley, Chi-Hsiu Liang,
     David R. Glowacki, Michael J. Pilling and contributors

     Mesmer is free software: you can redistribute it and/or modify
     it under the terms of the GNU Public License as published by
     the Free Software Foundation, either version 2 of the License,
     or (at your option) any later version.

     But WITHOUT ANY WARRANTY; without even the implied warranty of
     MERCHANTABILITY or FITNESS FOR A PARTICULAR PURPOSE.  See the
     GNU Public License for more details.

    You should have received a copy of the GNU Public License
    along with Mesmer.  If not, see <http://www.gnu.org/licenses/>.

                     Platform:        Linux
                     Execution Date:  Sun Mar 12 17:14:41 2023
                     Number of ranks: 12

defaults.xml, librarymols.xml are in ../..

Parsing input xml file...
ChebyshevCK.xml

--Parse data for analyticalRepresentation
Energy convention "" written to <moleculeList>
In R1: Parsing reaction...Association reaction
In CH3OCH2: WARNING: When calculating frequencies from a Hessian it is critical
     that the Hessian and species coordinates are expressed relative to
     the same Cartesian coordinate system.
In CH3OCH2: Vibrational frequencies (cm-1) were calculated from Hessian:
  169.672 287.888 439.421 568.322 1021.55 1155.2 1192.08 1282.47 1343.7 1471.44 
  1500.2 1508.72 1523.12 3088.04 3165.17 3197.22 3233.15 3356.85 
In CH3OCH2: The default value of me:DOSCMethod was used.
In CH3OCH2: Hindered rotor b5
In CH3OCH2: Hindered rotor b4
In CH3OCH2: WARNING: The Fourier expansion for the internal rotor potential for bond b4 of 
In CH3OCH2: species CH3OCH2, differs at the minimum from the value entered by more than 20 cm-1.
In CH3OCH2: More terms in the Fourier expansion may be needed.
In IM1: WARNING: When calculating frequencies from a Hessian it is critical
     that the Hessian and species coordinates are expressed relative to
     the same Cartesian coordinate system.
In IM1: Vibrational frequencies (cm-1) were calculated from Hessian:
  91.8598 128.883 187.165 391.187 483.297 594.928 938.428 1012.93 1151.6 1194.73 
  1218.54 1282.75 1305.74 1357.96 1435.01 1483.25 1499.22 1510.87 1516.91 3096.22 
  3126.84 3182.05 3236.78 3239.2 
In IM1: Hindered rotor b5
In IM1: Hindered rotor b4
In IM1: Hindered rotor b8
In IM1: The default value of me:DistributionCalcMethod was used.
In IM1: --Parse data for Boltzmann
In IM1: --Parse data for ExponentialDown
In R1: --Parse data for MesmerILT
In R1: No tunneling method used for R1
In R2: Parsing reaction...Isomerization reaction
In IM2: WARNING: When calculating frequencies from a Hessian it is critical
     that the Hessian and species coordinates are expressed relative to
     the same Cartesian coordinate system.
In IM2: Vibrational frequencies (cm-1) were calculated from Hessian:
  108.18 163.087 250.225 340.045 406.842 467.08 628.242 646.487 972.437 1023.15 
  1130.32 1157.25 1251.69 1298.98 1363.23 1436 1468.44 1480.03 1513.69 3124.8 
  3200.84 3231.89 3360.58 3889.55 
In IM2: Hindered rotor b1
In IM2: Hindered rotor b2
In IM2: Hindered rotor b3
In IM2: Hindered rotor b4
In IM2: The default value of me:DistributionCalcMethod was used.
In IM2: --Parse data for Boltzmann
In IM2: --Parse data for ExponentialDown
In R2: --Parse data for RRKM
In R2: --Parse data for Eckart
In R3: Parsing reaction...Irreversible unimolecular reaction
In TS5: WARNING: When calculating frequencies from a Hessian it is critical
     that the Hessian and species coordinates are expressed relative to
     the same Cartesian coordinate system.
In TS5: Vibrational frequencies (cm-1) were calculated from Hessian:
  78.8008 155.797 210.383 316.503 401.876 532.348 560.927 656.949 928.231 952.154 
  977.833 1200.77 1243.63 1249.83 1361.65 1485.15 1520.63 1587.51 3088.36 3195.55 
  3209.98 3361.1 3759.25 
In TS5: The default value of me:DOSCMethod was used.
In TS5: Hindered rotor b1
In TS5: Hindered rotor b2
In TS5: Hindered rotor b3
In R3: --Parse data for RRKM
In R3: No tunneling method used for R3
In R4: Parsing reaction...Irreversible unimolecular reaction
In R4: --Parse data for RRKM
In R4: No tunneling method used for R4
In R5: Parsing reaction...Irreversible unimolecular reaction
In R5: --Parse data for RRKM
In R5: No tunneling method used for R5
No pressure and temperature specified.
Write metadata 20230312_171441

File: "ChebyshevCK.xml" successfully parsed.
Main Calculation begins
Now calculating...

--Execute calcMethod analyticalRepresentation
In CH3OCH2: energy cannot be converted from arbitrary to thermodynamic298K
enthalpy of formation at 298K:Restricted thermo output for CH3OCH2 because it has arbitrary energy data.
In IM1: energy cannot be converted from arbitrary to thermodynamic298K
enthalpy of formation at 298K:Restricted thermo output for IM1 because it has arbitrary energy data.
In IM2: energy cannot be converted from arbitrary to thermodynamic298K
enthalpy of formation at 298K:Restricted thermo output for IM2 because it has arbitrary energy data.
In O2: To mix thermodynamic and computational energies the molecule needs chemical structure (an atomList at least)
In O2: Missing thermo data for atoms
In OH-1: To mix thermodynamic and computational energies the molecule needs chemical structure (an atomList at least)
In OH-1: Missing thermo data for atoms
In OH-2: enthalpy of formation at 298K:enthalpy of formation at 298K:Cannot find me:vibFreqs or me:hessian. Assuming an atom or a sink molecule.
In OH-2: No rotational constants from <me:rotConsts> or structure. Assuming an atom or a sink molecule.
In OH-2: The default value of me:DOSCMethod was used.
In OH-2: The default value of the attribute spinMultiplicity was used.
In OH-2: enthalpy of formation at 298K:Number of grains produced is not equal to that requested for: OH-2
In OH-2: Number of grains requested: 500
In OH-2: Number of grains produced : 1
In OH-2: To mix thermodynamic and computational energies the molecule needs chemical structure (an atomList at least)
In OH-2: Missing thermo data for atoms
Number of grains produced is not equal to that requested for: OH-2
Number of grains requested: 500
Number of grains produced : 1
In OH-3: Cannot find me:vibFreqs or me:hessian. Assuming an atom or a sink molecule.
In OH-3: No rotational constants from <me:rotConsts> or structure. Assuming an atom or a sink molecule.
In OH-3: The default value of me:DOSCMethod was used.
In OH-3: The default value of the attribute spinMultiplicity was used.
In OH-3: enthalpy of formation at 298K:Number of grains produced is not equal to that requested for: OH-3
In OH-3: Number of grains requested: 500
In OH-3: Number of grains produced : 1
In OH-3: To mix thermodynamic and computational energies the molecule needs chemical structure (an atomList at least)
In OH-3: Missing thermo data for atoms
Number of grains produced is not equal to that requested for: OH-3

Bath gas is He
In FastLaplaceConvolution: 4660 values in the FFT convolution routine were replaced by standard convolution
In FastLaplaceConvolution: 3860 values in the FFT convolution routine were replaced by standard convolution
In FastLaplaceConvolution: 10000 values in the FFT convolution routine were replaced by standard convolution

WARNING: Chemically significant eigenvalues (CSE) not well separated from internal energy relaxation eigenvals (IEREs).

The last CSE = -1.57367e+08 and the first IERE = -2.29538e+08
(last CSE)/(first IERE) ratio = 0.685582, which is less than an order of magnitude

Results obtained from Bartis Widom eigenvalue-vector analysis may be unreliable
WARNING: concentration of excess species is greater than bath gas concentration for reaction R1

CH3OCH2                 C   2H   5O   1     G   200.000  1000.000 1000.000    01
  5.4806843e+00 -1.3980872e-03  4.4122782e-05 -5.3270147e-08  2.0248982e-11    2
 -8.6124064e+01  2.1024890e+00  5.4806843e+00 -1.3980872e-03  4.4122782e-05    3
 -5.3270147e-08  2.0248982e-11 -8.6124064e+01  2.1024890e+00            nan    4

IM1                     C   2H   5O   3     G   200.000  1000.000 1000.000    01
  7.7033986e+00 -7.4542830e-03  8.4155752e-05 -1.0681794e-07  4.2671305e-11    2
 -1.2385283e+02 -2.9724642e+00  7.7033986e+00 -7.4542830e-03  8.4155752e-05    3
 -1.0681794e-07  4.2671305e-11 -1.2385283e+02 -2.9724642e+00            nan    4

IM2                     C   2H   5O   3     G   200.000  1000.000 1000.000    01
  6.4962237e+00  1.7498448e-02  2.0566637e-05 -4.3850717e-08  2.0206426e-11    2
 -1.8468782e+02 -4.4014510e-02  6.4962237e+00  1.7498448e-02  2.0566637e-05    3
 -4.3850717e-08  2.0206426e-11 -1.8468782e+02 -4.4014510e-02            nan    4

O2                                          G   200.000  1000.000 1000.000    01
  3.8068565e+00 -2.7938190e-03  7.9013121e-06 -6.8879156e-09  2.0599979e-12    2
 -1.0679849e+03  3.4638726e+00  3.8068565e+00 -2.7938190e-03  7.9013121e-06    3
 -6.8879156e-09  2.0599979e-12 -1.0679849e+03  3.4638726e+00  0.0000000e+00    4

OH-1                                        G   200.000  1000.000 1000.000    01
  3.4593186e+00  3.7692766e-04 -1.1899343e-06  1.4446299e-09 -4.6875646e-13    2
 -1.0402815e+03  1.6434898e+00  3.4593186e+00  3.7692766e-04 -1.1899343e-06    3
  1.4446299e-09 -4.6875646e-13 -1.0402815e+03  1.6434898e+00  0.0000000e+00    4

OH-2                                        G   200.000  1000.000 1000.000    01
  2.5000000e+00  4.4999257e-12 -1.2488820e-14  1.4455790e-17 -5.9479575e-21    2
 -7.4537500e+02  5.3644694e+00  2.5000000e+00  4.4999257e-12 -1.2488820e-14    3
  1.4455790e-17 -5.9479575e-21 -7.4537500e+02  5.3644694e+00  0.0000000e+00    4

OH-3                                        G   200.000  1000.000 1000.000    01
  2.5000000e+00  4.4999257e-12 -1.2488820e-14  1.4455790e-17 -5.9479575e-21    2
 -7.4537500e+02  5.3644694e+00  2.5000000e+00  4.4999257e-12 -1.2488820e-14    3
  1.4455790e-17 -5.9479575e-21 -7.4537500e+02  5.3644694e+00  0.0000000e+00    4

REACTIONS MOLES

CH3OCH2 + O2 => IM1 (+M)  1.00  0.0  0.0
! Data generated by MESMER 7.0 on Sun Mar 12 17:18:44 2023
    TCHEB/            200          1000/
    PCHEB/          0.001            10/
    CHEB/     6     4/
    CHEB/       11.0716       2.10783     -0.744076      0.143514/
    CHEB/      -1.43776      0.929381      0.150715     -0.226886/
    CHEB/     -0.452303     0.0825621      0.156745     0.0119129/
    CHEB/     -0.214035      0.083523     -0.133649      0.242737/
    CHEB/    -0.0037922    -0.0981398    -0.0481124      0.148073/
    CHEB/     0.0605426     -0.131482   0.000155897     0.0769531/

CH3OCH2 + O2 => IM2 (+M)  1.00  0.0  0.0
! Data generated by MESMER 7.0 on Sun Mar 12 17:18:44 2023
    TCHEB/            200          1000/
    PCHEB/          0.001            10/
    CHEB/     6     4/
    CHEB/        10.043       1.17008      -0.48682     -0.136944/
    CHEB/      -1.06356      0.965226       0.16549    -0.0236228/
    CHEB/     -0.517877      0.271441     0.0867293    -0.0443357/
    CHEB/      -0.21849     0.0160935      0.100637    -0.0355177/
    CHEB/     -0.094966    -0.0203943     0.0459074       0.01752/
    CHEB/    -0.0484363   -0.00190487   0.000948693     0.0235065/

CH3OCH2 + O2 => OH-1 (+M)  1.00  0.0  0.0
! Data generated by MESMER 7.0 on Sun Mar 12 17:18:44 2023
    TCHEB/            200          1000/
    PCHEB/          0.001            10/
    CHEB/     6     4/
    CHEB/       11.7668      -1.08952     -0.391621    -0.0272097/
    CHEB/      0.150285       0.99626       0.27454    -0.0289649/
    CHEB/     -0.158996      0.109406     0.0901477     0.0226273/
    CHEB/     -0.105441    -0.0257609    0.00874764     0.0127687/
    CHEB/    -0.0439004    -0.0222314   -0.00634684     0.0042871/
    CHEB/    -0.0146557   -0.00984732   -0.00524691   0.000531099/

CH3OCH2 + O2 => OH-2 (+M)  1.00  0.0  0.0
! Data generated by MESMER 7.0 on Sun Mar 12 17:18:44 2023
    TCHEB/            200          1000/
    PCHEB/          0.001            10/
    CHEB/     6     4/
    CHEB/       6.48571     -0.910771     -0.314986    -0.0322997/
    CHEB/       1.36002       0.92387      0.262205   -0.00307003/
    CHEB/   -0.00901904     0.0405162     0.0628067     0.0229913/
    CHEB/    -0.0525103    -0.0423964   -0.00419569    0.00980719/
    CHEB/    -0.0207471    -0.0216958    -0.0102226    0.00095848/
    CHEB/   -0.00479818   -0.00676989    -0.0054592   -0.00202446/

CH3OCH2 + O2 => OH-3 (+M)  1.00  0.0  0.0
! Data generated by MESMER 7.0 on Sun Mar 12 17:18:44 2023
    TCHEB/            200          1000/
    PCHEB/          0.001            10/
    CHEB/     6     4/
    CHEB/       5.79702     -0.869991     -0.311406    -0.0348899/
    CHEB/       1.50965      0.883204      0.262812   0.000418521/
    CHEB/    -0.0185091     0.0396309     0.0598364     0.0231325/
    CHEB/    -0.0510461    -0.0412557   -0.00497731    0.00945957/
    CHEB/    -0.0201058    -0.0212895    -0.0102586   0.000608145/
    CHEB/   -0.00464215   -0.00650772   -0.00531045   -0.00216044/

IM1 => CH3OCH2 + O2 (+M)  1.00  0.0  0.0
! Data generated by MESMER 7.0 on Sun Mar 12 17:18:44 2023
    TCHEB/            200          1000/
    PCHEB/          0.001            10/
    CHEB/     6     4/
    CHEB/      -9.19694       2.10783     -0.744076      0.143514/
    CHEB/        13.805      0.929381      0.150715     -0.226886/
    CHEB/     -0.508456     0.0825621      0.156745     0.0119129/
    CHEB/     -0.243265      0.083523     -0.133649      0.242737/
    CHEB/    -0.0149336    -0.0981398    -0.0481124      0.148073/
    CHEB/     0.0571919     -0.131482   0.000155897     0.0769531/

IM1 => IM2 (+M)  1.00  0.0  0.0
! Data generated by MESMER 7.0 on Sun Mar 12 17:18:44 2023
    TCHEB/            200          1000/
    PCHEB/          0.001            10/
    CHEB/     6     4/
    CHEB/   -0.00294925       0.64351     -0.135716   0.000481046/
    CHEB/       4.88292      0.934962     -0.137236    -0.0292065/
    CHEB/     0.0170821      0.326095     0.0520214    -0.0496354/
    CHEB/     -0.090411    -0.0102686      0.087213    -0.0133804/
    CHEB/    -0.0532103    -0.0504449     0.0217073     0.0284072/
    CHEB/    -0.0215521      -0.01607    -0.0134987     0.0236762/

IM1 => OH-1 (+M)  1.00  0.0  0.0
! Data generated by MESMER 7.0 on Sun Mar 12 17:18:44 2023
    TCHEB/            200          1000/
    PCHEB/          0.001            10/
    CHEB/     6     4/
    CHEB/      -5.19032    -0.0212661     -0.358708    -0.0138437/
    CHEB/       11.2955       1.13801      0.103008    -0.0264489/
    CHEB/      -0.43308      0.216986       0.11589    -0.0216213/
    CHEB/      -0.25443     0.0140606     0.0102578     0.0202219/
    CHEB/     -0.125232     0.0452602     -0.058565      0.045135/
    CHEB/    -0.0302063    0.00397587   -0.00597553   -0.00812923/

IM1 => OH-2 (+M)  1.00  0.0  0.0
! Data generated by MESMER 7.0 on Sun Mar 12 17:18:44 2023
    TCHEB/            200          1000/
    PCHEB/          0.001            10/
    CHEB/     6     4/
    CHEB/      -14.3268       2.33295     -0.731754     0.0188416/
    CHEB/       14.1215      0.912982      0.144392      0.048714/
    CHEB/     -0.370067     -0.169138      0.436458     -0.112677/
    CHEB/     -0.279415      -0.01713     -0.265007      0.411817/
    CHEB/      0.039518     -0.149647     0.0457817     0.0766849/
    CHEB/    -0.0493311     0.0746478     -0.219639      0.273689/

IM1 => OH-3 (+M)  1.00  0.0  0.0
! Data generated by MESMER 7.0 on Sun Mar 12 17:18:44 2023
    TCHEB/            200          1000/
    PCHEB/          0.001            10/
    CHEB/     6     4/
    CHEB/      -15.2245       2.49804     -0.704755    -0.0585153/
    CHEB/       14.3268      0.776988      0.280709    -0.0361896/
    CHEB/     -0.297154     -0.208223      0.394479    -0.0770788/
    CHEB/     -0.339463     0.0456381     -0.315287      0.517305/
    CHEB/      0.105574     -0.224474   -0.00811598      0.142776/
    CHEB/     0.0310582    -0.0487648     -0.125885      0.275672/

IM2 => CH3OCH2 + O2 (+M)  1.00  0.0  0.0
! Data generated by MESMER 7.0 on Sun Mar 12 17:18:44 2023
    TCHEB/            200          1000/
    PCHEB/          0.001            10/
    CHEB/     6     4/
    CHEB/      -4.11805       1.17008      -0.48682     -0.136944/
    CHEB/       9.55027      0.965226       0.16549    -0.0236228/
    CHEB/     -0.691754      0.271441     0.0867293    -0.0443357/
    CHEB/     -0.272398     0.0160935      0.100637    -0.0355177/
    CHEB/     -0.109862    -0.0203943     0.0459074       0.01752/
    CHEB/     -0.052095   -0.00190487   0.000948693     0.0235065/

IM2 => IM1 (+M)  1.00  0.0  0.0
! Data generated by MESMER 7.0 on Sun Mar 12 17:18:44 2023
    TCHEB/            200          1000/
    PCHEB/          0.001            10/
    CHEB/     6     4/
    CHEB/       6.10449       0.64351     -0.135716   0.000481046/
    CHEB/      0.253993      0.934962     -0.137236    -0.0292065/
    CHEB/     -0.100642      0.326095     0.0520214    -0.0496354/
    CHEB/      -0.11509    -0.0102686      0.087213    -0.0133804/
    CHEB/    -0.0569649    -0.0504449     0.0217073     0.0284072/
    CHEB/      -0.02186      -0.01607    -0.0134987     0.0236762/

IM2 => OH-1 (+M)  1.00  0.0  0.0
! Data generated by MESMER 7.0 on Sun Mar 12 17:18:44 2023
    TCHEB/            200          1000/
    PCHEB/          0.001            10/
    CHEB/     6     4/
    CHEB/      0.732489        1.0303       0.08522     -0.209753/
    CHEB/       6.68849      0.129371     0.0286866      0.259413/
    CHEB/     -0.586502      0.387985     -0.317132      0.125242/
    CHEB/     -0.259838     0.0881383   -0.00421065     -0.145177/
    CHEB/    -0.0621136    -0.0575167      0.110907    -0.0994858/
    CHEB/    -0.0216608     -0.011303     0.0256285     0.0491688/

IM2 => OH-2 (+M)  1.00  0.0  0.0
! Data generated by MESMER 7.0 on Sun Mar 12 17:18:44 2023
    TCHEB/            200          1000/
    PCHEB/          0.001            10/
    CHEB/     6     4/
    CHEB/      -8.68809       2.86637     -0.154185      -0.17692/
    CHEB/       9.74423     0.0632849     0.0734571    -0.0438806/
    CHEB/     -0.672942     0.0787926     -0.119083    -0.0985875/
    CHEB/     -0.242535     0.0813679    0.00864218     -0.151528/
    CHEB/    -0.0707619     0.0446285     0.0321257    -0.0278145/
    CHEB/    -0.0167717     0.0239428   -0.00297096     0.0759235/

IM2 => OH-3 (+M)  1.00  0.0  0.0
! Data generated by MESMER 7.0 on Sun Mar 12 17:18:44 2023
    TCHEB/            200          1000/
    PCHEB/          0.001            10/
    CHEB/     6     4/
    CHEB/      -9.60767       2.92997     -0.089923     -0.228972/
    CHEB/       10.0138   6.69391e-05     0.0782077    -0.0390388/
    CHEB/     -0.645856     0.0147084     -0.089825     -0.100639/
    CHEB/     -0.236104     0.0912259    -0.0239444     -0.105029/
    CHEB/    -0.0802248     0.0685409    0.00772996   0.000598608/
    CHEB/    -0.0150356     0.0137267     0.0174319      0.056951/


 -- Total time elapsed: 243 seconds.

System saved to mesmer_out.xml
Total time elapsed: 243 seconds.
