
            /|      /|                        \   
           / |     / | ________________________\  
          /  |    /  |  _   _             _   _   
         /   |   /   | / \ / \ |\     /| / \ / \  
        /    |  /    | \_/ \_  | \   / | \_/ |_/  
       /     | /     | /     \ |  \ /  | /   | \  
    \_/      |/      | \_/ \_/ |   V   | \_/ |  \ 

     Mesmer: Master Equation Solver for Multi-Energy well Reactions
     Mesmer v7.0 compiled: -- Mar  8 2023 -- 23:38:21

     Copyright (C) 2009-2022 by
     Struan H. Robertson, Chris Morley, Chi-Hsiu Liang,
     David R. Glowacki, Michael J. Pilling and contributors

     Mesmer is free software: you can redistribute it and/or modify
     it under the terms of the GNU Public License as published by
     the Free Software Foundation, either version 2 of the License,
     or (at your option) any later version.

     But WITHOUT ANY WARRANTY; without even the implied warranty of
     MERCHANTABILITY or FITNESS FOR A PARTICULAR PURPOSE.  See the
     GNU Public License for more details.

    You should have received a copy of the GNU Public License
    along with Mesmer.  If not, see <http://www.gnu.org/licenses/>.

                     Platform:        Linux
                     Execution Date:  Wed Mar  8 23:48:55 2023
                     Number of ranks: 12

defaults.xml, librarymols.xml are in ../..

Parsing input xml file...
Methyl_H_to_Methane.xml

--Parse data for fitting
The default value of me:fittingTolerance was used.
Energy convention "" written to <moleculeList>
In R1: Parsing reaction...Association reaction
In H: The default value of me:DOSCMethod was used.
In H: The default value of the attribute spinMultiplicity was used.
In Methane: The default value of me:DistributionCalcMethod was used.
In Methane: --Parse data for Boltzmann
In Methane: --Parse data for ExponentialDown
In R1: --Parse data for MesmerILT
In R1: R1:preExponential was given a range with 41 steps 
In R1: R1:nInfinity was given a range with 81 steps 
In R1: No tunneling method used for R1
In R1: No value of me:excessReactantConc was supplied and the default value NEEDS TO BE CHECKED**
25.1Torr, 301K at dd precision with He
Excess Reactant Conc. for reaction R1 = 2.25e+16 particles per cc
50.8Torr, 301K at dd precision with He
Excess Reactant Conc. for reaction R1 = 2.25e+16 particles per cc
101.3Torr, 301K at dd precision with He
Excess Reactant Conc. for reaction R1 = 2.25e+16 particles per cc
152.4Torr, 301K at dd precision with He
Excess Reactant Conc. for reaction R1 = 2.25e+16 particles per cc
205.5Torr, 301K at dd precision with He
Excess Reactant Conc. for reaction R1 = 2.25e+16 particles per cc
255.8Torr, 301K at dd precision with He
Excess Reactant Conc. for reaction R1 = 2.25e+16 particles per cc
306.5Torr, 301K at dd precision with He
Excess Reactant Conc. for reaction R1 = 2.25e+16 particles per cc
356.5Torr, 301K at dd precision with He
Excess Reactant Conc. for reaction R1 = 2.25e+16 particles per cc
408.3Torr, 301K at dd precision with He
Excess Reactant Conc. for reaction R1 = 2.25e+16 particles per cc
509.5Torr, 301K at dd precision with He
Excess Reactant Conc. for reaction R1 = 2.25e+16 particles per cc
25.2Torr, 401K at dd precision with He
Excess Reactant Conc. for reaction R1 = 2.25e+16 particles per cc
50.2Torr, 401K at dd precision with He
Excess Reactant Conc. for reaction R1 = 2.25e+16 particles per cc
100.2Torr, 401K at dd precision with He
Excess Reactant Conc. for reaction R1 = 2.25e+16 particles per cc
152.9Torr, 401K at dd precision with He
Excess Reactant Conc. for reaction R1 = 2.25e+16 particles per cc
200.2Torr, 401K at dd precision with He
Excess Reactant Conc. for reaction R1 = 2.25e+16 particles per cc
254.2Torr, 401K at dd precision with He
Excess Reactant Conc. for reaction R1 = 2.25e+16 particles per cc
350Torr, 401K at dd precision with He
Excess Reactant Conc. for reaction R1 = 2.25e+16 particles per cc
455.9Torr, 401K at dd precision with He
Excess Reactant Conc. for reaction R1 = 2.25e+16 particles per cc
508.5Torr, 401K at dd precision with He
Excess Reactant Conc. for reaction R1 = 2.25e+16 particles per cc
610.5Torr, 401K at dd precision with He
Excess Reactant Conc. for reaction R1 = 2.25e+16 particles per cc
25.2Torr, 504K at dd precision with He
Excess Reactant Conc. for reaction R1 = 2.25e+16 particles per cc
50.2Torr, 504K at dd precision with He
Excess Reactant Conc. for reaction R1 = 2.25e+16 particles per cc
100.5Torr, 504K at dd precision with He
Excess Reactant Conc. for reaction R1 = 2.25e+16 particles per cc
153.5Torr, 504K at dd precision with He
Excess Reactant Conc. for reaction R1 = 2.25e+16 particles per cc
200.8Torr, 504K at dd precision with He
Excess Reactant Conc. for reaction R1 = 2.25e+16 particles per cc
255.8Torr, 504K at dd precision with He
Excess Reactant Conc. for reaction R1 = 2.25e+16 particles per cc
356.8Torr, 504K at dd precision with He
Excess Reactant Conc. for reaction R1 = 2.25e+16 particles per cc
400.2Torr, 504K at dd precision with He
Excess Reactant Conc. for reaction R1 = 2.25e+16 particles per cc
509Torr, 504K at dd precision with He
Excess Reactant Conc. for reaction R1 = 2.25e+16 particles per cc
611.7Torr, 504K at dd precision with He
Excess Reactant Conc. for reaction R1 = 2.25e+16 particles per cc
105.3Torr, 601K at dd precision with He
Excess Reactant Conc. for reaction R1 = 2.25e+16 particles per cc
208.5Torr, 601K at dd precision with He
Excess Reactant Conc. for reaction R1 = 2.25e+16 particles per cc
304.5Torr, 601K at dd precision with He
Excess Reactant Conc. for reaction R1 = 2.25e+16 particles per cc
411Torr, 601K at dd precision with He
Excess Reactant Conc. for reaction R1 = 2.25e+16 particles per cc
515Torr, 601K at dd precision with He
Excess Reactant Conc. for reaction R1 = 2.25e+16 particles per cc
614.5Torr, 601K at dd precision with He
Excess Reactant Conc. for reaction R1 = 2.25e+16 particles per cc
711Torr, 601K at dd precision with He
Excess Reactant Conc. for reaction R1 = 2.25e+16 particles per cc
The default value of me:ForceMacroDetailedBalance was used.
Write metadata 20230308_234855

File: "Methyl_H_to_Methane.xml" successfully parsed.
Main Calculation begins
Now calculating...

--Execute calcMethod fitting
Number of grains produced is not equal to that requested for: H
Number of grains requested: 250
Number of grains produced : 1
In FastLaplaceConvolution: 120 values in the FFT convolution routine were replaced by standard convolution

Chi^2 = 5.88246e-20
R1:preExponential=3e-10  R1:nInfinity=0.8  
Iteration: 1 of fitting. chiSquare = 5.88246e-20
Direction sweep:0 of fitting. chiSquare = 5.88246e-20

Begin line search
    6.56197e-20    5.88246e-20    4.86115e-20
In FastLaplaceConvolution: 100 values in the FFT convolution routine were replaced by standard convolution
    5.88246e-20    4.86115e-20    3.43301e-20
    4.86115e-20    3.43301e-20    1.81047e-20
    3.43301e-20    1.81047e-20    1.60625e-20
Failed bounds check.

Bound check failed in bracket search.

Chi^2 = 1.81047e-20
R1:preExponential=1.46738e-10  R1:nInfinity=0.8  
Direction sweep:1 of fitting. chiSquare = 1.81047e-20

Begin line search
    1.81047e-20    1.61344e-20    1.62517e-20
    1.81047e-20    1.61344e-20    1.61789e-20    1.62517e-20
    1.81047e-20    1.61065e-20    1.61344e-20    1.61789e-20

Chi^2 = 1.61065e-20
R1:preExponential=1.46738e-10  R1:nInfinity=0.80618  

Begin line search
Failed bounds check.

Chi^2 = 1.61065e-20
R1:preExponential=1.46738e-10  R1:nInfinity=0.80618  
Iteration: 2 of fitting. chiSquare = 1.61065e-20
Direction sweep:0 of fitting. chiSquare = 1.61065e-20

Begin line search
    1.61789e-20    1.61065e-20    1.59921e-20
    1.61065e-20    1.59921e-20    1.58152e-20
    1.59921e-20    1.58152e-20     1.5545e-20
In FastLaplaceConvolution: 80 values in the FFT convolution routine were replaced by standard convolution
    1.58152e-20     1.5545e-20    1.51541e-20
     1.5545e-20    1.51541e-20    1.46435e-20
Failed bounds check.

Bound check failed in bracket search.

Chi^2 = 1.51541e-20
R1:preExponential=1.46738e-10  R1:nInfinity=0.542016  
Direction sweep:1 of fitting. chiSquare = 1.51541e-20

Begin line search
Failed bounds check.

Chi^2 = 1.51541e-20
R1:preExponential=1.46738e-10  R1:nInfinity=0.542016  

Begin line search
Failed bounds check.

Chi^2 = 1.51541e-20
R1:preExponential=1.46738e-10  R1:nInfinity=0.542016  

Direction Matrix Reset.
Iteration: 3 of fitting. chiSquare = 1.51541e-20
Direction sweep:0 of fitting. chiSquare = 1.51541e-20

Begin line search
    1.51541e-20    1.31497e-20    1.28183e-20
    1.31497e-20    1.28183e-20    1.70871e-20
    1.31497e-20    1.28183e-20    1.37907e-20    1.70871e-20
    1.31497e-20    1.26559e-20    1.28183e-20    1.37907e-20

Chi^2 = 1.26559e-20
R1:preExponential=1.66738e-10  R1:nInfinity=0.542016  
Direction sweep:1 of fitting. chiSquare = 1.26559e-20

Begin line search
    1.26559e-20     1.2647e-20    1.26356e-20
     1.2647e-20    1.26356e-20    1.26248e-20
    1.26356e-20    1.26248e-20    1.26273e-20
    1.26356e-20    1.26248e-20    1.26228e-20    1.26273e-20
    1.26248e-20    1.26228e-20    1.26234e-20    1.26273e-20

Chi^2 = 1.26228e-20
R1:preExponential=1.66738e-10  R1:nInfinity=0.610557  

Begin line search
Failed bounds check.

Chi^2 = 1.26228e-20
R1:preExponential=1.66738e-10  R1:nInfinity=0.610557  
Iteration: 4 of fitting. chiSquare = 1.26228e-20
Direction sweep:0 of fitting. chiSquare = 1.26228e-20

Begin line search
    1.26234e-20    1.26228e-20    1.26248e-20
    1.26234e-20    1.26228e-20    1.26231e-20    1.26248e-20
    1.26234e-20    1.26229e-20    1.26228e-20    1.26231e-20

Chi^2 = 1.26228e-20
R1:preExponential=1.66738e-10  R1:nInfinity=0.610557  
Direction sweep:1 of fitting. chiSquare = 1.26228e-20

Begin line search
Failed bounds check.

Chi^2 = 1.26228e-20
R1:preExponential=1.66738e-10  R1:nInfinity=0.610557  

Begin line search
Failed bounds check.

Chi^2 = 1.26228e-20
R1:preExponential=1.66738e-10  R1:nInfinity=0.610557  

Direction Matrix Reset.
Iteration: 5 of fitting. chiSquare = 1.26228e-20
Direction sweep:0 of fitting. chiSquare = 1.26228e-20

Begin line search
     1.2851e-20    1.26228e-20    1.41924e-20
     1.2851e-20    1.26228e-20    1.29278e-20    1.41924e-20
     1.2851e-20    1.26073e-20    1.26228e-20    1.29278e-20

Chi^2 = 1.26073e-20
R1:preExponential=1.70557e-10  R1:nInfinity=0.610557  
Direction sweep:1 of fitting. chiSquare = 1.26073e-20

Begin line search
    1.26073e-20    1.25971e-20    1.25835e-20
    1.25971e-20    1.25835e-20    1.25694e-20
    1.25835e-20    1.25694e-20    1.25671e-20
    1.25694e-20    1.25671e-20    1.26173e-20
    1.25694e-20    1.25671e-20    1.25784e-20    1.26173e-20
    1.25694e-20     1.2565e-20    1.25671e-20    1.25784e-20

Chi^2 = 1.2565e-20
R1:preExponential=1.70557e-10  R1:nInfinity=0.689098  

Begin line search
Failed bounds check.

Chi^2 = 1.2565e-20
R1:preExponential=1.70557e-10  R1:nInfinity=0.689098  
Number of cells = 50000, Number of grains = 204
 -- Total time elapsed: 108 seconds.


    Temperature  Concentration    Exp. Coeff.    Cal. Coeff.

            301    8.05242e+17       1.26e-11    5.10993e-11
            301    1.62973e+18       3.52e-11    6.95366e-11
            301    3.24984e+18       6.36e-11    8.96338e-11
            301     4.8892e+18       9.37e-11    1.01888e-10
            301    6.59272e+18       1.05e-10    1.10772e-10
            301    8.20641e+18       1.34e-10    1.17139e-10
            301    9.83294e+18        1.4e-10    1.22266e-10
            301     1.1437e+19        1.4e-10    1.26436e-10
            301    1.30988e+19       1.61e-10    1.30079e-10
            301    1.63455e+19       1.82e-10     1.3579e-10
            401    6.06842e+17       2.35e-11    3.14076e-11
            401    1.20887e+18       2.52e-11    4.57487e-11
            401    2.41292e+18       4.44e-11    6.39364e-11
            401    3.68199e+18       6.06e-11     7.6764e-11
            401    4.82102e+18       7.56e-11    8.54991e-11
            401     6.1214e+18          9e-11    9.35207e-11
            401    8.42836e+18       1.01e-10    1.04554e-10
            401    1.09785e+19       1.21e-10    1.13806e-10
            401    1.22452e+19       1.31e-10    1.17634e-10
            401    1.47015e+19       1.44e-10     1.2402e-10
            504    4.82825e+17       1.14e-11    1.91008e-11
            504    9.61817e+17       1.66e-11    2.93565e-11
            504    1.92555e+18       3.44e-11    4.35967e-11
            504    2.94101e+18       4.68e-11    5.44125e-11
            504    3.84727e+18       5.31e-11     6.2119e-11
            504    4.90105e+18       5.78e-11    6.96102e-11
            504    6.83618e+18       6.82e-11    8.06974e-11
            504    7.66771e+18       7.75e-11    8.47167e-11
            504    9.75229e+18       8.32e-11    9.34243e-11
            504      1.172e+19       9.69e-11     1.0031e-10
            601    1.69189e+18       2.11e-11    3.08515e-11
            601    3.35005e+18       3.35e-11    4.56712e-11
            601    4.89251e+18       3.78e-11    5.58471e-11
            601    6.60369e+18        4.5e-11    6.49254e-11
            601     8.2747e+18       4.84e-11     7.2337e-11
            601     9.8734e+18       5.75e-11    7.84779e-11
            601    1.14239e+19       6.18e-11    8.37621e-11


Chi^2 = 1.2565e-20

Best fit parameters:

R1:preExponential = 1.70557e-10 +/- 1.53566e-11
R1:nInfinity = 0.689098 +/- 0.389697

Correlation coefficients:

R1:nInfinity , R1:preExponential = 0.806503

No independent experimenal error estimates available, therefore Chi^2 test not applicable.

Number of degrees of Freedom = 35
Error Factor = 1.89473e-11

System saved to out.xml
Total time elapsed: 108 seconds.
