
            /|      /|                        \   
           / |     / | ________________________\  
          /  |    /  |  _   _             _   _   
         /   |   /   | / \ / \ |\     /| / \ / \  
        /    |  /    | \_/ \_  | \   / | \_/ |_/  
       /     | /     | /     \ |  \ /  | /   | \  
    \_/      |/      | \_/ \_/ |   V   | \_/ |  \ 

     Mesmer: Master Equation Solver for Multi-Energy well Reactions
     Mesmer v7.0 compiled: -- Mar  8 2023 -- 23:38:21

     Copyright (C) 2009-2022 by
     Struan H. Robertson, Chris Morley, Chi-Hsiu Liang,
     David R. Glowacki, Michael J. Pilling and contributors

     Mesmer is free software: you can redistribute it and/or modify
     it under the terms of the GNU Public License as published by
     the Free Software Foundation, either version 2 of the License,
     or (at your option) any later version.

     But WITHOUT ANY WARRANTY; without even the implied warranty of
     MERCHANTABILITY or FITNESS FOR A PARTICULAR PURPOSE.  See the
     GNU Public License for more details.

    You should have received a copy of the GNU Public License
    along with Mesmer.  If not, see <http://www.gnu.org/licenses/>.

                     Platform:        Linux
                     Execution Date:  Thu Mar  9 01:03:24 2023
                     Number of ranks: 12

defaults.xml, librarymols.xml are in ../..

Parsing input xml file...
InternalRotor.xml

--Parse data for ThermodynamicTable
In Ethane: WARNING: When calculating frequencies from a Hessian it is critical
     that the Hessian and species coordinates are expressed relative to
     the same Cartesian coordinate system.
In Ethane: Vibrational frequencies (cm-1) were calculated from Hessian:
  379.124 780.191 829.566 1042.64 1207.45 1223.85 1398.41 1434.3 1499.18 1499.84 
  1531.49 1538.26 3014.18 3015.97 3108.85 3120.76 3137.57 3145.73 
In Ethane: Rotational constants were calculated from atom coordinates: 0.683097 0.683627 2.68752 cm-1
In Ethane: Hindered rotor b1
In propyl benzene: WARNING: When calculating frequencies from a Hessian it is critical
     that the Hessian and species coordinates are expressed relative to
     the same Cartesian coordinate system.
In propyl benzene: Vibrational frequencies (cm-1) were calculated from Hessian:
  44.5616 86.3437 144.336 255.66 262.553 367.189 400.77 416.76 502.513 578.817 
  635.213 723.959 758.195 773.825 837.092 874.678 884.874 905.213 945.974 995.023 
  1013.28 1023.25 1055.12 1067.12 1075.35 1108.48 1127.93 1177.08 1204.47 1238.11 
  1239.49 1291.5 1327.86 1354.08 1370.45 1375.83 1416.18 1487.23 1490.87 1498.71 
  1502.97 1507.96 1542.97 1658.3 1679.82 3056.06 3059.6 3059.98 3094.05 3105.94 
  3128.67 3140.56 3186.11 3190.55 3205.88 3214.77 3227.35 
In 2-hexyl: WARNING: When calculating frequencies from a Hessian it is critical
     that the Hessian and species coordinates are expressed relative to
     the same Cartesian coordinate system.
In 2-hexyl: Vibrational frequencies (cm-1) were calculated from Hessian:
  49.8194 90.052 112.763 123.124 181.043 247.837 292.141 385.042 428.901 480.85 
  732.258 789.229 903.705 910.777 920.179 990.65 1009.9 1029.84 1078.82 1121.75 
  1162.21 1183.44 1245.78 1272.59 1315.28 1330.11 1348.56 1387.41 1392.69 1412.45 
  1417.45 1471.85 1482.38 1487.67 1489.85 1498.34 1500.86 1510.71 2997.7 3019.38 
  3040.59 3051.65 3058.94 3068.14 3072.57 3082.87 3099.1 3124.37 3127.91 3133.86 
  3196.37 
In 2-hexyl: The default value of me:DOSCMethod was used.
In 2-hexyl: Hindered rotor b3
In 2-hexyl: Hindered rotor b8
In 2-hexyl: Hindered rotor b11
In 2-hexyl: Hindered rotor b13
In 2-hexyl: Hindered rotor b15
In C6H9O6: WARNING: When calculating frequencies from a Hessian it is critical
     that the Hessian and species coordinates are expressed relative to
     the same Cartesian coordinate system.
In C6H9O6: Vibrational frequencies (cm-1) were calculated from Hessian:
  41.6481 49.1104 80.539 96.1569 133.412 146.131 186.202 188.49 233.174 265.443 
  306.269 340.302 384.365 427.002 452.877 466.03 523.004 561.68 607.025 684.629 
  806.461 827.149 856.399 916.594 946.036 986.663 1026.29 1060.51 1085.89 1097.22 
  1122.29 1143.93 1220.06 1226.64 1254.3 1304.95 1318.3 1351.14 1396.36 1403.64 
  1413.04 1418.84 1462.02 1463.58 1484.63 1494.33 1848.09 1907.88 2954.27 3042.63 
  3056.78 3060.02 3071.14 3112.91 3119.56 3124.23 3711.48 
In ThermodynamicTable. Own default: Cell size 1 cm-1
In ThermodynamicTable. Own default: Number of cells 100000
In ThermodynamicTable. Own default: The default value of me:grainSize was used.
Energy convention "arbitrary" written to <moleculeList>
No conditions specified
Write metadata 20230309_010324

File: "InternalRotor.xml" successfully parsed.
Main Calculation begins
Now calculating...
In FastLaplaceConvolution: 1900 values in the FFT convolution routine were replaced by standard convolution
Number of grains produced is not equal to that requested for: C6H9O6
Number of grains requested: 1000
Number of grains produced : 988
8
Ethane-orig_coords
         C      -0.749302    1.10297e-06    0.000206326
         C       0.749311   -3.01425e-05   -0.000169206
         H       -1.15451       0.992866       0.232148
         H       -1.15611      -0.699269       0.738858
         H        -1.1524      -0.293173      -0.975379
         H         1.1559       0.699898      -0.738353
         H        1.15453      -0.992589      -0.233258
         H        1.15249       0.292612       0.975543
8
Ethane-origin_at_at1
         C              0              0              0
         C        1.49861   -3.12454e-05   -0.000375532
         H      -0.405212       0.992865       0.231942
         H      -0.406808       -0.69927       0.738651
         H      -0.403097      -0.293174      -0.975585
         H         1.9052       0.699897      -0.738559
         H        1.90383       -0.99259      -0.233465
         H        1.90179       0.292611       0.975336
8
Ethane-at2_inXZ
         C              0              0              0
         C        1.49861    6.77626e-21   -0.000375532
         H      -0.405232       0.992856       0.231942
         H      -0.406793      -0.699278       0.738651
         H      -0.403091      -0.293182      -0.975585
         H        1.90518       0.699937      -0.738559
         H        1.90385      -0.992551      -0.233465
         H        1.90179       0.292651       0.975336
8
Ethane-z_axis=at1-at2
         C              0              0              0
         C   -5.42101e-20    6.77626e-21       -1.49861
         H        0.23184       0.992856        0.40529
         H       0.738549      -0.699278       0.406978
         H      -0.975686      -0.293182       0.402846
         H      -0.738082       0.699937       -1.90537
         H      -0.232988      -0.992551       -1.90391
         H       0.975813       0.292651       -1.90154
8
Ethane-rotate_fragment_1
         C              0              0              0
         C   -5.42101e-20    6.77626e-21       -1.49861
         H       0.400726       0.937514        0.40529
         H       0.605901      -0.816903       0.406978
         H       -1.01177      -0.119302       0.402846
         H      -0.738082       0.699937       -1.90537
         H      -0.232988      -0.992551       -1.90391
         H       0.975813       0.292651       -1.90154
8
Ethane-rotate_fragment_2
         C              0              0              0
         C   -5.42101e-20    6.77626e-21       -1.49861
         H       0.557435       0.853686        0.40529
         H       0.454842      -0.909706       0.406978
         H       -1.01712      0.0582031       0.402846
         H      -0.738082       0.699937       -1.90537
         H      -0.232988      -0.992551       -1.90391
         H       0.975813       0.292651       -1.90154
8
Ethane-rotate_fragment_3
         C              0              0              0
         C   -5.42101e-20    6.77626e-21       -1.49861
         H       0.697208       0.743919        0.40529
         H       0.289963      -0.974868       0.406978
         H       -0.99156        0.23394       0.402846
         H      -0.738082       0.699937       -1.90537
         H      -0.232988      -0.992551       -1.90391
         H       0.975813       0.292651       -1.90154
8
Ethane-rotate_fragment_4
         C              0              0              0
         C   -5.42101e-20    6.77626e-21       -1.49861
         H       0.815796       0.611548        0.40529
         H       0.116274       -1.01041       0.406978
         H      -0.935873       0.402568       0.402846
         H      -0.738082       0.699937       -1.90537
         H      -0.232988      -0.992551       -1.90391
         H       0.975813       0.292651       -1.90154
8
Ethane-rotate_fragment_5
         C              0              0              0
         C   -5.42101e-20    6.77626e-21       -1.49861
         H       0.909596       0.460596        0.40529
         H     -0.0609479       -1.01525       0.406978
         H       -0.85175       0.558965       0.402846
         H      -0.738082       0.699937       -1.90537
         H      -0.232988      -0.992551       -1.90391
         H       0.975813       0.292651       -1.90154
8
Ethane-rotate_fragment_6
         C              0              0              0
         C   -5.42101e-20    6.77626e-21       -1.49861
         H       0.975759       0.295649        0.40529
         H      -0.236318      -0.989242       0.406978
         H      -0.741747       0.698378       0.402846
         H      -0.738082       0.699937       -1.90537
         H      -0.232988      -0.992551       -1.90391
         H       0.975813       0.292651       -1.90154
8
Ethane-rotate_fragment_7
         C              0              0              0
         C   -5.42101e-20    6.77626e-21       -1.49861
         H        1.01227       0.121718        0.40529
         H      -0.404508      -0.933177       0.406978
         H      -0.609206       0.816571       0.402846
         H      -0.738082       0.699937       -1.90537
         H      -0.232988      -0.992551       -1.90391
         H       0.975813       0.292651       -1.90154
8
Ethane-rotate_fragment_8
         C              0              0              0
         C   -5.42101e-20    6.77626e-21       -1.49861
         H        1.01803     -0.0559104        0.40529
         H      -0.560407      -0.848758       0.406978
         H      -0.458154       0.909953       0.402846
         H      -0.738082       0.699937       -1.90537
         H      -0.232988      -0.992551       -1.90391
         H       0.975813       0.292651       -1.90154
8
Ethane-rotate_fragment_9
         C              0              0              0
         C   -5.42101e-20    6.77626e-21       -1.49861
         H       0.992856       -0.23184        0.40529
         H      -0.699278      -0.738549       0.406978
         H      -0.293182       0.975686       0.402846
         H      -0.738082       0.699937       -1.90537
         H      -0.232988      -0.992551       -1.90391
         H       0.975813       0.292651       -1.90154
8
Ethane-rotate_fragment_10
         C              0              0              0
         C   -5.42101e-20    6.77626e-21       -1.49861
         H       0.937514      -0.400726        0.40529
         H      -0.816903      -0.605901       0.406978
         H      -0.119302        1.01177       0.402846
         H      -0.738082       0.699937       -1.90537
         H      -0.232988      -0.992551       -1.90391
         H       0.975813       0.292651       -1.90154
8
Ethane-rotate_fragment_11
         C              0              0              0
         C   -5.42101e-20    6.77626e-21       -1.49861
         H       0.853686      -0.557435        0.40529
         H      -0.909706      -0.454842       0.406978
         H      0.0582031        1.01712       0.402846
         H      -0.738082       0.699937       -1.90537
         H      -0.232988      -0.992551       -1.90391
         H       0.975813       0.292651       -1.90154
8
Ethane-rotate_fragment_12
         C              0              0              0
         C   -5.42101e-20    6.77626e-21       -1.49861
         H       0.743919      -0.697208        0.40529
         H      -0.974868      -0.289963       0.406978
         H        0.23394        0.99156       0.402846
         H      -0.738082       0.699937       -1.90537
         H      -0.232988      -0.992551       -1.90391
         H       0.975813       0.292651       -1.90154
8
Ethane-rotate_fragment_13
         C              0              0              0
         C   -5.42101e-20    6.77626e-21       -1.49861
         H       0.611548      -0.815796        0.40529
         H       -1.01041      -0.116274       0.406978
         H       0.402568       0.935873       0.402846
         H      -0.738082       0.699937       -1.90537
         H      -0.232988      -0.992551       -1.90391
         H       0.975813       0.292651       -1.90154
8
Ethane-rotate_fragment_14
         C              0              0              0
         C   -5.42101e-20    6.77626e-21       -1.49861
         H       0.460596      -0.909596        0.40529
         H       -1.01525      0.0609479       0.406978
         H       0.558965        0.85175       0.402846
         H      -0.738082       0.699937       -1.90537
         H      -0.232988      -0.992551       -1.90391
         H       0.975813       0.292651       -1.90154
8
Ethane-rotate_fragment_15
         C              0              0              0
         C   -5.42101e-20    6.77626e-21       -1.49861
         H       0.295649      -0.975759        0.40529
         H      -0.989242       0.236318       0.406978
         H       0.698378       0.741747       0.402846
         H      -0.738082       0.699937       -1.90537
         H      -0.232988      -0.992551       -1.90391
         H       0.975813       0.292651       -1.90154
8
Ethane-rotate_fragment_16
         C              0              0              0
         C   -5.42101e-20    6.77626e-21       -1.49861
         H       0.121718       -1.01227        0.40529
         H      -0.933177       0.404508       0.406978
         H       0.816571       0.609206       0.402846
         H      -0.738082       0.699937       -1.90537
         H      -0.232988      -0.992551       -1.90391
         H       0.975813       0.292651       -1.90154
8
Ethane-rotate_fragment_17
         C              0              0              0
         C   -5.42101e-20    6.77626e-21       -1.49861
         H     -0.0559104       -1.01803        0.40529
         H      -0.848758       0.560407       0.406978
         H       0.909953       0.458154       0.402846
         H      -0.738082       0.699937       -1.90537
         H      -0.232988      -0.992551       -1.90391
         H       0.975813       0.292651       -1.90154
8
Ethane-rotate_fragment_18
         C              0              0              0
         C   -5.42101e-20    6.77626e-21       -1.49861
         H       -0.23184      -0.992856        0.40529
         H      -0.738549       0.699278       0.406978
         H       0.975686       0.293182       0.402846
         H      -0.738082       0.699937       -1.90537
         H      -0.232988      -0.992551       -1.90391
         H       0.975813       0.292651       -1.90154
8
Ethane-rotate_fragment_19
         C              0              0              0
         C   -5.42101e-20    6.77626e-21       -1.49861
         H      -0.400726      -0.937514        0.40529
         H      -0.605901       0.816903       0.406978
         H        1.01177       0.119302       0.402846
         H      -0.738082       0.699937       -1.90537
         H      -0.232988      -0.992551       -1.90391
         H       0.975813       0.292651       -1.90154
8
Ethane-rotate_fragment_20
         C              0              0              0
         C   -5.42101e-20    6.77626e-21       -1.49861
         H      -0.557435      -0.853686        0.40529
         H      -0.454842       0.909706       0.406978
         H        1.01712     -0.0582031       0.402846
         H      -0.738082       0.699937       -1.90537
         H      -0.232988      -0.992551       -1.90391
         H       0.975813       0.292651       -1.90154
8
Ethane-rotate_fragment_21
         C              0              0              0
         C   -5.42101e-20    6.77626e-21       -1.49861
         H      -0.697208      -0.743919        0.40529
         H      -0.289963       0.974868       0.406978
         H        0.99156       -0.23394       0.402846
         H      -0.738082       0.699937       -1.90537
         H      -0.232988      -0.992551       -1.90391
         H       0.975813       0.292651       -1.90154
8
Ethane-rotate_fragment_22
         C              0              0              0
         C   -5.42101e-20    6.77626e-21       -1.49861
         H      -0.815796      -0.611548        0.40529
         H      -0.116274        1.01041       0.406978
         H       0.935873      -0.402568       0.402846
         H      -0.738082       0.699937       -1.90537
         H      -0.232988      -0.992551       -1.90391
         H       0.975813       0.292651       -1.90154
8
Ethane-rotate_fragment_23
         C              0              0              0
         C   -5.42101e-20    6.77626e-21       -1.49861
         H      -0.909596      -0.460596        0.40529
         H      0.0609479        1.01525       0.406978
         H        0.85175      -0.558965       0.402846
         H      -0.738082       0.699937       -1.90537
         H      -0.232988      -0.992551       -1.90391
         H       0.975813       0.292651       -1.90154
8
Ethane-rotate_fragment_24
         C              0              0              0
         C   -5.42101e-20    6.77626e-21       -1.49861
         H      -0.975759      -0.295649        0.40529
         H       0.236318       0.989242       0.406978
         H       0.741747      -0.698378       0.402846
         H      -0.738082       0.699937       -1.90537
         H      -0.232988      -0.992551       -1.90391
         H       0.975813       0.292651       -1.90154
8
Ethane-rotate_fragment_25
         C              0              0              0
         C   -5.42101e-20    6.77626e-21       -1.49861
         H       -1.01227      -0.121718        0.40529
         H       0.404508       0.933177       0.406978
         H       0.609206      -0.816571       0.402846
         H      -0.738082       0.699937       -1.90537
         H      -0.232988      -0.992551       -1.90391
         H       0.975813       0.292651       -1.90154
8
Ethane-rotate_fragment_26
         C              0              0              0
         C   -5.42101e-20    6.77626e-21       -1.49861
         H       -1.01803      0.0559104        0.40529
         H       0.560407       0.848758       0.406978
         H       0.458154      -0.909953       0.402846
         H      -0.738082       0.699937       -1.90537
         H      -0.232988      -0.992551       -1.90391
         H       0.975813       0.292651       -1.90154
8
Ethane-rotate_fragment_27
         C              0              0              0
         C   -5.42101e-20    6.77626e-21       -1.49861
         H      -0.992856        0.23184        0.40529
         H       0.699278       0.738549       0.406978
         H       0.293182      -0.975686       0.402846
         H      -0.738082       0.699937       -1.90537
         H      -0.232988      -0.992551       -1.90391
         H       0.975813       0.292651       -1.90154
8
Ethane-rotate_fragment_28
         C              0              0              0
         C   -5.42101e-20    6.77626e-21       -1.49861
         H      -0.937514       0.400726        0.40529
         H       0.816903       0.605901       0.406978
         H       0.119302       -1.01177       0.402846
         H      -0.738082       0.699937       -1.90537
         H      -0.232988      -0.992551       -1.90391
         H       0.975813       0.292651       -1.90154
8
Ethane-rotate_fragment_29
         C              0              0              0
         C   -5.42101e-20    6.77626e-21       -1.49861
         H      -0.853686       0.557435        0.40529
         H       0.909706       0.454842       0.406978
         H     -0.0582031       -1.01712       0.402846
         H      -0.738082       0.699937       -1.90537
         H      -0.232988      -0.992551       -1.90391
         H       0.975813       0.292651       -1.90154
8
Ethane-rotate_fragment_30
         C              0              0              0
         C   -5.42101e-20    6.77626e-21       -1.49861
         H      -0.743919       0.697208        0.40529
         H       0.974868       0.289963       0.406978
         H       -0.23394       -0.99156       0.402846
         H      -0.738082       0.699937       -1.90537
         H      -0.232988      -0.992551       -1.90391
         H       0.975813       0.292651       -1.90154
8
Ethane-rotate_fragment_31
         C              0              0              0
         C   -5.42101e-20    6.77626e-21       -1.49861
         H      -0.611548       0.815796        0.40529
         H        1.01041       0.116274       0.406978
         H      -0.402568      -0.935873       0.402846
         H      -0.738082       0.699937       -1.90537
         H      -0.232988      -0.992551       -1.90391
         H       0.975813       0.292651       -1.90154
8
Ethane-rotate_fragment_32
         C              0              0              0
         C   -5.42101e-20    6.77626e-21       -1.49861
         H      -0.460596       0.909596        0.40529
         H        1.01525     -0.0609479       0.406978
         H      -0.558965       -0.85175       0.402846
         H      -0.738082       0.699937       -1.90537
         H      -0.232988      -0.992551       -1.90391
         H       0.975813       0.292651       -1.90154
8
Ethane-rotate_fragment_33
         C              0              0              0
         C   -5.42101e-20    6.77626e-21       -1.49861
         H      -0.295649       0.975759        0.40529
         H       0.989242      -0.236318       0.406978
         H      -0.698378      -0.741747       0.402846
         H      -0.738082       0.699937       -1.90537
         H      -0.232988      -0.992551       -1.90391
         H       0.975813       0.292651       -1.90154
8
Ethane-rotate_fragment_34
         C              0              0              0
         C   -5.42101e-20    6.77626e-21       -1.49861
         H      -0.121718        1.01227        0.40529
         H       0.933177      -0.404508       0.406978
         H      -0.816571      -0.609206       0.402846
         H      -0.738082       0.699937       -1.90537
         H      -0.232988      -0.992551       -1.90391
         H       0.975813       0.292651       -1.90154
8
Ethane-rotate_fragment_35
         C              0              0              0
         C   -5.42101e-20    6.77626e-21       -1.49861
         H      0.0559104        1.01803        0.40529
         H       0.848758      -0.560407       0.406978
         H      -0.909953      -0.458154       0.402846
         H      -0.738082       0.699937       -1.90537
         H      -0.232988      -0.992551       -1.90391
         H       0.975813       0.292651       -1.90154
8
Ethane-orig_coords
         C      -0.749302    1.10297e-06    0.000206326
         C       0.749311   -3.01425e-05   -0.000169206
         H       -1.15451       0.992866       0.232148
         H       -1.15611      -0.699269       0.738858
         H        -1.1524      -0.293173      -0.975379
         H         1.1559       0.699898      -0.738353
         H        1.15453      -0.992589      -0.233258
         H        1.15249       0.292612       0.975543
In FastLaplaceConvolution: 40 values in the FFT convolution routine were replaced by standard convolution
 -- Total time elapsed: 177 seconds.

System saved to mesmer_out.xml
Total time elapsed: 177 seconds.
