
            /|      /|                        \   
           / |     / | ________________________\  
          /  |    /  |  _   _             _   _   
         /   |   /   | / \ / \ |\     /| / \ / \  
        /    |  /    | \_/ \_  | \   / | \_/ |_/  
       /     | /     | /     \ |  \ /  | /   | \  
    \_/      |/      | \_/ \_/ |   V   | \_/ |  \ 

     Mesmer: Master Equation Solver for Multi-Energy well Reactions
     Mesmer v5.2 compiled: -- Dec  6 2018 -- 21:24:20

     Copyright (C) 2009-2018 by
     Struan H. Robertson, Chris Morley, Chi-Hsiu Liang,
     David R. Glowacki, Michael J. Pilling and contributors

     Mesmer is free software: you can redistribute it and/or modify
     it under the terms of the GNU Public License as published by
     the Free Software Foundation, either version 2 of the License,
     or (at your option) any later version.

     But WITHOUT ANY WARRANTY; without even the implied warranty of
     MERCHANTABILITY or FITNESS FOR A PARTICULAR PURPOSE.  See the
     GNU Public License for more details.

    You should have received a copy of the GNU Public License
    along with Mesmer.  If not, see <http://www.gnu.org/licenses/>.

                     Platform:        Linux
                     Execution Date:  Thu Dec  6 22:18:51 2018
                     Number of ranks: 12

defaults.xml, librarymols.xml are in ../..

Parsing input xml file...
pentyl_isomerization_SA.xml

--Parse data for SensitivityAnalysis
Energy convention "" written to <moleculeList>
In R1: Parsing reaction...Isomerization reaction
In 1-pentyl: The default value of me:DOSCMethod was used.
In 1-pentyl: The default value of me:DistributionCalcMethod was used.
In 1-pentyl: --Parse data for Boltzmann
In 1-pentyl: --Parse data for ExponentialDown
In 1-pentyl: 1-pentyl:deltaEDown was given a range with 41 steps 
In 2-pentyl: The default value of me:DOSCMethod was used.
In 2-pentyl: The default value of me:DistributionCalcMethod was used.
In 2-pentyl: --Parse data for Boltzmann
In 2-pentyl: --Parse data for ExponentialDown
In 1-pentyl=TS=2-pentyl: No imaginary vibrational frequency. Check if there is tunneling.
The default value of me:DOSCMethod was used.
In 1-pentyl=TS=2-pentyl: 1-pentyl=TS=2-pentyl:ZPE was given a range with 21 steps 
In R1: --Parse data for RRKM
In R1: No tunneling method used for R1
The default value of the attribute precision was used.
1e+08PPCC, 500K at d precision with Ar
The default value of me:ForceMacroDetailedBalance was used.
Write metadata 20181206_221851

File: "pentyl_isomerization_SA.xml" successfully parsed.
Main Calculation begins
Now calculating...

--Execute calcMethod SensitivityAnalysis
 -- Total time elapsed: 5 seconds.

System saved to mesmer_out.xml
Total time elapsed: 5 seconds.
