
            /|      /|                        \   
           / |     / | ________________________\  
          /  |    /  |  _   _             _   _   
         /   |   /   | / \ / \ |\     /| / \ / \  
        /    |  /    | \_/ \_  | \   / | \_/ |_/  
       /     | /     | /     \ |  \ /  | /   | \  
    \_/      |/      | \_/ \_/ |   V   | \_/ |  \ 

     Mesmer: Master Equation Solver for Multi-Energy well Reactions
     Mesmer v6.0 compiled: -- Mar  5 2020 -- 23:15:47

     Copyright (C) 2009-2020 by
     Struan H. Robertson, Chris Morley, Chi-Hsiu Liang,
     David R. Glowacki, Michael J. Pilling and contributors

     Mesmer is free software: you can redistribute it and/or modify
     it under the terms of the GNU Public License as published by
     the Free Software Foundation, either version 2 of the License,
     or (at your option) any later version.

     But WITHOUT ANY WARRANTY; without even the implied warranty of
     MERCHANTABILITY or FITNESS FOR A PARTICULAR PURPOSE.  See the
     GNU Public License for more details.

    You should have received a copy of the GNU Public License
    along with Mesmer.  If not, see <http://www.gnu.org/licenses/>.

                     Platform:        Linux
                     Execution Date:  Fri Mar  6 00:35:57 2020
                     Number of ranks: 12

defaults.xml, librarymols.xml are in ../..

Parsing input xml file...
ipropyl_SA.xml

--Parse data for SensitivityAnalysis
Energy convention "" written to <moleculeList>
In R1: Parsing reaction...Irreversible unimolecular reaction
In i-propyl: Hindered rotor b1
In i-propyl: Hindered rotor b2
In i-propyl: --Parse data for Boltzmann
In i-propyl: --Parse data for ExponentialDown
In i-propyl: i-propyl:deltaEDown was given a range with 3 steps 
In i-propyl: i-propyl:deltaEDownTExponent was given a range with 401 steps 
In R1: --Parse data for MesmerILT
In propene: Hindered rotor b1
In propene: propene:ZPE was given a range with 401 steps 
In R1: No tunneling method used for R1
3e+17PPCC, 720K at d precision with He
3e+16PPCC, 880K at d precision with He
The default value of me:ForceMacroDetailedBalance was used.
Write metadata 20200306_003557

File: "ipropyl_SA.xml" successfully parsed.
Main Calculation begins
Now calculating...

--Execute calcMethod SensitivityAnalysis
Number of grains produced is not equal to that requested for: H
Number of grains requested: 239
Number of grains produced : 1
In FastLaplaceConvolution: 5920 values in the FFT convolution routine were replaced by standard convolution
Number of grains requested: 240
Number of grains requested: 238
In i-propyl: Delta E down is smaller than grain size: the solution may not converge.
Number of grains requested: 237
Number of grains requested: 241
Number of grains requested: 261
Number of grains requested: 260
Number of grains requested: 263
Number of grains requested: 259
Number of grains requested: 262
 -- Total time elapsed: 8 seconds.

System saved to mesmer_out.xml
Total time elapsed: 8 seconds.
